<?xml version="1.0" encoding="UTF-8"?>
<coverage generated="1775918851070" clover="3.2.0">
  <project timestamp="1775918851070" name="All files">
    <metrics statements="1433" coveredstatements="1429" conditionals="557" coveredconditionals="541" methods="87" coveredmethods="87" elements="2077" coveredelements="2057" complexity="0" loc="1433" ncloc="1433" packages="9" files="30" classes="30"/>
    <package name="core.src">
      <metrics statements="1" coveredstatements="1" conditionals="0" coveredconditionals="0" methods="0" coveredmethods="0"/>
      <file name="index.ts" path="/Users/USER/bin-me/catseye/packages/core/src/index.ts">
        <metrics statements="1" coveredstatements="1" conditionals="0" coveredconditionals="0" methods="0" coveredmethods="0"/>
        <line num="1" count="1" type="stmt"/>
      </file>
    </package>
    <package name="core.src.engine">
      <metrics statements="173" coveredstatements="173" conditionals="88" coveredconditionals="86" methods="6" coveredmethods="6"/>
      <file name="evaluate.ts" path="/Users/USER/bin-me/catseye/packages/core/src/engine/evaluate.ts">
        <metrics statements="85" coveredstatements="85" conditionals="54" coveredconditionals="52" methods="2" coveredmethods="2"/>
        <line num="1" count="1" type="stmt"/>
        <line num="24" count="1" type="cond" truecount="1" falsecount="0"/>
        <line num="25" count="500" type="stmt"/>
        <line num="26" count="500" type="cond" truecount="1" falsecount="0"/>
        <line num="27" count="96" type="stmt"/>
        <line num="28" count="96" type="stmt"/>
        <line num="29" count="96" type="cond" truecount="1" falsecount="0"/>
        <line num="30" count="167" type="stmt"/>
        <line num="31" count="167" type="cond" truecount="3" falsecount="0"/>
        <line num="32" count="110" type="stmt"/>
        <line num="33" count="167" type="cond" truecount="1" falsecount="0"/>
        <line num="34" count="167" type="cond" truecount="1" falsecount="0"/>
        <line num="35" count="39" type="stmt"/>
        <line num="36" count="39" type="stmt"/>
        <line num="38" count="500" type="cond" truecount="1" falsecount="0"/>
        <line num="39" count="11" type="cond" truecount="1" falsecount="0"/>
        <line num="40" count="17" type="stmt"/>
        <line num="41" count="17" type="cond" truecount="1" falsecount="0"/>
        <line num="42" count="17" type="cond" truecount="1" falsecount="0"/>
        <line num="43" count="5" type="stmt"/>
        <line num="44" count="5" type="stmt"/>
        <line num="46" count="500" type="cond" truecount="1" falsecount="0"/>
        <line num="47" count="8" type="stmt"/>
        <line num="48" count="8" type="cond" truecount="2" falsecount="0"/>
        <line num="49" count="8" type="stmt"/>
        <line num="51" count="500" type="cond" truecount="1" falsecount="0"/>
        <line num="52" count="14" type="stmt"/>
        <line num="53" count="14" type="cond" truecount="2" falsecount="0"/>
        <line num="54" count="8" type="stmt"/>
        <line num="55" count="14" type="cond" truecount="1" falsecount="0"/>
        <line num="56" count="4" type="stmt"/>
        <line num="57" count="4" type="stmt"/>
        <line num="59" count="500" type="cond" truecount="1" falsecount="0"/>
        <line num="60" count="371" type="stmt"/>
        <line num="61" count="500" type="stmt"/>
        <line num="62" count="500" type="stmt"/>
        <line num="64" count="371" type="cond" truecount="1" falsecount="0"/>
        <line num="65" count="371" type="stmt"/>
        <line num="66" count="371" type="cond" truecount="1" falsecount="0"/>
        <line num="67" count="172" type="stmt"/>
        <line num="68" count="172" type="cond" truecount="2" falsecount="0"/>
        <line num="69" count="172" type="stmt"/>
        <line num="70" count="371" type="cond" truecount="1" falsecount="0"/>
        <line num="71" count="140" type="stmt"/>
        <line num="72" count="140" type="cond" truecount="2" falsecount="0"/>
        <line num="73" count="140" type="stmt"/>
        <line num="74" count="371" type="cond" truecount="1" falsecount="0"/>
        <line num="75" count="9" type="stmt"/>
        <line num="76" count="9" type="cond" truecount="2" falsecount="0"/>
        <line num="77" count="9" type="stmt"/>
        <line num="78" count="371" type="cond" truecount="1" falsecount="0"/>
        <line num="79" count="10" type="stmt"/>
        <line num="80" count="10" type="cond" truecount="2" falsecount="0"/>
        <line num="81" count="10" type="stmt"/>
        <line num="82" count="371" type="cond" truecount="1" falsecount="0"/>
        <line num="83" count="8" type="stmt"/>
        <line num="84" count="8" type="cond" truecount="2" falsecount="0"/>
        <line num="85" count="8" type="stmt"/>
        <line num="86" count="371" type="cond" truecount="1" falsecount="0"/>
        <line num="87" count="6" type="stmt"/>
        <line num="88" count="6" type="cond" truecount="2" falsecount="0"/>
        <line num="89" count="6" type="cond" truecount="0" falsecount="1"/>
        <line num="90" count="6" type="stmt"/>
        <line num="91" count="371" type="cond" truecount="1" falsecount="0"/>
        <line num="92" count="9" type="stmt"/>
        <line num="93" count="9" type="cond" truecount="2" falsecount="0"/>
        <line num="94" count="9" type="stmt"/>
        <line num="95" count="371" type="cond" truecount="1" falsecount="0"/>
        <line num="96" count="4" type="stmt"/>
        <line num="97" count="4" type="cond" truecount="2" falsecount="0"/>
        <line num="98" count="4" type="stmt"/>
        <line num="99" count="371" type="cond" truecount="1" falsecount="0"/>
        <line num="100" count="1" type="stmt"/>
        <line num="101" count="1" type="cond" truecount="0" falsecount="1"/>
        <line num="102" count="1" type="stmt"/>
        <line num="103" count="371" type="cond" truecount="1" falsecount="0"/>
        <line num="104" count="10" type="stmt"/>
        <line num="105" count="10" type="cond" truecount="2" falsecount="0"/>
        <line num="106" count="10" type="stmt"/>
        <line num="107" count="371" type="cond" truecount="1" falsecount="0"/>
        <line num="108" count="2" type="stmt"/>
        <line num="109" count="2" type="cond" truecount="2" falsecount="0"/>
        <line num="110" count="2" type="stmt"/>
        <line num="111" count="371" type="stmt"/>
        <line num="112" count="371" type="stmt"/>
      </file>
      <file name="result.ts" path="/Users/USER/bin-me/catseye/packages/core/src/engine/result.ts">
        <metrics statements="88" coveredstatements="88" conditionals="34" coveredconditionals="34" methods="4" coveredmethods="4"/>
        <line num="1" count="1" type="stmt"/>
        <line num="13" count="50" type="cond" truecount="1" falsecount="0"/>
        <line num="14" count="50" type="stmt"/>
        <line num="15" count="50" type="stmt"/>
        <line num="16" count="50" type="stmt"/>
        <line num="17" count="50" type="stmt"/>
        <line num="18" count="50" type="cond" truecount="1" falsecount="0"/>
        <line num="19" count="1" type="cond" truecount="1" falsecount="0"/>
        <line num="20" count="1" type="stmt"/>
        <line num="21" count="1" type="cond" truecount="1" falsecount="0"/>
        <line num="23" count="49" type="stmt"/>
        <line num="24" count="49" type="stmt"/>
        <line num="27" count="49" type="stmt"/>
        <line num="28" count="49" type="stmt"/>
        <line num="29" count="50" type="cond" truecount="1" falsecount="0"/>
        <line num="30" count="6" type="stmt"/>
        <line num="31" count="6" type="cond" truecount="1" falsecount="0"/>
        <line num="34" count="49" type="cond" truecount="1" falsecount="0"/>
        <line num="35" count="260" type="stmt"/>
        <line num="36" count="260" type="cond" truecount="2" falsecount="0"/>
        <line num="37" count="49" type="stmt"/>
        <line num="39" count="49" type="stmt"/>
        <line num="40" count="49" type="stmt"/>
        <line num="42" count="50" type="cond" truecount="1" falsecount="0"/>
        <line num="43" count="260" type="stmt"/>
        <line num="44" count="260" type="cond" truecount="1" falsecount="0"/>
        <line num="45" count="128" type="stmt"/>
        <line num="46" count="128" type="stmt"/>
        <line num="47" count="128" type="stmt"/>
        <line num="48" count="128" type="stmt"/>
        <line num="49" count="128" type="stmt"/>
        <line num="50" count="128" type="stmt"/>
        <line num="51" count="128" type="cond" truecount="2" falsecount="0"/>
        <line num="52" count="3" type="stmt"/>
        <line num="53" count="3" type="stmt"/>
        <line num="54" count="128" type="stmt"/>
        <line num="55" count="260" type="cond" truecount="1" falsecount="0"/>
        <line num="58" count="49" type="stmt"/>
        <line num="59" count="49" type="cond" truecount="1" falsecount="0"/>
        <line num="60" count="128" type="stmt"/>
        <line num="61" count="128" type="cond" truecount="3" falsecount="0"/>
        <line num="62" count="1" type="stmt"/>
        <line num="63" count="1" type="stmt"/>
        <line num="64" count="1" type="stmt"/>
        <line num="65" count="1" type="stmt"/>
        <line num="66" count="1" type="stmt"/>
        <line num="67" count="1" type="stmt"/>
        <line num="68" count="128" type="stmt"/>
        <line num="70" count="49" type="stmt"/>
        <line num="72" count="49" type="stmt"/>
        <line num="73" count="49" type="stmt"/>
        <line num="75" count="49" type="cond" truecount="1" falsecount="0"/>
        <line num="76" count="49" type="stmt"/>
        <line num="77" count="49" type="stmt"/>
        <line num="78" count="49" type="stmt"/>
        <line num="79" count="49" type="stmt"/>
        <line num="80" count="49" type="cond" truecount="1" falsecount="0"/>
        <line num="81" count="49" type="cond" truecount="1" falsecount="0"/>
        <line num="82" count="49" type="stmt"/>
        <line num="83" count="49" type="stmt"/>
        <line num="84" count="49" type="stmt"/>
        <line num="85" count="49" type="stmt"/>
        <line num="86" count="49" type="stmt"/>
        <line num="87" count="49" type="stmt"/>
        <line num="88" count="49" type="stmt"/>
        <line num="89" count="49" type="stmt"/>
        <line num="91" count="49" type="cond" truecount="1" falsecount="0"/>
        <line num="92" count="49" type="stmt"/>
        <line num="93" count="49" type="stmt"/>
        <line num="95" count="87" type="cond" truecount="1" falsecount="0"/>
        <line num="96" count="87" type="stmt"/>
        <line num="97" count="87" type="cond" truecount="1" falsecount="0"/>
        <line num="98" count="87" type="cond" truecount="1" falsecount="0"/>
        <line num="99" count="87" type="cond" truecount="1" falsecount="0"/>
        <line num="100" count="87" type="cond" truecount="1" falsecount="0"/>
        <line num="101" count="87" type="cond" truecount="1" falsecount="0"/>
        <line num="102" count="6" type="stmt"/>
        <line num="103" count="87" type="cond" truecount="1" falsecount="0"/>
        <line num="104" count="87" type="cond" truecount="1" falsecount="0"/>
        <line num="105" count="17" type="stmt"/>
        <line num="106" count="87" type="cond" truecount="1" falsecount="0"/>
        <line num="107" count="2" type="stmt"/>
        <line num="108" count="87" type="cond" truecount="1" falsecount="0"/>
        <line num="109" count="2" type="cond" truecount="1" falsecount="0"/>
        <line num="110" count="87" type="cond" truecount="1" falsecount="0"/>
        <line num="111" count="60" type="stmt"/>
        <line num="112" count="87" type="stmt"/>
        <line num="113" count="87" type="stmt"/>
      </file>
    </package>
    <package name="core.src.engine.predicates">
      <metrics statements="143" coveredstatements="143" conditionals="76" coveredconditionals="75" methods="12" coveredmethods="12"/>
      <file name="age.ts" path="/Users/USER/bin-me/catseye/packages/core/src/engine/predicates/age.ts">
        <metrics statements="27" coveredstatements="27" conditionals="11" coveredconditionals="11" methods="3" coveredmethods="3"/>
        <line num="4" count="14" type="cond" truecount="1" falsecount="0"/>
        <line num="5" count="14" type="stmt"/>
        <line num="6" count="14" type="stmt"/>
        <line num="7" count="14" type="stmt"/>
        <line num="8" count="14" type="stmt"/>
        <line num="9" count="14" type="stmt"/>
        <line num="10" count="14" type="stmt"/>
        <line num="11" count="14" type="stmt"/>
        <line num="12" count="14" type="stmt"/>
        <line num="14" count="1" type="cond" truecount="1" falsecount="0"/>
        <line num="15" count="10" type="cond" truecount="2" falsecount="0"/>
        <line num="16" count="10" type="stmt"/>
        <line num="17" count="10" type="stmt"/>
        <line num="19" count="10" type="cond" truecount="2" falsecount="0"/>
        <line num="20" count="4" type="stmt"/>
        <line num="21" count="4" type="cond" truecount="1" falsecount="0"/>
        <line num="22" count="6" type="stmt"/>
        <line num="23" count="6" type="stmt"/>
        <line num="25" count="1" type="cond" truecount="1" falsecount="0"/>
        <line num="26" count="4" type="cond" truecount="2" falsecount="0"/>
        <line num="27" count="4" type="stmt"/>
        <line num="28" count="4" type="stmt"/>
        <line num="30" count="4" type="cond" truecount="1" falsecount="0"/>
        <line num="31" count="2" type="stmt"/>
        <line num="32" count="2" type="stmt"/>
        <line num="33" count="2" type="stmt"/>
        <line num="34" count="2" type="stmt"/>
      </file>
      <file name="authored-by.ts" path="/Users/USER/bin-me/catseye/packages/core/src/engine/predicates/authored-by.ts">
        <metrics statements="12" coveredstatements="12" conditionals="14" coveredconditionals="13" methods="1" coveredmethods="1"/>
        <line num="4" count="1" type="cond" truecount="1" falsecount="0"/>
        <line num="5" count="15" type="stmt"/>
        <line num="6" count="15" type="cond" truecount="3" falsecount="0"/>
        <line num="8" count="9" type="stmt"/>
        <line num="9" count="15" type="cond" truecount="2" falsecount="0"/>
        <line num="10" count="15" type="cond" truecount="2" falsecount="0"/>
        <line num="12" count="15" type="cond" truecount="3" falsecount="0"/>
        <line num="13" count="4" type="cond" truecount="1" falsecount="1"/>
        <line num="14" count="4" type="stmt"/>
        <line num="15" count="4" type="cond" truecount="1" falsecount="0"/>
        <line num="16" count="5" type="stmt"/>
        <line num="17" count="5" type="stmt"/>
      </file>
      <file name="commit-message.ts" path="/Users/USER/bin-me/catseye/packages/core/src/engine/predicates/commit-message.ts">
        <metrics statements="8" coveredstatements="8" conditionals="5" coveredconditionals="5" methods="1" coveredmethods="1"/>
        <line num="4" count="1" type="cond" truecount="1" falsecount="0"/>
        <line num="5" count="6" type="cond" truecount="1" falsecount="0"/>
        <line num="6" count="6" type="cond" truecount="2" falsecount="0"/>
        <line num="8" count="6" type="cond" truecount="1" falsecount="0"/>
        <line num="9" count="2" type="stmt"/>
        <line num="10" count="2" type="stmt"/>
        <line num="11" count="2" type="stmt"/>
        <line num="12" count="2" type="stmt"/>
      </file>
      <file name="diff.ts" path="/Users/USER/bin-me/catseye/packages/core/src/engine/predicates/diff.ts">
        <metrics statements="14" coveredstatements="14" conditionals="11" coveredconditionals="11" methods="1" coveredmethods="1"/>
        <line num="4" count="1" type="cond" truecount="1" falsecount="0"/>
        <line num="5" count="15" type="stmt"/>
        <line num="6" count="15" type="cond" truecount="3" falsecount="0"/>
        <line num="9" count="14" type="cond" truecount="1" falsecount="0"/>
        <line num="10" count="11" type="cond" truecount="2" falsecount="0"/>
        <line num="11" count="3" type="stmt"/>
        <line num="12" count="3" type="cond" truecount="1" falsecount="0"/>
        <line num="13" count="8" type="stmt"/>
        <line num="14" count="8" type="cond" truecount="2" falsecount="0"/>
        <line num="19" count="5" type="cond" truecount="1" falsecount="0"/>
        <line num="20" count="1" type="stmt"/>
        <line num="21" count="1" type="stmt"/>
        <line num="22" count="1" type="stmt"/>
        <line num="23" count="1" type="stmt"/>
      </file>
      <file name="ext.ts" path="/Users/USER/bin-me/catseye/packages/core/src/engine/predicates/ext.ts">
        <metrics statements="6" coveredstatements="6" conditionals="4" coveredconditionals="4" methods="1" coveredmethods="1"/>
        <line num="4" count="1" type="cond" truecount="1" falsecount="0"/>
        <line num="5" count="175" type="cond" truecount="2" falsecount="0"/>
        <line num="6" count="127" type="stmt"/>
        <line num="7" count="127" type="cond" truecount="1" falsecount="0"/>
        <line num="8" count="48" type="stmt"/>
        <line num="9" count="48" type="stmt"/>
      </file>
      <file name="file.ts" path="/Users/USER/bin-me/catseye/packages/core/src/engine/predicates/file.ts">
        <metrics statements="9" coveredstatements="9" conditionals="4" coveredconditionals="4" methods="1" coveredmethods="1"/>
        <line num="4" count="1" type="cond" truecount="1" falsecount="0"/>
        <line num="5" count="12" type="stmt"/>
        <line num="6" count="12" type="cond" truecount="1" falsecount="0"/>
        <line num="7" count="13" type="cond" truecount="1" falsecount="0"/>
        <line num="8" count="4" type="stmt"/>
        <line num="9" count="4" type="stmt"/>
        <line num="10" count="13" type="cond" truecount="1" falsecount="0"/>
        <line num="11" count="8" type="stmt"/>
        <line num="12" count="8" type="stmt"/>
      </file>
      <file name="glob.ts" path="/Users/USER/bin-me/catseye/packages/core/src/engine/predicates/glob.ts">
        <metrics statements="6" coveredstatements="6" conditionals="4" coveredconditionals="4" methods="1" coveredmethods="1"/>
        <line num="1" count="1" type="stmt"/>
        <line num="5" count="1" type="cond" truecount="1" falsecount="0"/>
        <line num="6" count="13" type="stmt"/>
        <line num="7" count="13" type="cond" truecount="3" falsecount="0"/>
        <line num="8" count="8" type="stmt"/>
        <line num="9" count="8" type="stmt"/>
      </file>
      <file name="keyword.ts" path="/Users/USER/bin-me/catseye/packages/core/src/engine/predicates/keyword.ts">
        <metrics statements="12" coveredstatements="12" conditionals="8" coveredconditionals="8" methods="1" coveredmethods="1"/>
        <line num="4" count="1" type="cond" truecount="1" falsecount="0"/>
        <line num="5" count="144" type="cond" truecount="1" falsecount="0"/>
        <line num="6" count="2" type="cond" truecount="1" falsecount="0"/>
        <line num="7" count="142" type="stmt"/>
        <line num="8" count="144" type="cond" truecount="1" falsecount="0"/>
        <line num="9" count="2" type="cond" truecount="1" falsecount="0"/>
        <line num="10" count="142" type="stmt"/>
        <line num="12" count="144" type="cond" truecount="2" falsecount="0"/>
        <line num="13" count="75" type="stmt"/>
        <line num="14" count="75" type="cond" truecount="1" falsecount="0"/>
        <line num="15" count="69" type="stmt"/>
        <line num="16" count="69" type="stmt"/>
      </file>
      <file name="tag.ts" path="/Users/USER/bin-me/catseye/packages/core/src/engine/predicates/tag.ts">
        <metrics statements="11" coveredstatements="11" conditionals="6" coveredconditionals="6" methods="1" coveredmethods="1"/>
        <line num="4" count="1" type="stmt"/>
        <line num="6" count="1" type="cond" truecount="1" falsecount="0"/>
        <line num="7" count="12" type="stmt"/>
        <line num="8" count="12" type="cond" truecount="1" falsecount="0"/>
        <line num="9" count="5" type="cond" truecount="1" falsecount="0"/>
        <line num="10" count="7" type="stmt"/>
        <line num="12" count="12" type="cond" truecount="2" falsecount="0"/>
        <line num="13" count="5" type="stmt"/>
        <line num="14" count="5" type="cond" truecount="1" falsecount="0"/>
        <line num="15" count="7" type="stmt"/>
        <line num="16" count="7" type="stmt"/>
      </file>
      <file name="tagged-section.ts" path="/Users/USER/bin-me/catseye/packages/core/src/engine/predicates/tagged-section.ts">
        <metrics statements="38" coveredstatements="38" conditionals="9" coveredconditionals="9" methods="1" coveredmethods="1"/>
        <line num="10" count="1" type="cond" truecount="1" falsecount="0"/>
        <line num="11" count="12" type="stmt"/>
        <line num="12" count="12" type="stmt"/>
        <line num="13" count="12" type="stmt"/>
        <line num="14" count="12" type="stmt"/>
        <line num="15" count="12" type="cond" truecount="1" falsecount="0"/>
        <line num="16" count="12" type="stmt"/>
        <line num="17" count="12" type="stmt"/>
        <line num="19" count="12" type="stmt"/>
        <line num="21" count="12" type="cond" truecount="1" falsecount="0"/>
        <line num="22" count="111" type="stmt"/>
        <line num="23" count="111" type="cond" truecount="1" falsecount="0"/>
        <line num="24" count="55" type="cond" truecount="1" falsecount="0"/>
        <line num="25" count="12" type="stmt"/>
        <line num="26" count="12" type="stmt"/>
        <line num="27" count="111" type="cond" truecount="1" falsecount="0"/>
        <line num="28" count="56" type="cond" truecount="1" falsecount="0"/>
        <line num="29" count="11" type="stmt"/>
        <line num="30" count="11" type="stmt"/>
        <line num="31" count="11" type="stmt"/>
        <line num="32" count="11" type="stmt"/>
        <line num="33" count="11" type="stmt"/>
        <line num="34" count="11" type="stmt"/>
        <line num="35" count="11" type="stmt"/>
        <line num="36" count="11" type="stmt"/>
        <line num="37" count="11" type="stmt"/>
        <line num="38" count="11" type="stmt"/>
        <line num="39" count="11" type="stmt"/>
        <line num="40" count="11" type="stmt"/>
        <line num="41" count="56" type="stmt"/>
        <line num="42" count="111" type="stmt"/>
        <line num="44" count="12" type="cond" truecount="2" falsecount="0"/>
        <line num="45" count="9" type="stmt"/>
        <line num="46" count="9" type="stmt"/>
        <line num="47" count="9" type="stmt"/>
        <line num="48" count="9" type="stmt"/>
        <line num="49" count="9" type="stmt"/>
        <line num="50" count="9" type="stmt"/>
      </file>
    </package>
    <package name="core.src.facts">
      <metrics statements="88" coveredstatements="86" conditionals="31" coveredconditionals="29" methods="3" coveredmethods="3"/>
      <file name="collect.ts" path="/Users/USER/bin-me/catseye/packages/core/src/facts/collect.ts">
        <metrics statements="35" coveredstatements="35" conditionals="7" coveredconditionals="7" methods="2" coveredmethods="2"/>
        <line num="1" count="1" type="stmt"/>
        <line num="10" count="53" type="cond" truecount="1" falsecount="0"/>
        <line num="11" count="53" type="stmt"/>
        <line num="12" count="53" type="stmt"/>
        <line num="13" count="53" type="stmt"/>
        <line num="14" count="53" type="stmt"/>
        <line num="15" count="53" type="cond" truecount="1" falsecount="0"/>
        <line num="16" count="53" type="stmt"/>
        <line num="17" count="53" type="cond" truecount="1" falsecount="0"/>
        <line num="18" count="53" type="stmt"/>
        <line num="20" count="264" type="cond" truecount="1" falsecount="0"/>
        <line num="21" count="264" type="stmt"/>
        <line num="22" count="264" type="stmt"/>
        <line num="23" count="264" type="stmt"/>
        <line num="24" count="264" type="stmt"/>
        <line num="25" count="264" type="stmt"/>
        <line num="27" count="264" type="stmt"/>
        <line num="28" count="264" type="stmt"/>
        <line num="29" count="264" type="stmt"/>
        <line num="30" count="264" type="stmt"/>
        <line num="31" count="264" type="stmt"/>
        <line num="32" count="264" type="stmt"/>
        <line num="33" count="264" type="cond" truecount="1" falsecount="0"/>
        <line num="34" count="264" type="cond" truecount="1" falsecount="0"/>
        <line num="35" count="1" type="stmt"/>
        <line num="36" count="1" type="cond" truecount="1" falsecount="0"/>
        <line num="38" count="263" type="stmt"/>
        <line num="40" count="263" type="stmt"/>
        <line num="41" count="263" type="stmt"/>
        <line num="42" count="263" type="stmt"/>
        <line num="43" count="263" type="stmt"/>
        <line num="44" count="263" type="stmt"/>
        <line num="45" count="263" type="stmt"/>
        <line num="46" count="263" type="stmt"/>
        <line num="47" count="263" type="stmt"/>
      </file>
      <file name="git.ts" path="/Users/USER/bin-me/catseye/packages/core/src/facts/git.ts">
        <metrics statements="53" coveredstatements="51" conditionals="24" coveredconditionals="22" methods="1" coveredmethods="1"/>
        <line num="1" count="1" type="stmt"/>
        <line num="9" count="11" type="cond" truecount="1" falsecount="0"/>
        <line num="10" count="11" type="stmt"/>
        <line num="11" count="11" type="stmt"/>
        <line num="12" count="11" type="stmt"/>
        <line num="13" count="11" type="stmt"/>
        <line num="15" count="11" type="stmt"/>
        <line num="16" count="11" type="stmt"/>
        <line num="17" count="11" type="stmt"/>
        <line num="18" count="11" type="cond" truecount="1" falsecount="0"/>
        <line num="19" count="11" type="cond" truecount="1" falsecount="0"/>
        <line num="20" count="11" type="cond" truecount="1" falsecount="0"/>
        <line num="21" count="1" type="stmt"/>
        <line num="22" count="1" type="cond" truecount="2" falsecount="0"/>
        <line num="25" count="7" type="stmt"/>
        <line num="26" count="7" type="stmt"/>
        <line num="27" count="7" type="stmt"/>
        <line num="28" count="7" type="stmt"/>
        <line num="29" count="7" type="stmt"/>
        <line num="30" count="9" type="cond" truecount="1" falsecount="0"/>
        <line num="31" count="3" type="stmt"/>
        <line num="32" count="3" type="cond" truecount="1" falsecount="0"/>
        <line num="33" count="7" type="cond" truecount="1" falsecount="0"/>
        <line num="34" count="178" type="stmt"/>
        <line num="35" count="178" type="stmt"/>
        <line num="38" count="9" type="cond" truecount="1" falsecount="0"/>
        <line num="39" count="181" type="stmt"/>
        <line num="40" count="181" type="cond" truecount="1" falsecount="0"/>
        <line num="41" count="7" type="cond" truecount="1" falsecount="0"/>
        <line num="42" count="181" type="cond" truecount="1" falsecount="0"/>
        <line num="44" count="174" type="stmt"/>
        <line num="45" count="181" type="cond" truecount="1" falsecount="0"/>
        <line num="46" count="11" type="cond" truecount="0" falsecount="1"/>
        <line num="48" count="0" type="cond" truecount="2" falsecount="0"/>
        <line num="51" count="9" type="cond" truecount="1" falsecount="0"/>
        <line num="52" count="20" type="stmt"/>
        <line num="53" count="20" type="stmt"/>
        <line num="54" count="20" type="stmt"/>
        <line num="55" count="20" type="cond" truecount="2" falsecount="0"/>
        <line num="57" count="19" type="stmt"/>
        <line num="58" count="19" type="stmt"/>
        <line num="59" count="19" type="stmt"/>
        <line num="60" count="19" type="stmt"/>
        <line num="61" count="19" type="stmt"/>
        <line num="62" count="19" type="stmt"/>
        <line num="63" count="19" type="stmt"/>
        <line num="64" count="20" type="cond" truecount="2" falsecount="0"/>
        <line num="65" count="20" type="stmt"/>
        <line num="66" count="20" type="cond" truecount="0" falsecount="1"/>
        <line num="68" count="0" type="stmt"/>
        <line num="69" count="20" type="cond" truecount="1" falsecount="0"/>
        <line num="71" count="7" type="stmt"/>
        <line num="72" count="7" type="stmt"/>
      </file>
    </package>
    <package name="core.src.lenses">
      <metrics statements="161" coveredstatements="161" conditionals="87" coveredconditionals="87" methods="14" coveredmethods="14"/>
      <file name="format.ts" path="/Users/USER/bin-me/catseye/packages/core/src/lenses/format.ts">
        <metrics statements="34" coveredstatements="34" conditionals="22" coveredconditionals="22" methods="2" coveredmethods="2"/>
        <line num="13" count="1" type="cond" truecount="1" falsecount="0"/>
        <line num="14" count="38" type="stmt"/>
        <line num="15" count="38" type="stmt"/>
        <line num="16" count="38" type="stmt"/>
        <line num="17" count="38" type="cond" truecount="2" falsecount="0"/>
        <line num="18" count="38" type="stmt"/>
        <line num="19" count="38" type="stmt"/>
        <line num="20" count="38" type="stmt"/>
        <line num="21" count="38" type="stmt"/>
        <line num="22" count="38" type="stmt"/>
        <line num="23" count="38" type="stmt"/>
        <line num="25" count="1" type="cond" truecount="1" falsecount="0"/>
        <line num="26" count="37" type="stmt"/>
        <line num="27" count="37" type="stmt"/>
        <line num="28" count="37" type="stmt"/>
        <line num="29" count="37" type="cond" truecount="1" falsecount="0"/>
        <line num="30" count="2" type="stmt"/>
        <line num="31" count="2" type="cond" truecount="2" falsecount="0"/>
        <line num="33" count="37" type="cond" truecount="2" falsecount="0"/>
        <line num="34" count="2" type="stmt"/>
        <line num="35" count="2" type="cond" truecount="1" falsecount="0"/>
        <line num="37" count="33" type="stmt"/>
        <line num="39" count="37" type="cond" truecount="2" falsecount="0"/>
        <line num="40" count="37" type="cond" truecount="2" falsecount="0"/>
        <line num="41" count="37" type="cond" truecount="3" falsecount="0"/>
        <line num="42" count="37" type="cond" truecount="3" falsecount="0"/>
        <line num="44" count="29" type="stmt"/>
        <line num="45" count="29" type="stmt"/>
        <line num="46" count="37" type="cond" truecount="2" falsecount="0"/>
        <line num="47" count="37" type="stmt"/>
        <line num="48" count="37" type="stmt"/>
        <line num="49" count="37" type="stmt"/>
        <line num="50" count="37" type="stmt"/>
        <line num="51" count="37" type="stmt"/>
      </file>
      <file name="fuzzy.ts" path="/Users/USER/bin-me/catseye/packages/core/src/lenses/fuzzy.ts">
        <metrics statements="44" coveredstatements="44" conditionals="22" coveredconditionals="22" methods="4" coveredmethods="4"/>
        <line num="1" count="1" type="stmt"/>
        <line num="9" count="7" type="cond" truecount="1" falsecount="0"/>
        <line num="10" count="7" type="cond" truecount="2" falsecount="0"/>
        <line num="11" count="7" type="cond" truecount="2" falsecount="0"/>
        <line num="13" count="5" type="stmt"/>
        <line num="14" count="7" type="cond" truecount="2" falsecount="0"/>
        <line num="16" count="4" type="stmt"/>
        <line num="17" count="4" type="stmt"/>
        <line num="19" count="5" type="cond" truecount="1" falsecount="0"/>
        <line num="20" count="5" type="stmt"/>
        <line num="21" count="5" type="stmt"/>
        <line num="22" count="5" type="stmt"/>
        <line num="23" count="5" type="stmt"/>
        <line num="24" count="5" type="stmt"/>
        <line num="25" count="5" type="stmt"/>
        <line num="26" count="5" type="cond" truecount="3" falsecount="0"/>
        <line num="27" count="1" type="stmt"/>
        <line num="28" count="1" type="stmt"/>
        <line num="29" count="5" type="cond" truecount="1" falsecount="0"/>
        <line num="31" count="1" type="cond" truecount="1" falsecount="0"/>
        <line num="32" count="4" type="stmt"/>
        <line num="33" count="4" type="stmt"/>
        <line num="35" count="4" type="cond" truecount="1" falsecount="0"/>
        <line num="36" count="4" type="cond" truecount="1" falsecount="0"/>
        <line num="37" count="4" type="stmt"/>
        <line num="39" count="4" type="stmt"/>
        <line num="40" count="4" type="cond" truecount="1" falsecount="0"/>
        <line num="42" count="4" type="cond" truecount="1" falsecount="0"/>
        <line num="43" count="6" type="cond" truecount="1" falsecount="0"/>
        <line num="44" count="5" type="stmt"/>
        <line num="45" count="5" type="stmt"/>
        <line num="46" count="5" type="cond" truecount="2" falsecount="0"/>
        <line num="47" count="3" type="stmt"/>
        <line num="48" count="3" type="stmt"/>
        <line num="49" count="5" type="cond" truecount="1" falsecount="0"/>
        <line num="50" count="2" type="stmt"/>
        <line num="51" count="2" type="stmt"/>
        <line num="52" count="2" type="stmt"/>
        <line num="53" count="6" type="stmt"/>
        <line num="54" count="6" type="stmt"/>
        <line num="56" count="4" type="cond" truecount="1" falsecount="0"/>
        <line num="57" count="4" type="stmt"/>
        <line num="58" count="4" type="stmt"/>
        <line num="59" count="4" type="stmt"/>
      </file>
      <file name="store.ts" path="/Users/USER/bin-me/catseye/packages/core/src/lenses/store.ts">
        <metrics statements="83" coveredstatements="83" conditionals="43" coveredconditionals="43" methods="8" coveredmethods="8"/>
        <line num="1" count="1" type="stmt"/>
        <line num="7" count="1" type="stmt"/>
        <line num="8" count="1" type="stmt"/>
        <line num="10" count="161" type="cond" truecount="1" falsecount="0"/>
        <line num="11" count="161" type="stmt"/>
        <line num="12" count="161" type="stmt"/>
        <line num="14" count="109" type="cond" truecount="1" falsecount="0"/>
        <line num="15" count="109" type="stmt"/>
        <line num="16" count="109" type="stmt"/>
        <line num="18" count="115" type="cond" truecount="1" falsecount="0"/>
        <line num="19" count="115" type="cond" truecount="1" falsecount="0"/>
        <line num="20" count="6" type="stmt"/>
        <line num="21" count="6" type="stmt"/>
        <line num="22" count="115" type="stmt"/>
        <line num="24" count="39" type="cond" truecount="1" falsecount="0"/>
        <line num="25" count="39" type="stmt"/>
        <line num="26" count="39" type="stmt"/>
        <line num="27" count="39" type="stmt"/>
        <line num="28" count="39" type="stmt"/>
        <line num="29" count="39" type="stmt"/>
        <line num="30" count="39" type="stmt"/>
        <line num="31" count="39" type="cond" truecount="1" falsecount="0"/>
        <line num="33" count="35" type="stmt"/>
        <line num="34" count="35" type="stmt"/>
        <line num="35" count="35" type="stmt"/>
        <line num="36" count="35" type="cond" truecount="1" falsecount="0"/>
        <line num="37" count="39" type="cond" truecount="1" falsecount="0"/>
        <line num="39" count="32" type="cond" truecount="1" falsecount="0"/>
        <line num="41" count="35" type="stmt"/>
        <line num="42" count="35" type="stmt"/>
        <line num="43" count="35" type="cond" truecount="1" falsecount="0"/>
        <line num="44" count="5" type="cond" truecount="1" falsecount="0"/>
        <line num="45" count="30" type="cond" truecount="2" falsecount="0"/>
        <line num="46" count="1" type="cond" truecount="1" falsecount="0"/>
        <line num="47" count="29" type="stmt"/>
        <line num="48" count="39" type="cond" truecount="2" falsecount="0"/>
        <line num="49" count="39" type="stmt"/>
        <line num="50" count="39" type="stmt"/>
        <line num="51" count="39" type="stmt"/>
        <line num="53" count="39" type="cond" truecount="1" falsecount="0"/>
        <line num="54" count="35" type="stmt"/>
        <line num="55" count="35" type="stmt"/>
        <line num="57" count="65" type="cond" truecount="1" falsecount="0"/>
        <line num="58" count="65" type="stmt"/>
        <line num="59" count="65" type="stmt"/>
        <line num="60" count="65" type="stmt"/>
        <line num="61" count="65" type="cond" truecount="2" falsecount="0"/>
        <line num="62" count="63" type="cond" truecount="1" falsecount="0"/>
        <line num="63" count="36" type="stmt"/>
        <line num="64" count="36" type="cond" truecount="1" falsecount="0"/>
        <line num="65" count="28" type="stmt"/>
        <line num="66" count="28" type="stmt"/>
        <line num="68" count="17" type="cond" truecount="1" falsecount="0"/>
        <line num="69" count="17" type="stmt"/>
        <line num="70" count="17" type="stmt"/>
        <line num="71" count="17" type="cond" truecount="2" falsecount="0"/>
        <line num="72" count="16" type="cond" truecount="1" falsecount="0"/>
        <line num="73" count="5" type="stmt"/>
        <line num="74" count="5" type="cond" truecount="1" falsecount="0"/>
        <line num="76" count="12" type="stmt"/>
        <line num="77" count="16" type="cond" truecount="1" falsecount="0"/>
        <line num="78" count="19" type="cond" truecount="2" falsecount="0"/>
        <line num="79" count="18" type="stmt"/>
        <line num="80" count="18" type="cond" truecount="2" falsecount="0"/>
        <line num="81" count="17" type="stmt"/>
        <line num="82" count="19" type="cond" truecount="1" falsecount="0"/>
        <line num="83" count="19" type="cond" truecount="1" falsecount="0"/>
        <line num="85" count="1" type="stmt"/>
        <line num="86" count="19" type="cond" truecount="1" falsecount="0"/>
        <line num="88" count="12" type="cond" truecount="1" falsecount="0"/>
        <line num="89" count="12" type="stmt"/>
        <line num="91" count="11" type="cond" truecount="1" falsecount="0"/>
        <line num="92" count="11" type="stmt"/>
        <line num="93" count="11" type="stmt"/>
        <line num="94" count="11" type="cond" truecount="2" falsecount="0"/>
        <line num="95" count="9" type="cond" truecount="1" falsecount="0"/>
        <line num="96" count="3" type="stmt"/>
        <line num="97" count="3" type="stmt"/>
        <line num="98" count="11" type="stmt"/>
        <line num="104" count="6" type="cond" truecount="1" falsecount="0"/>
        <line num="105" count="6" type="stmt"/>
        <line num="106" count="6" type="cond" truecount="2" falsecount="0"/>
        <line num="107" count="6" type="stmt"/>
      </file>
    </package>
    <package name="core.src.query">
      <metrics statements="519" coveredstatements="519" conditionals="189" coveredconditionals="188" methods="39" coveredmethods="39"/>
      <file name="formatter.ts" path="/Users/USER/bin-me/catseye/packages/core/src/query/formatter.ts">
        <metrics statements="59" coveredstatements="59" conditionals="29" coveredconditionals="29" methods="5" coveredmethods="5"/>
        <line num="10" count="1" type="cond" truecount="1" falsecount="0"/>
        <line num="11" count="45" type="stmt"/>
        <line num="12" count="45" type="cond" truecount="1" falsecount="0"/>
        <line num="14" count="2" type="stmt"/>
        <line num="15" count="2" type="cond" truecount="1" falsecount="0"/>
        <line num="16" count="43" type="stmt"/>
        <line num="17" count="43" type="stmt"/>
        <line num="23" count="1" type="cond" truecount="1" falsecount="0"/>
        <line num="24" count="104" type="stmt"/>
        <line num="25" count="104" type="cond" truecount="1" falsecount="0"/>
        <line num="26" count="9" type="stmt"/>
        <line num="27" count="104" type="cond" truecount="1" falsecount="0"/>
        <line num="28" count="4" type="stmt"/>
        <line num="29" count="104" type="cond" truecount="1" falsecount="0"/>
        <line num="30" count="4" type="stmt"/>
        <line num="31" count="104" type="cond" truecount="1" falsecount="0"/>
        <line num="33" count="1" type="stmt"/>
        <line num="34" count="104" type="cond" truecount="1" falsecount="0"/>
        <line num="35" count="86" type="stmt"/>
        <line num="36" count="104" type="stmt"/>
        <line num="37" count="104" type="stmt"/>
        <line num="39" count="86" type="cond" truecount="1" falsecount="0"/>
        <line num="40" count="86" type="stmt"/>
        <line num="41" count="86" type="cond" truecount="1" falsecount="0"/>
        <line num="42" count="42" type="stmt"/>
        <line num="43" count="42" type="stmt"/>
        <line num="44" count="42" type="stmt"/>
        <line num="45" count="86" type="cond" truecount="1" falsecount="0"/>
        <line num="46" count="20" type="stmt"/>
        <line num="47" count="86" type="cond" truecount="1" falsecount="0"/>
        <line num="48" count="2" type="stmt"/>
        <line num="49" count="86" type="cond" truecount="1" falsecount="0"/>
        <line num="50" count="2" type="stmt"/>
        <line num="51" count="86" type="cond" truecount="1" falsecount="0"/>
        <line num="52" count="4" type="cond" truecount="1" falsecount="0"/>
        <line num="53" count="2" type="cond" truecount="1" falsecount="0"/>
        <line num="54" count="2" type="stmt"/>
        <line num="55" count="86" type="cond" truecount="1" falsecount="0"/>
        <line num="56" count="4" type="cond" truecount="1" falsecount="0"/>
        <line num="57" count="2" type="cond" truecount="1" falsecount="0"/>
        <line num="58" count="2" type="stmt"/>
        <line num="59" count="86" type="cond" truecount="1" falsecount="0"/>
        <line num="60" count="4" type="cond" truecount="2" falsecount="0"/>
        <line num="61" count="86" type="cond" truecount="1" falsecount="0"/>
        <line num="62" count="2" type="stmt"/>
        <line num="63" count="86" type="cond" truecount="1" falsecount="0"/>
        <line num="64" count="2" type="stmt"/>
        <line num="65" count="86" type="cond" truecount="1" falsecount="0"/>
        <line num="66" count="2" type="stmt"/>
        <line num="67" count="86" type="cond" truecount="1" falsecount="0"/>
        <line num="68" count="2" type="stmt"/>
        <line num="69" count="86" type="stmt"/>
        <line num="70" count="86" type="stmt"/>
        <line num="72" count="46" type="cond" truecount="1" falsecount="0"/>
        <line num="73" count="46" type="stmt"/>
        <line num="74" count="46" type="stmt"/>
        <line num="76" count="4" type="cond" truecount="1" falsecount="0"/>
        <line num="77" count="4" type="stmt"/>
        <line num="78" count="4" type="stmt"/>
      </file>
      <file name="linter.ts" path="/Users/USER/bin-me/catseye/packages/core/src/query/linter.ts">
        <metrics statements="88" coveredstatements="88" conditionals="28" coveredconditionals="28" methods="4" coveredmethods="4"/>
        <line num="1" count="1" type="stmt"/>
        <line num="14" count="1" type="cond" truecount="1" falsecount="0"/>
        <line num="15" count="16" type="stmt"/>
        <line num="16" count="16" type="stmt"/>
        <line num="17" count="16" type="stmt"/>
        <line num="19" count="16" type="cond" truecount="1" falsecount="0"/>
        <line num="20" count="2" type="stmt"/>
        <line num="21" count="2" type="cond" truecount="1" falsecount="0"/>
        <line num="22" count="2" type="cond" truecount="2" falsecount="0"/>
        <line num="23" count="2" type="stmt"/>
        <line num="24" count="2" type="stmt"/>
        <line num="25" count="2" type="cond" truecount="1" falsecount="0"/>
        <line num="26" count="14" type="stmt"/>
        <line num="27" count="14" type="stmt"/>
        <line num="29" count="16" type="cond" truecount="1" falsecount="0"/>
        <line num="30" count="16" type="stmt"/>
        <line num="33" count="16" type="cond" truecount="1" falsecount="0"/>
        <line num="34" count="3" type="stmt"/>
        <line num="35" count="3" type="stmt"/>
        <line num="36" count="3" type="stmt"/>
        <line num="37" count="3" type="stmt"/>
        <line num="38" count="3" type="stmt"/>
        <line num="39" count="3" type="stmt"/>
        <line num="42" count="16" type="cond" truecount="1" falsecount="0"/>
        <line num="43" count="2" type="stmt"/>
        <line num="44" count="2" type="stmt"/>
        <line num="45" count="2" type="stmt"/>
        <line num="46" count="2" type="stmt"/>
        <line num="47" count="2" type="stmt"/>
        <line num="48" count="2" type="stmt"/>
        <line num="49" count="16" type="stmt"/>
        <line num="51" count="45" type="cond" truecount="1" falsecount="0"/>
        <line num="52" count="45" type="stmt"/>
        <line num="53" count="45" type="cond" truecount="1" falsecount="0"/>
        <line num="54" count="12" type="stmt"/>
        <line num="55" count="12" type="stmt"/>
        <line num="56" count="45" type="cond" truecount="1" falsecount="0"/>
        <line num="57" count="1" type="stmt"/>
        <line num="58" count="1" type="stmt"/>
        <line num="59" count="45" type="cond" truecount="1" falsecount="0"/>
        <line num="60" count="5" type="stmt"/>
        <line num="61" count="5" type="stmt"/>
        <line num="62" count="45" type="cond" truecount="1" falsecount="0"/>
        <line num="63" count="1" type="stmt"/>
        <line num="64" count="1" type="stmt"/>
        <line num="65" count="1" type="stmt"/>
        <line num="67" count="45" type="stmt"/>
        <line num="68" count="45" type="stmt"/>
        <line num="70" count="13" type="cond" truecount="1" falsecount="0"/>
        <line num="71" count="13" type="cond" truecount="1" falsecount="0"/>
        <line num="74" count="13" type="cond" truecount="1" falsecount="0"/>
        <line num="75" count="2" type="stmt"/>
        <line num="76" count="2" type="stmt"/>
        <line num="77" count="2" type="stmt"/>
        <line num="78" count="2" type="stmt"/>
        <line num="79" count="2" type="stmt"/>
        <line num="80" count="2" type="stmt"/>
        <line num="81" count="2" type="cond" truecount="1" falsecount="0"/>
        <line num="84" count="11" type="stmt"/>
        <line num="85" count="13" type="cond" truecount="1" falsecount="0"/>
        <line num="86" count="22" type="cond" truecount="1" falsecount="0"/>
        <line num="87" count="7" type="stmt"/>
        <line num="88" count="7" type="stmt"/>
        <line num="89" count="7" type="stmt"/>
        <line num="90" count="7" type="stmt"/>
        <line num="91" count="7" type="stmt"/>
        <line num="92" count="7" type="stmt"/>
        <line num="93" count="22" type="stmt"/>
        <line num="94" count="22" type="cond" truecount="1" falsecount="0"/>
        <line num="97" count="13" type="cond" truecount="1" falsecount="0"/>
        <line num="98" count="10" type="cond" truecount="1" falsecount="0"/>
        <line num="99" count="20" type="stmt"/>
        <line num="100" count="20" type="cond" truecount="1" falsecount="0"/>
        <line num="101" count="2" type="stmt"/>
        <line num="102" count="2" type="cond" truecount="1" falsecount="0"/>
        <line num="103" count="2" type="stmt"/>
        <line num="104" count="2" type="stmt"/>
        <line num="105" count="2" type="stmt"/>
        <line num="106" count="2" type="stmt"/>
        <line num="107" count="2" type="stmt"/>
        <line num="108" count="2" type="stmt"/>
        <line num="109" count="2" type="stmt"/>
        <line num="110" count="20" type="stmt"/>
        <line num="111" count="20" type="cond" truecount="1" falsecount="0"/>
        <line num="114" count="13" type="cond" truecount="1" falsecount="0"/>
        <line num="115" count="22" type="stmt"/>
        <line num="116" count="22" type="cond" truecount="1" falsecount="0"/>
        <line num="117" count="11" type="stmt"/>
      </file>
      <file name="parser.ts" path="/Users/USER/bin-me/catseye/packages/core/src/query/parser.ts">
        <metrics statements="293" coveredstatements="293" conditionals="103" coveredconditionals="102" methods="27" coveredmethods="27"/>
        <line num="23" count="1" type="stmt"/>
        <line num="24" count="1" type="cond" truecount="1" falsecount="0"/>
        <line num="25" count="19" type="stmt"/>
        <line num="26" count="19" type="stmt"/>
        <line num="27" count="19" type="stmt"/>
        <line num="28" count="19" type="stmt"/>
        <line num="29" count="19" type="stmt"/>
        <line num="30" count="19" type="stmt"/>
        <line num="31" count="1" type="stmt"/>
        <line num="41" count="166" type="cond" truecount="1" falsecount="0"/>
        <line num="42" count="166" type="stmt"/>
        <line num="43" count="166" type="stmt"/>
        <line num="45" count="166" type="cond" truecount="1" falsecount="0"/>
        <line num="46" count="1254" type="stmt"/>
        <line num="49" count="1254" type="cond" truecount="2" falsecount="0"/>
        <line num="52" count="1254" type="cond" truecount="1" falsecount="0"/>
        <line num="53" count="108" type="stmt"/>
        <line num="54" count="108" type="stmt"/>
        <line num="55" count="108" type="stmt"/>
        <line num="56" count="108" type="cond" truecount="2" falsecount="0"/>
        <line num="57" count="695" type="cond" truecount="2" falsecount="0"/>
        <line num="58" count="2" type="stmt"/>
        <line num="59" count="2" type="stmt"/>
        <line num="60" count="695" type="cond" truecount="1" falsecount="0"/>
        <line num="61" count="693" type="stmt"/>
        <line num="62" count="693" type="stmt"/>
        <line num="63" count="693" type="stmt"/>
        <line num="64" count="695" type="stmt"/>
        <line num="65" count="108" type="cond" truecount="2" falsecount="0"/>
        <line num="66" count="107" type="stmt"/>
        <line num="67" count="107" type="stmt"/>
        <line num="68" count="107" type="stmt"/>
        <line num="69" count="107" type="cond" truecount="1" falsecount="0"/>
        <line num="71" count="1254" type="cond" truecount="2" falsecount="0"/>
        <line num="72" count="1254" type="cond" truecount="2" falsecount="0"/>
        <line num="73" count="1254" type="cond" truecount="3" falsecount="0"/>
        <line num="76" count="605" type="cond" truecount="1" falsecount="0"/>
        <line num="77" count="415" type="stmt"/>
        <line num="78" count="415" type="stmt"/>
        <line num="79" count="415" type="cond" truecount="2" falsecount="0"/>
        <line num="80" count="1614" type="stmt"/>
        <line num="81" count="1614" type="stmt"/>
        <line num="82" count="1614" type="stmt"/>
        <line num="83" count="415" type="stmt"/>
        <line num="84" count="415" type="stmt"/>
        <line num="85" count="415" type="cond" truecount="1" falsecount="0"/>
        <line num="87" count="3" type="stmt"/>
        <line num="88" count="3" type="cond" truecount="1" falsecount="0"/>
        <line num="90" count="162" type="stmt"/>
        <line num="91" count="162" type="stmt"/>
        <line num="92" count="162" type="stmt"/>
        <line num="94" count="162" type="cond" truecount="1" falsecount="0"/>
        <line num="95" count="162" type="stmt"/>
        <line num="97" count="162" type="cond" truecount="1" falsecount="0"/>
        <line num="99" count="162" type="cond" truecount="1" falsecount="0"/>
        <line num="100" count="1986" type="cond" truecount="0" falsecount="1"/>
        <line num="101" count="1986" type="stmt"/>
        <line num="103" count="162" type="cond" truecount="1" falsecount="0"/>
        <line num="104" count="1302" type="stmt"/>
        <line num="105" count="1302" type="stmt"/>
        <line num="106" count="1302" type="stmt"/>
        <line num="107" count="1302" type="stmt"/>
        <line num="109" count="162" type="cond" truecount="1" falsecount="0"/>
        <line num="110" count="700" type="stmt"/>
        <line num="111" count="700" type="cond" truecount="1" falsecount="0"/>
        <line num="112" count="2" type="stmt"/>
        <line num="113" count="2" type="stmt"/>
        <line num="114" count="2" type="stmt"/>
        <line num="115" count="2" type="stmt"/>
        <line num="116" count="2" type="cond" truecount="1" falsecount="0"/>
        <line num="117" count="698" type="stmt"/>
        <line num="118" count="700" type="stmt"/>
        <line num="120" count="162" type="cond" truecount="1" falsecount="0"/>
        <line num="121" count="127" type="stmt"/>
        <line num="122" count="127" type="cond" truecount="1" falsecount="0"/>
        <line num="123" count="1" type="stmt"/>
        <line num="124" count="1" type="cond" truecount="1" falsecount="0"/>
        <line num="125" count="126" type="stmt"/>
        <line num="126" count="127" type="stmt"/>
        <line num="128" count="162" type="cond" truecount="1" falsecount="0"/>
        <line num="129" count="107" type="stmt"/>
        <line num="130" count="107" type="cond" truecount="1" falsecount="0"/>
        <line num="131" count="1" type="stmt"/>
        <line num="132" count="1" type="cond" truecount="1" falsecount="0"/>
        <line num="133" count="106" type="stmt"/>
        <line num="134" count="107" type="stmt"/>
        <line num="136" count="162" type="cond" truecount="1" falsecount="0"/>
        <line num="137" count="162" type="stmt"/>
        <line num="140" count="162" type="stmt"/>
        <line num="141" count="162" type="cond" truecount="2" falsecount="0"/>
        <line num="142" count="6" type="stmt"/>
        <line num="143" count="6" type="stmt"/>
        <line num="144" count="6" type="stmt"/>
        <line num="145" count="6" type="stmt"/>
        <line num="146" count="6" type="stmt"/>
        <line num="147" count="6" type="cond" truecount="1" falsecount="0"/>
        <line num="149" count="147" type="stmt"/>
        <line num="150" count="147" type="stmt"/>
        <line num="151" count="162" type="stmt"/>
        <line num="153" count="162" type="cond" truecount="1" falsecount="0"/>
        <line num="154" count="279" type="stmt"/>
        <line num="155" count="279" type="cond" truecount="1" falsecount="0"/>
        <line num="156" count="1" type="stmt"/>
        <line num="157" count="1" type="cond" truecount="1" falsecount="0"/>
        <line num="159" count="278" type="stmt"/>
        <line num="160" count="278" type="stmt"/>
        <line num="161" count="278" type="stmt"/>
        <line num="163" count="278" type="stmt"/>
        <line num="165" count="278" type="stmt"/>
        <line num="166" count="279" type="cond" truecount="1" falsecount="0"/>
        <line num="167" count="40" type="stmt"/>
        <line num="168" count="40" type="stmt"/>
        <line num="169" count="279" type="cond" truecount="1" falsecount="0"/>
        <line num="170" count="279" type="cond" truecount="1" falsecount="0"/>
        <line num="171" count="11" type="stmt"/>
        <line num="172" count="11" type="stmt"/>
        <line num="173" count="279" type="cond" truecount="1" falsecount="0"/>
        <line num="174" count="11" type="stmt"/>
        <line num="175" count="11" type="stmt"/>
        <line num="176" count="279" type="cond" truecount="1" falsecount="0"/>
        <line num="177" count="104" type="stmt"/>
        <line num="178" count="104" type="stmt"/>
        <line num="179" count="279" type="cond" truecount="1" falsecount="0"/>
        <line num="180" count="54" type="stmt"/>
        <line num="181" count="54" type="stmt"/>
        <line num="182" count="279" type="cond" truecount="1" falsecount="0"/>
        <line num="183" count="4" type="stmt"/>
        <line num="184" count="4" type="stmt"/>
        <line num="185" count="279" type="cond" truecount="1" falsecount="0"/>
        <line num="186" count="5" type="stmt"/>
        <line num="187" count="5" type="stmt"/>
        <line num="188" count="279" type="cond" truecount="1" falsecount="0"/>
        <line num="189" count="10" type="stmt"/>
        <line num="190" count="10" type="stmt"/>
        <line num="191" count="279" type="cond" truecount="1" falsecount="0"/>
        <line num="192" count="7" type="stmt"/>
        <line num="193" count="7" type="stmt"/>
        <line num="194" count="279" type="cond" truecount="1" falsecount="0"/>
        <line num="195" count="6" type="stmt"/>
        <line num="196" count="6" type="stmt"/>
        <line num="197" count="279" type="cond" truecount="1" falsecount="0"/>
        <line num="198" count="3" type="stmt"/>
        <line num="199" count="3" type="stmt"/>
        <line num="200" count="279" type="cond" truecount="1" falsecount="0"/>
        <line num="201" count="8" type="stmt"/>
        <line num="202" count="8" type="stmt"/>
        <line num="203" count="279" type="cond" truecount="1" falsecount="0"/>
        <line num="204" count="5" type="stmt"/>
        <line num="205" count="5" type="stmt"/>
        <line num="206" count="279" type="cond" truecount="1" falsecount="0"/>
        <line num="207" count="3" type="stmt"/>
        <line num="208" count="3" type="stmt"/>
        <line num="209" count="279" type="cond" truecount="1" falsecount="0"/>
        <line num="210" count="6" type="stmt"/>
        <line num="211" count="279" type="cond" truecount="1" falsecount="0"/>
        <line num="213" count="264" type="stmt"/>
        <line num="214" count="279" type="stmt"/>
        <line num="216" count="162" type="cond" truecount="1" falsecount="0"/>
        <line num="217" count="40" type="stmt"/>
        <line num="218" count="40" type="stmt"/>
        <line num="219" count="40" type="cond" truecount="1" falsecount="0"/>
        <line num="220" count="39" type="stmt"/>
        <line num="221" count="39" type="stmt"/>
        <line num="222" count="39" type="stmt"/>
        <line num="223" count="40" type="stmt"/>
        <line num="224" count="40" type="cond" truecount="1" falsecount="0"/>
        <line num="225" count="1" type="stmt"/>
        <line num="226" count="1" type="cond" truecount="1" falsecount="0"/>
        <line num="227" count="39" type="stmt"/>
        <line num="228" count="40" type="stmt"/>
        <line num="230" count="162" type="cond" truecount="1" falsecount="0"/>
        <line num="231" count="11" type="stmt"/>
        <line num="232" count="11" type="stmt"/>
        <line num="233" count="11" type="cond" truecount="1" falsecount="0"/>
        <line num="234" count="10" type="stmt"/>
        <line num="235" count="10" type="stmt"/>
        <line num="236" count="10" type="stmt"/>
        <line num="237" count="11" type="stmt"/>
        <line num="238" count="11" type="cond" truecount="1" falsecount="0"/>
        <line num="239" count="1" type="stmt"/>
        <line num="240" count="1" type="cond" truecount="1" falsecount="0"/>
        <line num="241" count="10" type="stmt"/>
        <line num="242" count="11" type="stmt"/>
        <line num="244" count="162" type="cond" truecount="1" falsecount="0"/>
        <line num="245" count="11" type="stmt"/>
        <line num="246" count="11" type="stmt"/>
        <line num="247" count="11" type="stmt"/>
        <line num="248" count="11" type="stmt"/>
        <line num="250" count="162" type="cond" truecount="1" falsecount="0"/>
        <line num="251" count="104" type="stmt"/>
        <line num="252" count="104" type="stmt"/>
        <line num="253" count="104" type="stmt"/>
        <line num="254" count="104" type="cond" truecount="1" falsecount="0"/>
        <line num="255" count="17" type="stmt"/>
        <line num="256" count="17" type="stmt"/>
        <line num="257" count="17" type="stmt"/>
        <line num="258" count="17" type="cond" truecount="1" falsecount="0"/>
        <line num="259" count="103" type="stmt"/>
        <line num="260" count="103" type="stmt"/>
        <line num="261" count="104" type="stmt"/>
        <line num="263" count="162" type="cond" truecount="1" falsecount="0"/>
        <line num="264" count="54" type="stmt"/>
        <line num="265" count="54" type="stmt"/>
        <line num="266" count="54" type="stmt"/>
        <line num="267" count="54" type="stmt"/>
        <line num="269" count="162" type="cond" truecount="1" falsecount="0"/>
        <line num="270" count="4" type="stmt"/>
        <line num="271" count="4" type="stmt"/>
        <line num="272" count="4" type="cond" truecount="1" falsecount="0"/>
        <line num="273" count="3" type="stmt"/>
        <line num="274" count="3" type="stmt"/>
        <line num="275" count="3" type="stmt"/>
        <line num="276" count="4" type="stmt"/>
        <line num="277" count="4" type="stmt"/>
        <line num="278" count="4" type="stmt"/>
        <line num="280" count="162" type="cond" truecount="1" falsecount="0"/>
        <line num="281" count="5" type="stmt"/>
        <line num="282" count="5" type="stmt"/>
        <line num="283" count="5" type="stmt"/>
        <line num="284" count="5" type="stmt"/>
        <line num="286" count="162" type="cond" truecount="1" falsecount="0"/>
        <line num="287" count="10" type="stmt"/>
        <line num="288" count="10" type="stmt"/>
        <line num="289" count="10" type="cond" truecount="2" falsecount="0"/>
        <line num="290" count="6" type="stmt"/>
        <line num="291" count="6" type="stmt"/>
        <line num="292" count="6" type="cond" truecount="2" falsecount="0"/>
        <line num="293" count="1" type="stmt"/>
        <line num="294" count="1" type="cond" truecount="1" falsecount="0"/>
        <line num="295" count="5" type="stmt"/>
        <line num="296" count="5" type="stmt"/>
        <line num="297" count="9" type="stmt"/>
        <line num="298" count="9" type="stmt"/>
        <line num="299" count="10" type="stmt"/>
        <line num="301" count="162" type="cond" truecount="1" falsecount="0"/>
        <line num="302" count="7" type="stmt"/>
        <line num="303" count="7" type="stmt"/>
        <line num="304" count="7" type="cond" truecount="1" falsecount="0"/>
        <line num="305" count="4" type="stmt"/>
        <line num="306" count="4" type="stmt"/>
        <line num="307" count="4" type="stmt"/>
        <line num="308" count="7" type="stmt"/>
        <line num="309" count="7" type="stmt"/>
        <line num="310" count="7" type="stmt"/>
        <line num="311" count="7" type="stmt"/>
        <line num="312" count="7" type="cond" truecount="2" falsecount="0"/>
        <line num="313" count="7" type="stmt"/>
        <line num="314" count="7" type="stmt"/>
        <line num="316" count="162" type="cond" truecount="1" falsecount="0"/>
        <line num="317" count="6" type="stmt"/>
        <line num="318" count="6" type="stmt"/>
        <line num="319" count="6" type="stmt"/>
        <line num="320" count="6" type="stmt"/>
        <line num="322" count="162" type="cond" truecount="1" falsecount="0"/>
        <line num="323" count="3" type="stmt"/>
        <line num="324" count="3" type="stmt"/>
        <line num="325" count="3" type="stmt"/>
        <line num="326" count="3" type="stmt"/>
        <line num="328" count="162" type="cond" truecount="1" falsecount="0"/>
        <line num="329" count="8" type="cond" truecount="1" falsecount="0"/>
        <line num="330" count="5" type="stmt"/>
        <line num="331" count="5" type="stmt"/>
        <line num="332" count="5" type="cond" truecount="1" falsecount="0"/>
        <line num="333" count="3" type="stmt"/>
        <line num="334" count="3" type="stmt"/>
        <line num="335" count="3" type="stmt"/>
        <line num="336" count="8" type="stmt"/>
        <line num="338" count="162" type="cond" truecount="1" falsecount="0"/>
        <line num="339" count="8" type="stmt"/>
        <line num="340" count="8" type="cond" truecount="3" falsecount="0"/>
        <line num="341" count="1" type="stmt"/>
        <line num="342" count="1" type="stmt"/>
        <line num="343" count="1" type="stmt"/>
        <line num="344" count="1" type="stmt"/>
        <line num="345" count="1" type="cond" truecount="1" falsecount="0"/>
        <line num="346" count="7" type="stmt"/>
        <line num="347" count="8" type="stmt"/>
        <line num="349" count="162" type="cond" truecount="1" falsecount="0"/>
        <line num="350" count="5" type="stmt"/>
        <line num="351" count="5" type="stmt"/>
        <line num="352" count="5" type="stmt"/>
        <line num="353" count="5" type="stmt"/>
        <line num="355" count="162" type="cond" truecount="1" falsecount="0"/>
        <line num="356" count="3" type="stmt"/>
        <line num="357" count="3" type="stmt"/>
        <line num="358" count="3" type="stmt"/>
        <line num="359" count="3" type="stmt"/>
        <line num="360" count="162" type="stmt"/>
        <line num="362" count="1" type="cond" truecount="1" falsecount="0"/>
        <line num="363" count="166" type="stmt"/>
        <line num="364" count="166" type="stmt"/>
        <line num="365" count="166" type="stmt"/>
        <line num="366" count="166" type="stmt"/>
      </file>
      <file name="validator.ts" path="/Users/USER/bin-me/catseye/packages/core/src/query/validator.ts">
        <metrics statements="79" coveredstatements="79" conditionals="29" coveredconditionals="29" methods="3" coveredmethods="3"/>
        <line num="4" count="1" type="cond" truecount="1" falsecount="0"/>
        <line num="5" count="75" type="stmt"/>
        <line num="6" count="75" type="stmt"/>
        <line num="7" count="75" type="stmt"/>
        <line num="8" count="75" type="stmt"/>
        <line num="10" count="126" type="cond" truecount="1" falsecount="0"/>
        <line num="11" count="126" type="stmt"/>
        <line num="12" count="126" type="cond" truecount="1" falsecount="0"/>
        <line num="13" count="126" type="cond" truecount="1" falsecount="0"/>
        <line num="14" count="25" type="cond" truecount="1" falsecount="0"/>
        <line num="15" count="5" type="stmt"/>
        <line num="16" count="5" type="stmt"/>
        <line num="17" count="25" type="cond" truecount="1" falsecount="0"/>
        <line num="18" count="42" type="stmt"/>
        <line num="19" count="42" type="stmt"/>
        <line num="20" count="25" type="stmt"/>
        <line num="21" count="126" type="cond" truecount="1" falsecount="0"/>
        <line num="22" count="3" type="stmt"/>
        <line num="23" count="3" type="stmt"/>
        <line num="24" count="126" type="cond" truecount="1" falsecount="0"/>
        <line num="25" count="3" type="stmt"/>
        <line num="26" count="3" type="stmt"/>
        <line num="27" count="3" type="stmt"/>
        <line num="28" count="126" type="cond" truecount="1" falsecount="0"/>
        <line num="29" count="95" type="stmt"/>
        <line num="30" count="126" type="stmt"/>
        <line num="31" count="126" type="stmt"/>
        <line num="33" count="95" type="cond" truecount="1" falsecount="0"/>
        <line num="34" count="95" type="stmt"/>
        <line num="35" count="95" type="cond" truecount="1" falsecount="0"/>
        <line num="36" count="41" type="cond" truecount="1" falsecount="0"/>
        <line num="37" count="2" type="stmt"/>
        <line num="38" count="2" type="stmt"/>
        <line num="39" count="41" type="stmt"/>
        <line num="40" count="95" type="cond" truecount="1" falsecount="0"/>
        <line num="41" count="32" type="cond" truecount="1" falsecount="0"/>
        <line num="42" count="5" type="stmt"/>
        <line num="43" count="5" type="stmt"/>
        <line num="44" count="32" type="stmt"/>
        <line num="45" count="95" type="cond" truecount="1" falsecount="0"/>
        <line num="46" count="2" type="cond" truecount="1" falsecount="0"/>
        <line num="47" count="1" type="stmt"/>
        <line num="48" count="1" type="stmt"/>
        <line num="49" count="2" type="stmt"/>
        <line num="50" count="95" type="cond" truecount="1" falsecount="0"/>
        <line num="51" count="3" type="cond" truecount="1" falsecount="0"/>
        <line num="52" count="1" type="stmt"/>
        <line num="53" count="1" type="stmt"/>
        <line num="54" count="3" type="stmt"/>
        <line num="55" count="95" type="cond" truecount="1" falsecount="0"/>
        <line num="56" count="3" type="cond" truecount="1" falsecount="0"/>
        <line num="57" count="1" type="stmt"/>
        <line num="58" count="1" type="stmt"/>
        <line num="59" count="3" type="stmt"/>
        <line num="60" count="95" type="cond" truecount="1" falsecount="0"/>
        <line num="61" count="2" type="cond" truecount="1" falsecount="0"/>
        <line num="62" count="1" type="stmt"/>
        <line num="63" count="1" type="stmt"/>
        <line num="64" count="2" type="stmt"/>
        <line num="65" count="95" type="cond" truecount="1" falsecount="0"/>
        <line num="66" count="4" type="cond" truecount="1" falsecount="0"/>
        <line num="67" count="1" type="stmt"/>
        <line num="68" count="1" type="stmt"/>
        <line num="69" count="4" type="stmt"/>
        <line num="70" count="95" type="cond" truecount="1" falsecount="0"/>
        <line num="71" count="1" type="stmt"/>
        <line num="72" count="1" type="stmt"/>
        <line num="73" count="1" type="stmt"/>
        <line num="74" count="1" type="stmt"/>
        <line num="75" count="95" type="cond" truecount="1" falsecount="0"/>
        <line num="76" count="95" type="cond" truecount="1" falsecount="0"/>
        <line num="77" count="3" type="cond" truecount="1" falsecount="0"/>
        <line num="78" count="2" type="stmt"/>
        <line num="79" count="2" type="stmt"/>
        <line num="80" count="3" type="stmt"/>
        <line num="81" count="95" type="cond" truecount="1" falsecount="0"/>
        <line num="83" count="4" type="stmt"/>
        <line num="84" count="95" type="stmt"/>
        <line num="85" count="95" type="stmt"/>
      </file>
    </package>
    <package name="core.src.render">
      <metrics statements="117" coveredstatements="117" conditionals="33" coveredconditionals="31" methods="7" coveredmethods="7"/>
      <file name="diff.ts" path="/Users/USER/bin-me/catseye/packages/core/src/render/diff.ts">
        <metrics statements="12" coveredstatements="12" conditionals="7" coveredconditionals="7" methods="1" coveredmethods="1"/>
        <line num="7" count="1" type="cond" truecount="1" falsecount="0"/>
        <line num="8" count="3" type="cond" truecount="1" falsecount="0"/>
        <line num="9" count="2" type="cond" truecount="1" falsecount="0"/>
        <line num="11" count="1" type="cond" truecount="1" falsecount="0"/>
        <line num="12" count="1" type="cond" truecount="1" falsecount="0"/>
        <line num="14" count="1" type="stmt"/>
        <line num="15" count="3" type="cond" truecount="1" falsecount="0"/>
        <line num="16" count="2" type="stmt"/>
        <line num="17" count="2" type="stmt"/>
        <line num="18" count="2" type="cond" truecount="1" falsecount="0"/>
        <line num="19" count="1" type="stmt"/>
        <line num="20" count="1" type="stmt"/>
      </file>
      <file name="file-list.ts" path="/Users/USER/bin-me/catseye/packages/core/src/render/file-list.ts">
        <metrics statements="3" coveredstatements="3" conditionals="2" coveredconditionals="2" methods="1" coveredmethods="1"/>
        <line num="6" count="1" type="cond" truecount="1" falsecount="0"/>
        <line num="7" count="5" type="cond" truecount="1" falsecount="0"/>
        <line num="8" count="5" type="stmt"/>
      </file>
      <file name="json.ts" path="/Users/USER/bin-me/catseye/packages/core/src/render/json.ts">
        <metrics statements="3" coveredstatements="3" conditionals="1" coveredconditionals="1" methods="1" coveredmethods="1"/>
        <line num="7" count="1" type="cond" truecount="1" falsecount="0"/>
        <line num="8" count="7" type="stmt"/>
        <line num="9" count="7" type="stmt"/>
      </file>
      <file name="markdown.ts" path="/Users/USER/bin-me/catseye/packages/core/src/render/markdown.ts">
        <metrics statements="36" coveredstatements="36" conditionals="6" coveredconditionals="5" methods="1" coveredmethods="1"/>
        <line num="7" count="1" type="stmt"/>
        <line num="8" count="1" type="stmt"/>
        <line num="9" count="1" type="stmt"/>
        <line num="10" count="1" type="stmt"/>
        <line num="11" count="1" type="stmt"/>
        <line num="12" count="1" type="stmt"/>
        <line num="13" count="1" type="stmt"/>
        <line num="14" count="1" type="stmt"/>
        <line num="15" count="1" type="stmt"/>
        <line num="16" count="1" type="stmt"/>
        <line num="17" count="1" type="stmt"/>
        <line num="18" count="1" type="stmt"/>
        <line num="19" count="1" type="stmt"/>
        <line num="20" count="1" type="stmt"/>
        <line num="21" count="1" type="stmt"/>
        <line num="22" count="1" type="stmt"/>
        <line num="23" count="1" type="stmt"/>
        <line num="24" count="1" type="stmt"/>
        <line num="30" count="1" type="cond" truecount="1" falsecount="0"/>
        <line num="31" count="9" type="stmt"/>
        <line num="32" count="9" type="stmt"/>
        <line num="33" count="9" type="stmt"/>
        <line num="34" count="9" type="stmt"/>
        <line num="35" count="9" type="stmt"/>
        <line num="37" count="9" type="cond" truecount="1" falsecount="0"/>
        <line num="38" count="15" type="cond" truecount="0" falsecount="1"/>
        <line num="39" count="15" type="cond" truecount="1" falsecount="0"/>
        <line num="41" count="15" type="stmt"/>
        <line num="42" count="15" type="cond" truecount="1" falsecount="0"/>
        <line num="43" count="10" type="stmt"/>
        <line num="44" count="10" type="cond" truecount="1" falsecount="0"/>
        <line num="45" count="10" type="stmt"/>
        <line num="47" count="15" type="stmt"/>
        <line num="48" count="15" type="stmt"/>
        <line num="50" count="9" type="stmt"/>
        <line num="51" count="9" type="stmt"/>
      </file>
      <file name="preview.ts" path="/Users/USER/bin-me/catseye/packages/core/src/render/preview.ts">
        <metrics statements="21" coveredstatements="21" conditionals="10" coveredconditionals="10" methods="1" coveredmethods="1"/>
        <line num="11" count="1" type="cond" truecount="1" falsecount="0"/>
        <line num="12" count="7" type="stmt"/>
        <line num="13" count="7" type="stmt"/>
        <line num="14" count="7" type="stmt"/>
        <line num="15" count="7" type="stmt"/>
        <line num="16" count="7" type="stmt"/>
        <line num="18" count="7" type="stmt"/>
        <line num="19" count="7" type="stmt"/>
        <line num="20" count="7" type="cond" truecount="2" falsecount="0"/>
        <line num="21" count="7" type="stmt"/>
        <line num="23" count="7" type="cond" truecount="1" falsecount="0"/>
        <line num="24" count="6" type="stmt"/>
        <line num="25" count="6" type="cond" truecount="1" falsecount="0"/>
        <line num="26" count="8" type="cond" truecount="2" falsecount="0"/>
        <line num="27" count="2" type="cond" truecount="3" falsecount="0"/>
        <line num="28" count="6" type="stmt"/>
        <line num="29" count="8" type="stmt"/>
        <line num="30" count="8" type="stmt"/>
        <line num="31" count="6" type="stmt"/>
        <line num="33" count="7" type="stmt"/>
        <line num="34" count="7" type="stmt"/>
      </file>
      <file name="snippets.ts" path="/Users/USER/bin-me/catseye/packages/core/src/render/snippets.ts">
        <metrics statements="42" coveredstatements="42" conditionals="7" coveredconditionals="6" methods="2" coveredmethods="2"/>
        <line num="3" count="1" type="stmt"/>
        <line num="4" count="1" type="stmt"/>
        <line num="5" count="1" type="stmt"/>
        <line num="6" count="1" type="stmt"/>
        <line num="7" count="1" type="stmt"/>
        <line num="8" count="1" type="stmt"/>
        <line num="9" count="1" type="stmt"/>
        <line num="10" count="1" type="stmt"/>
        <line num="11" count="1" type="stmt"/>
        <line num="12" count="1" type="stmt"/>
        <line num="13" count="1" type="stmt"/>
        <line num="14" count="1" type="stmt"/>
        <line num="15" count="1" type="stmt"/>
        <line num="16" count="1" type="stmt"/>
        <line num="17" count="1" type="stmt"/>
        <line num="18" count="1" type="stmt"/>
        <line num="19" count="1" type="stmt"/>
        <line num="20" count="1" type="stmt"/>
        <line num="21" count="1" type="stmt"/>
        <line num="22" count="1" type="stmt"/>
        <line num="23" count="1" type="stmt"/>
        <line num="25" count="5" type="cond" truecount="1" falsecount="0"/>
        <line num="26" count="5" type="cond" truecount="0" falsecount="1"/>
        <line num="27" count="5" type="cond" truecount="1" falsecount="0"/>
        <line num="28" count="5" type="stmt"/>
        <line num="34" count="1" type="cond" truecount="1" falsecount="0"/>
        <line num="35" count="4" type="cond" truecount="1" falsecount="0"/>
        <line num="36" count="2" type="stmt"/>
        <line num="37" count="2" type="cond" truecount="1" falsecount="0"/>
        <line num="38" count="3" type="stmt"/>
        <line num="39" count="3" type="stmt"/>
        <line num="40" count="3" type="stmt"/>
        <line num="41" count="2" type="stmt"/>
        <line num="42" count="2" type="stmt"/>
        <line num="43" count="2" type="stmt"/>
        <line num="46" count="2" type="stmt"/>
        <line num="47" count="2" type="cond" truecount="1" falsecount="0"/>
        <line num="48" count="2" type="stmt"/>
        <line num="49" count="2" type="stmt"/>
        <line num="50" count="2" type="stmt"/>
        <line num="51" count="2" type="stmt"/>
        <line num="52" count="2" type="stmt"/>
      </file>
    </package>
    <package name="core.src.repo">
      <metrics statements="31" coveredstatements="30" conditionals="6" coveredconditionals="5" methods="2" coveredmethods="2"/>
      <file name="discover.ts" path="/Users/USER/bin-me/catseye/packages/core/src/repo/discover.ts">
        <metrics statements="31" coveredstatements="30" conditionals="6" coveredconditionals="5" methods="2" coveredmethods="2"/>
        <line num="1" count="1" type="stmt"/>
        <line num="11" count="53" type="cond" truecount="1" falsecount="0"/>
        <line num="12" count="53" type="stmt"/>
        <line num="14" count="53" type="stmt"/>
        <line num="15" count="53" type="stmt"/>
        <line num="16" count="53" type="stmt"/>
        <line num="17" count="53" type="stmt"/>
        <line num="18" count="53" type="stmt"/>
        <line num="19" count="53" type="stmt"/>
        <line num="20" count="53" type="stmt"/>
        <line num="21" count="53" type="stmt"/>
        <line num="22" count="53" type="stmt"/>
        <line num="23" count="53" type="stmt"/>
        <line num="25" count="53" type="stmt"/>
        <line num="26" count="53" type="cond" truecount="1" falsecount="0"/>
        <line num="27" count="53" type="cond" truecount="1" falsecount="0"/>
        <line num="28" count="53" type="stmt"/>
        <line num="30" count="53" type="stmt"/>
        <line num="31" count="53" type="stmt"/>
        <line num="33" count="53" type="cond" truecount="1" falsecount="0"/>
        <line num="34" count="53" type="stmt"/>
        <line num="35" count="53" type="stmt"/>
        <line num="37" count="53" type="cond" truecount="1" falsecount="0"/>
        <line num="38" count="2" type="stmt"/>
        <line num="39" count="2" type="stmt"/>
        <line num="40" count="2" type="stmt"/>
        <line num="41" count="2" type="cond" truecount="0" falsecount="1"/>
        <line num="43" count="0" type="stmt"/>
        <line num="44" count="2" type="stmt"/>
        <line num="46" count="53" type="stmt"/>
        <line num="47" count="53" type="stmt"/>
      </file>
    </package>
    <package name="mcp.src">
      <metrics statements="200" coveredstatements="199" conditionals="47" coveredconditionals="40" methods="4" coveredmethods="4"/>
      <file name="server.ts" path="/Users/USER/bin-me/catseye/packages/mcp/src/server.ts">
        <metrics statements="200" coveredstatements="199" conditionals="47" coveredconditionals="40" methods="4" coveredmethods="4"/>
        <line num="1" count="1" type="stmt"/>
        <line num="21" count="1" type="cond" truecount="1" falsecount="0"/>
        <line num="22" count="3" type="stmt"/>
        <line num="23" count="3" type="stmt"/>
        <line num="24" count="3" type="stmt"/>
        <line num="25" count="3" type="stmt"/>
        <line num="26" count="3" type="stmt"/>
        <line num="29" count="3" type="stmt"/>
        <line num="30" count="3" type="stmt"/>
        <line num="31" count="3" type="stmt"/>
        <line num="32" count="3" type="stmt"/>
        <line num="33" count="3" type="stmt"/>
        <line num="34" count="3" type="stmt"/>
        <line num="35" count="3" type="stmt"/>
        <line num="36" count="3" type="stmt"/>
        <line num="37" count="3" type="cond" truecount="1" falsecount="0"/>
        <line num="38" count="4" type="stmt"/>
        <line num="39" count="4" type="stmt"/>
        <line num="40" count="4" type="stmt"/>
        <line num="41" count="4" type="cond" truecount="1" falsecount="0"/>
        <line num="42" count="2" type="cond" truecount="0" falsecount="1"/>
        <line num="43" count="2" type="stmt"/>
        <line num="44" count="4" type="stmt"/>
        <line num="45" count="3" type="stmt"/>
        <line num="48" count="3" type="stmt"/>
        <line num="49" count="3" type="stmt"/>
        <line num="50" count="3" type="stmt"/>
        <line num="51" count="3" type="stmt"/>
        <line num="52" count="3" type="stmt"/>
        <line num="53" count="3" type="stmt"/>
        <line num="54" count="3" type="stmt"/>
        <line num="55" count="3" type="stmt"/>
        <line num="56" count="3" type="cond" truecount="1" falsecount="0"/>
        <line num="57" count="3" type="stmt"/>
        <line num="58" count="3" type="stmt"/>
        <line num="59" count="3" type="stmt"/>
        <line num="60" count="3" type="cond" truecount="1" falsecount="0"/>
        <line num="61" count="1" type="cond" truecount="0" falsecount="1"/>
        <line num="62" count="1" type="stmt"/>
        <line num="63" count="3" type="stmt"/>
        <line num="64" count="3" type="stmt"/>
        <line num="67" count="3" type="stmt"/>
        <line num="68" count="3" type="stmt"/>
        <line num="69" count="3" type="stmt"/>
        <line num="70" count="3" type="stmt"/>
        <line num="71" count="3" type="stmt"/>
        <line num="72" count="3" type="stmt"/>
        <line num="73" count="3" type="stmt"/>
        <line num="74" count="3" type="stmt"/>
        <line num="75" count="3" type="stmt"/>
        <line num="76" count="3" type="cond" truecount="1" falsecount="0"/>
        <line num="77" count="13" type="stmt"/>
        <line num="79" count="13" type="stmt"/>
        <line num="80" count="13" type="stmt"/>
        <line num="81" count="13" type="stmt"/>
        <line num="82" count="13" type="cond" truecount="3" falsecount="0"/>
        <line num="83" count="3" type="stmt"/>
        <line num="84" count="3" type="cond" truecount="2" falsecount="0"/>
        <line num="85" count="1" type="cond" truecount="1" falsecount="0"/>
        <line num="86" count="1" type="stmt"/>
        <line num="87" count="2" type="stmt"/>
        <line num="88" count="13" type="cond" truecount="1" falsecount="0"/>
        <line num="89" count="1" type="stmt"/>
        <line num="90" count="1" type="stmt"/>
        <line num="91" count="13" type="cond" truecount="1" falsecount="0"/>
        <line num="92" count="10" type="stmt"/>
        <line num="93" count="10" type="stmt"/>
        <line num="95" count="10" type="stmt"/>
        <line num="96" count="13" type="cond" truecount="1" falsecount="0"/>
        <line num="97" count="13" type="stmt"/>
        <line num="98" count="13" type="stmt"/>
        <line num="99" count="13" type="cond" truecount="1" falsecount="0"/>
        <line num="100" count="2" type="cond" truecount="0" falsecount="1"/>
        <line num="101" count="2" type="stmt"/>
        <line num="102" count="13" type="stmt"/>
        <line num="103" count="3" type="stmt"/>
        <line num="106" count="3" type="stmt"/>
        <line num="107" count="3" type="stmt"/>
        <line num="108" count="3" type="stmt"/>
        <line num="109" count="3" type="stmt"/>
        <line num="110" count="3" type="stmt"/>
        <line num="111" count="3" type="stmt"/>
        <line num="112" count="3" type="cond" truecount="1" falsecount="0"/>
        <line num="113" count="3" type="stmt"/>
        <line num="114" count="3" type="cond" truecount="2" falsecount="0"/>
        <line num="115" count="1" type="stmt"/>
        <line num="116" count="1" type="stmt"/>
        <line num="117" count="2" type="cond" truecount="1" falsecount="0"/>
        <line num="118" count="2" type="stmt"/>
        <line num="119" count="2" type="cond" truecount="2" falsecount="0"/>
        <line num="120" count="2" type="stmt"/>
        <line num="121" count="2" type="stmt"/>
        <line num="122" count="2" type="stmt"/>
        <line num="123" count="3" type="stmt"/>
        <line num="124" count="3" type="stmt"/>
        <line num="127" count="3" type="stmt"/>
        <line num="128" count="3" type="stmt"/>
        <line num="129" count="3" type="stmt"/>
        <line num="130" count="3" type="stmt"/>
        <line num="131" count="3" type="stmt"/>
        <line num="132" count="3" type="stmt"/>
        <line num="133" count="3" type="stmt"/>
        <line num="134" count="3" type="stmt"/>
        <line num="135" count="3" type="stmt"/>
        <line num="136" count="3" type="cond" truecount="1" falsecount="0"/>
        <line num="137" count="3" type="stmt"/>
        <line num="138" count="3" type="cond" truecount="1" falsecount="0"/>
        <line num="139" count="2" type="stmt"/>
        <line num="140" count="3" type="cond" truecount="0" falsecount="1"/>
        <line num="141" count="3" type="stmt"/>
        <line num="142" count="3" type="cond" truecount="1" falsecount="0"/>
        <line num="143" count="1" type="stmt"/>
        <line num="144" count="1" type="stmt"/>
        <line num="145" count="3" type="stmt"/>
        <line num="146" count="3" type="stmt"/>
        <line num="149" count="3" type="stmt"/>
        <line num="150" count="3" type="stmt"/>
        <line num="151" count="3" type="stmt"/>
        <line num="152" count="3" type="stmt"/>
        <line num="153" count="3" type="stmt"/>
        <line num="154" count="3" type="stmt"/>
        <line num="155" count="3" type="stmt"/>
        <line num="156" count="3" type="stmt"/>
        <line num="157" count="3" type="cond" truecount="1" falsecount="0"/>
        <line num="158" count="2" type="stmt"/>
        <line num="159" count="2" type="cond" truecount="1" falsecount="0"/>
        <line num="160" count="1" type="stmt"/>
        <line num="161" count="1" type="stmt"/>
        <line num="162" count="1" type="cond" truecount="1" falsecount="0"/>
        <line num="163" count="1" type="stmt"/>
        <line num="164" count="1" type="stmt"/>
        <line num="165" count="1" type="stmt"/>
        <line num="166" count="1" type="stmt"/>
        <line num="167" count="1" type="stmt"/>
        <line num="168" count="1" type="stmt"/>
        <line num="169" count="2" type="stmt"/>
        <line num="170" count="3" type="stmt"/>
        <line num="173" count="3" type="stmt"/>
        <line num="174" count="3" type="stmt"/>
        <line num="175" count="3" type="stmt"/>
        <line num="176" count="3" type="stmt"/>
        <line num="177" count="3" type="stmt"/>
        <line num="178" count="3" type="stmt"/>
        <line num="179" count="3" type="stmt"/>
        <line num="180" count="3" type="stmt"/>
        <line num="181" count="3" type="stmt"/>
        <line num="182" count="3" type="cond" truecount="1" falsecount="0"/>
        <line num="183" count="2" type="stmt"/>
        <line num="184" count="2" type="stmt"/>
        <line num="185" count="2" type="stmt"/>
        <line num="186" count="2" type="stmt"/>
        <line num="187" count="2" type="cond" truecount="1" falsecount="0"/>
        <line num="188" count="1" type="cond" truecount="0" falsecount="1"/>
        <line num="189" count="1" type="stmt"/>
        <line num="190" count="2" type="stmt"/>
        <line num="191" count="3" type="stmt"/>
        <line num="194" count="3" type="stmt"/>
        <line num="195" count="3" type="stmt"/>
        <line num="196" count="3" type="stmt"/>
        <line num="197" count="3" type="stmt"/>
        <line num="198" count="3" type="stmt"/>
        <line num="199" count="3" type="stmt"/>
        <line num="200" count="3" type="stmt"/>
        <line num="201" count="3" type="stmt"/>
        <line num="202" count="3" type="stmt"/>
        <line num="203" count="3" type="stmt"/>
        <line num="204" count="3" type="cond" truecount="1" falsecount="0"/>
        <line num="205" count="5" type="stmt"/>
        <line num="206" count="5" type="stmt"/>
        <line num="207" count="5" type="cond" truecount="1" falsecount="0"/>
        <line num="208" count="4" type="stmt"/>
        <line num="209" count="5" type="cond" truecount="1" falsecount="0"/>
        <line num="210" count="1" type="cond" truecount="0" falsecount="1"/>
        <line num="211" count="1" type="stmt"/>
        <line num="212" count="5" type="stmt"/>
        <line num="213" count="3" type="stmt"/>
        <line num="215" count="3" type="stmt"/>
        <line num="216" count="3" type="stmt"/>
        <line num="218" count="1" type="cond" truecount="1" falsecount="0"/>
        <line num="219" count="1" type="stmt"/>
        <line num="220" count="1" type="stmt"/>
        <line num="221" count="1" type="stmt"/>
        <line num="222" count="1" type="stmt"/>
        <line num="226" count="13" type="cond" truecount="1" falsecount="0"/>
        <line num="227" count="13" type="stmt"/>
        <line num="228" count="13" type="cond" truecount="1" falsecount="0"/>
        <line num="229" count="3" type="stmt"/>
        <line num="230" count="13" type="cond" truecount="1" falsecount="0"/>
        <line num="231" count="3" type="stmt"/>
        <line num="232" count="13" type="cond" truecount="1" falsecount="0"/>
        <line num="233" count="6" type="stmt"/>
        <line num="234" count="13" type="cond" truecount="1" falsecount="0"/>
        <line num="235" count="1" type="stmt"/>
        <line num="236" count="13" type="cond" truecount="0" falsecount="1"/>
        <line num="237" count="0" type="stmt"/>
        <line num="238" count="13" type="stmt"/>
        <line num="239" count="13" type="stmt"/>
        <line num="241" count="10" type="cond" truecount="1" falsecount="0"/>
        <line num="242" count="10" type="stmt"/>
        <line num="243" count="10" type="stmt"/>
      </file>
    </package>
  </project>
</coverage>
