{"/Users/USER/bin/catseye/vitest.integration.config.ts": {"path":"/Users/USER/bin/catseye/vitest.integration.config.ts","all":true,"statementMap":{"0":{"start":{"line":1,"column":0},"end":{"line":1,"column":44}},"1":{"start":{"line":2,"column":0},"end":{"line":2,"column":28}},"3":{"start":{"line":4,"column":0},"end":{"line":4,"column":29}},"4":{"start":{"line":5,"column":0},"end":{"line":5,"column":12}},"5":{"start":{"line":6,"column":0},"end":{"line":6,"column":12}},"6":{"start":{"line":7,"column":0},"end":{"line":7,"column":68}},"7":{"start":{"line":8,"column":0},"end":{"line":8,"column":6}},"8":{"start":{"line":9,"column":0},"end":{"line":9,"column":4}},"9":{"start":{"line":10,"column":0},"end":{"line":10,"column":9}},"10":{"start":{"line":11,"column":0},"end":{"line":11,"column":47}},"11":{"start":{"line":12,"column":0},"end":{"line":12,"column":18}},"12":{"start":{"line":13,"column":0},"end":{"line":13,"column":24}},"13":{"start":{"line":14,"column":0},"end":{"line":14,"column":4}},"14":{"start":{"line":15,"column":0},"end":{"line":15,"column":2}}},"s":{"0":0,"1":0,"3":0,"4":0,"5":0,"6":0,"7":0,"8":0,"9":0,"10":0,"11":0,"12":0,"13":0,"14":0},"branchMap":{"0":{"type":"branch","line":1,"loc":{"start":{"line":1,"column":0},"end":{"line":15,"column":-165}},"locations":[{"start":{"line":1,"column":0},"end":{"line":15,"column":-165}}]}},"b":{"0":[0]},"fnMap":{"0":{"name":"(empty-report)","decl":{"start":{"line":1,"column":0},"end":{"line":15,"column":-165}},"loc":{"start":{"line":1,"column":0},"end":{"line":15,"column":-165}},"line":1}},"f":{"0":0}}
,"/Users/USER/bin/catseye/packages/cli/src/index.ts": {"path":"/Users/USER/bin/catseye/packages/cli/src/index.ts","all":true,"statementMap":{"0":{"start":{"line":1,"column":0},"end":{"line":1,"column":18}},"1":{"start":{"line":2,"column":0},"end":{"line":2,"column":35}},"2":{"start":{"line":3,"column":0},"end":{"line":3,"column":27}},"21":{"start":{"line":22,"column":0},"end":{"line":22,"column":22}},"23":{"start":{"line":24,"column":0},"end":{"line":24,"column":35}},"24":{"start":{"line":25,"column":0},"end":{"line":25,"column":47}},"26":{"start":{"line":27,"column":0},"end":{"line":27,"column":47}},"27":{"start":{"line":28,"column":0},"end":{"line":28,"column":43}},"29":{"start":{"line":30,"column":0},"end":{"line":30,"column":29}},"31":{"start":{"line":32,"column":0},"end":{"line":32,"column":7}},"32":{"start":{"line":33,"column":0},"end":{"line":33,"column":18}},"33":{"start":{"line":34,"column":0},"end":{"line":34,"column":77}},"34":{"start":{"line":35,"column":0},"end":{"line":35,"column":19}},"35":{"start":{"line":36,"column":0},"end":{"line":36,"column":25}},"46":{"start":{"line":47,"column":0},"end":{"line":47,"column":34}},"50":{"start":{"line":51,"column":0},"end":{"line":51,"column":7}},"51":{"start":{"line":52,"column":0},"end":{"line":52,"column":61}},"52":{"start":{"line":53,"column":0},"end":{"line":53,"column":69}},"53":{"start":{"line":54,"column":0},"end":{"line":54,"column":106}},"54":{"start":{"line":55,"column":0},"end":{"line":55,"column":59}},"55":{"start":{"line":56,"column":0},"end":{"line":56,"column":74}},"56":{"start":{"line":57,"column":0},"end":{"line":57,"column":63}},"57":{"start":{"line":58,"column":0},"end":{"line":58,"column":61}},"58":{"start":{"line":59,"column":0},"end":{"line":59,"column":70}},"59":{"start":{"line":60,"column":0},"end":{"line":60,"column":76}},"60":{"start":{"line":61,"column":0},"end":{"line":61,"column":54}},"69":{"start":{"line":70,"column":0},"end":{"line":70,"column":9}},"70":{"start":{"line":71,"column":0},"end":{"line":71,"column":20}},"71":{"start":{"line":72,"column":0},"end":{"line":72,"column":20}},"72":{"start":{"line":73,"column":0},"end":{"line":73,"column":12}},"73":{"start":{"line":74,"column":0},"end":{"line":74,"column":5}},"75":{"start":{"line":76,"column":0},"end":{"line":76,"column":39}},"78":{"start":{"line":79,"column":0},"end":{"line":79,"column":13}},"79":{"start":{"line":80,"column":0},"end":{"line":80,"column":38}},"82":{"start":{"line":83,"column":0},"end":{"line":83,"column":11}},"83":{"start":{"line":84,"column":0},"end":{"line":84,"column":55}},"84":{"start":{"line":85,"column":0},"end":{"line":85,"column":26}},"85":{"start":{"line":86,"column":0},"end":{"line":86,"column":15}},"88":{"start":{"line":89,"column":0},"end":{"line":89,"column":62}},"89":{"start":{"line":90,"column":0},"end":{"line":90,"column":33}},"90":{"start":{"line":91,"column":0},"end":{"line":91,"column":28}},"91":{"start":{"line":92,"column":0},"end":{"line":92,"column":15}},"92":{"start":{"line":93,"column":0},"end":{"line":93,"column":48}},"93":{"start":{"line":94,"column":0},"end":{"line":94,"column":19}},"94":{"start":{"line":95,"column":0},"end":{"line":95,"column":62}},"95":{"start":{"line":96,"column":0},"end":{"line":96,"column":27}},"96":{"start":{"line":97,"column":0},"end":{"line":97,"column":11}},"97":{"start":{"line":98,"column":0},"end":{"line":98,"column":55}},"98":{"start":{"line":99,"column":0},"end":{"line":99,"column":28}},"99":{"start":{"line":100,"column":0},"end":{"line":100,"column":16}},"100":{"start":{"line":101,"column":0},"end":{"line":101,"column":15}},"101":{"start":{"line":102,"column":0},"end":{"line":102,"column":35}},"102":{"start":{"line":103,"column":0},"end":{"line":103,"column":25}},"103":{"start":{"line":104,"column":0},"end":{"line":104,"column":44}},"104":{"start":{"line":105,"column":0},"end":{"line":105,"column":66}},"105":{"start":{"line":106,"column":0},"end":{"line":106,"column":29}},"106":{"start":{"line":107,"column":0},"end":{"line":107,"column":13}},"107":{"start":{"line":108,"column":0},"end":{"line":108,"column":21}},"108":{"start":{"line":109,"column":0},"end":{"line":109,"column":11}},"109":{"start":{"line":110,"column":0},"end":{"line":110,"column":9}},"110":{"start":{"line":111,"column":0},"end":{"line":111,"column":7}},"111":{"start":{"line":112,"column":0},"end":{"line":112,"column":12}},"112":{"start":{"line":113,"column":0},"end":{"line":113,"column":11}},"113":{"start":{"line":114,"column":0},"end":{"line":114,"column":31}},"114":{"start":{"line":115,"column":0},"end":{"line":115,"column":21}},"115":{"start":{"line":116,"column":0},"end":{"line":116,"column":40}},"116":{"start":{"line":117,"column":0},"end":{"line":117,"column":62}},"117":{"start":{"line":118,"column":0},"end":{"line":118,"column":25}},"118":{"start":{"line":119,"column":0},"end":{"line":119,"column":9}},"119":{"start":{"line":120,"column":0},"end":{"line":120,"column":17}},"120":{"start":{"line":121,"column":0},"end":{"line":121,"column":7}},"121":{"start":{"line":122,"column":0},"end":{"line":122,"column":5}},"123":{"start":{"line":124,"column":0},"end":{"line":124,"column":14}},"124":{"start":{"line":125,"column":0},"end":{"line":125,"column":9}},"125":{"start":{"line":126,"column":0},"end":{"line":126,"column":49}},"126":{"start":{"line":127,"column":0},"end":{"line":127,"column":19}},"127":{"start":{"line":128,"column":0},"end":{"line":128,"column":96}},"128":{"start":{"line":129,"column":0},"end":{"line":129,"column":21}},"129":{"start":{"line":130,"column":0},"end":{"line":130,"column":5}},"132":{"start":{"line":133,"column":0},"end":{"line":133,"column":20}},"133":{"start":{"line":134,"column":0},"end":{"line":134,"column":11}},"134":{"start":{"line":135,"column":0},"end":{"line":135,"column":50}},"135":{"start":{"line":136,"column":0},"end":{"line":136,"column":59}},"136":{"start":{"line":137,"column":0},"end":{"line":137,"column":21}},"137":{"start":{"line":138,"column":0},"end":{"line":138,"column":117}},"138":{"start":{"line":139,"column":0},"end":{"line":139,"column":7}},"139":{"start":{"line":140,"column":0},"end":{"line":140,"column":5}},"141":{"start":{"line":142,"column":0},"end":{"line":142,"column":36}},"142":{"start":{"line":143,"column":0},"end":{"line":143,"column":51}},"143":{"start":{"line":144,"column":0},"end":{"line":144,"column":21}},"144":{"start":{"line":145,"column":0},"end":{"line":145,"column":5}},"146":{"start":{"line":147,"column":0},"end":{"line":147,"column":78}},"147":{"start":{"line":148,"column":0},"end":{"line":148,"column":64}},"148":{"start":{"line":149,"column":0},"end":{"line":149,"column":20}},"149":{"start":{"line":150,"column":0},"end":{"line":150,"column":18}},"150":{"start":{"line":151,"column":0},"end":{"line":151,"column":129}},"152":{"start":{"line":153,"column":0},"end":{"line":153,"column":10}},"153":{"start":{"line":154,"column":0},"end":{"line":154,"column":7}},"154":{"start":{"line":155,"column":0},"end":{"line":155,"column":21}},"155":{"start":{"line":156,"column":0},"end":{"line":156,"column":5}},"157":{"start":{"line":158,"column":0},"end":{"line":158,"column":23}},"158":{"start":{"line":159,"column":0},"end":{"line":159,"column":71}},"159":{"start":{"line":160,"column":0},"end":{"line":160,"column":12}},"160":{"start":{"line":161,"column":0},"end":{"line":161,"column":5}},"162":{"start":{"line":163,"column":0},"end":{"line":163,"column":65}},"163":{"start":{"line":164,"column":0},"end":{"line":164,"column":22}},"165":{"start":{"line":166,"column":0},"end":{"line":166,"column":18}},"166":{"start":{"line":167,"column":0},"end":{"line":167,"column":22}},"167":{"start":{"line":168,"column":0},"end":{"line":168,"column":74}},"168":{"start":{"line":169,"column":0},"end":{"line":169,"column":13}},"169":{"start":{"line":170,"column":0},"end":{"line":170,"column":23}},"170":{"start":{"line":171,"column":0},"end":{"line":171,"column":39}},"171":{"start":{"line":172,"column":0},"end":{"line":172,"column":13}},"172":{"start":{"line":173,"column":0},"end":{"line":173,"column":18}},"173":{"start":{"line":174,"column":0},"end":{"line":174,"column":35}},"174":{"start":{"line":175,"column":0},"end":{"line":175,"column":13}},"175":{"start":{"line":176,"column":0},"end":{"line":176,"column":22}},"176":{"start":{"line":177,"column":0},"end":{"line":177,"column":39}},"177":{"start":{"line":178,"column":0},"end":{"line":178,"column":13}},"178":{"start":{"line":179,"column":0},"end":{"line":179,"column":18}},"179":{"start":{"line":180,"column":0},"end":{"line":180,"column":35}},"180":{"start":{"line":181,"column":0},"end":{"line":181,"column":13}},"181":{"start":{"line":182,"column":0},"end":{"line":182,"column":14}},"182":{"start":{"line":183,"column":0},"end":{"line":183,"column":62}},"183":{"start":{"line":184,"column":0},"end":{"line":184,"column":23}},"184":{"start":{"line":185,"column":0},"end":{"line":185,"column":5}},"186":{"start":{"line":187,"column":0},"end":{"line":187,"column":23}},"188":{"start":{"line":189,"column":0},"end":{"line":189,"column":23}},"189":{"start":{"line":190,"column":0},"end":{"line":190,"column":19}},"190":{"start":{"line":191,"column":0},"end":{"line":191,"column":39}},"191":{"start":{"line":192,"column":0},"end":{"line":192,"column":37}},"192":{"start":{"line":193,"column":0},"end":{"line":193,"column":108}},"193":{"start":{"line":194,"column":0},"end":{"line":194,"column":73}},"194":{"start":{"line":195,"column":0},"end":{"line":195,"column":7}},"195":{"start":{"line":196,"column":0},"end":{"line":196,"column":5}},"196":{"start":{"line":197,"column":0},"end":{"line":197,"column":4}},"200":{"start":{"line":201,"column":0},"end":{"line":201,"column":7}},"201":{"start":{"line":202,"column":0},"end":{"line":202,"column":27}},"202":{"start":{"line":203,"column":0},"end":{"line":203,"column":61}},"203":{"start":{"line":204,"column":0},"end":{"line":204,"column":33}},"204":{"start":{"line":205,"column":0},"end":{"line":205,"column":9}},"205":{"start":{"line":206,"column":0},"end":{"line":206,"column":33}},"206":{"start":{"line":207,"column":0},"end":{"line":207,"column":47}},"207":{"start":{"line":208,"column":0},"end":{"line":208,"column":19}},"208":{"start":{"line":209,"column":0},"end":{"line":209,"column":38}},"209":{"start":{"line":210,"column":0},"end":{"line":210,"column":60}},"210":{"start":{"line":211,"column":0},"end":{"line":211,"column":23}},"211":{"start":{"line":212,"column":0},"end":{"line":212,"column":7}},"212":{"start":{"line":213,"column":0},"end":{"line":213,"column":15}},"213":{"start":{"line":214,"column":0},"end":{"line":214,"column":5}},"214":{"start":{"line":215,"column":0},"end":{"line":215,"column":4}},"218":{"start":{"line":219,"column":0},"end":{"line":219,"column":7}},"219":{"start":{"line":220,"column":0},"end":{"line":220,"column":25}},"220":{"start":{"line":221,"column":0},"end":{"line":221,"column":56}},"221":{"start":{"line":222,"column":0},"end":{"line":222,"column":33}},"222":{"start":{"line":223,"column":0},"end":{"line":223,"column":9}},"223":{"start":{"line":224,"column":0},"end":{"line":224,"column":33}},"224":{"start":{"line":225,"column":0},"end":{"line":225,"column":30}},"225":{"start":{"line":226,"column":0},"end":{"line":226,"column":19}},"226":{"start":{"line":227,"column":0},"end":{"line":227,"column":38}},"227":{"start":{"line":228,"column":0},"end":{"line":228,"column":60}},"228":{"start":{"line":229,"column":0},"end":{"line":229,"column":23}},"229":{"start":{"line":230,"column":0},"end":{"line":230,"column":7}},"230":{"start":{"line":231,"column":0},"end":{"line":231,"column":15}},"231":{"start":{"line":232,"column":0},"end":{"line":232,"column":5}},"232":{"start":{"line":233,"column":0},"end":{"line":233,"column":4}},"236":{"start":{"line":237,"column":0},"end":{"line":237,"column":7}},"237":{"start":{"line":238,"column":0},"end":{"line":238,"column":26}},"238":{"start":{"line":239,"column":0},"end":{"line":239,"column":57}},"239":{"start":{"line":240,"column":0},"end":{"line":240,"column":49}},"240":{"start":{"line":241,"column":0},"end":{"line":241,"column":61}},"241":{"start":{"line":242,"column":0},"end":{"line":242,"column":9}},"242":{"start":{"line":243,"column":0},"end":{"line":243,"column":33}},"243":{"start":{"line":244,"column":0},"end":{"line":244,"column":67}},"245":{"start":{"line":246,"column":0},"end":{"line":246,"column":44}},"246":{"start":{"line":247,"column":0},"end":{"line":247,"column":39}},"247":{"start":{"line":248,"column":0},"end":{"line":248,"column":14}},"248":{"start":{"line":249,"column":0},"end":{"line":249,"column":7}},"250":{"start":{"line":251,"column":0},"end":{"line":251,"column":27}},"251":{"start":{"line":252,"column":0},"end":{"line":252,"column":43}},"252":{"start":{"line":253,"column":0},"end":{"line":253,"column":86}},"253":{"start":{"line":254,"column":0},"end":{"line":254,"column":57}},"254":{"start":{"line":255,"column":0},"end":{"line":255,"column":52}},"255":{"start":{"line":256,"column":0},"end":{"line":256,"column":7}},"257":{"start":{"line":258,"column":0},"end":{"line":258,"column":37}},"258":{"start":{"line":259,"column":0},"end":{"line":259,"column":19}},"259":{"start":{"line":260,"column":0},"end":{"line":260,"column":38}},"260":{"start":{"line":261,"column":0},"end":{"line":261,"column":60}},"261":{"start":{"line":262,"column":0},"end":{"line":262,"column":23}},"262":{"start":{"line":263,"column":0},"end":{"line":263,"column":7}},"263":{"start":{"line":264,"column":0},"end":{"line":264,"column":15}},"264":{"start":{"line":265,"column":0},"end":{"line":265,"column":5}},"265":{"start":{"line":266,"column":0},"end":{"line":266,"column":4}},"269":{"start":{"line":270,"column":0},"end":{"line":270,"column":23}},"270":{"start":{"line":271,"column":0},"end":{"line":271,"column":18}},"271":{"start":{"line":272,"column":0},"end":{"line":272,"column":37}},"273":{"start":{"line":274,"column":0},"end":{"line":274,"column":7}},"274":{"start":{"line":275,"column":0},"end":{"line":275,"column":18}},"275":{"start":{"line":276,"column":0},"end":{"line":276,"column":35}},"276":{"start":{"line":277,"column":0},"end":{"line":277,"column":23}},"277":{"start":{"line":278,"column":0},"end":{"line":278,"column":59}},"278":{"start":{"line":279,"column":0},"end":{"line":279,"column":45}},"280":{"start":{"line":281,"column":0},"end":{"line":281,"column":30}},"281":{"start":{"line":282,"column":0},"end":{"line":282,"column":72}},"282":{"start":{"line":283,"column":0},"end":{"line":283,"column":12}},"283":{"start":{"line":284,"column":0},"end":{"line":284,"column":5}},"285":{"start":{"line":286,"column":0},"end":{"line":286,"column":64}},"286":{"start":{"line":287,"column":0},"end":{"line":287,"column":20}},"287":{"start":{"line":288,"column":0},"end":{"line":288,"column":83}},"288":{"start":{"line":289,"column":0},"end":{"line":289,"column":80}},"289":{"start":{"line":290,"column":0},"end":{"line":290,"column":29}},"290":{"start":{"line":291,"column":0},"end":{"line":291,"column":57}},"291":{"start":{"line":292,"column":0},"end":{"line":292,"column":38}},"292":{"start":{"line":293,"column":0},"end":{"line":293,"column":76}},"293":{"start":{"line":294,"column":0},"end":{"line":294,"column":5}},"294":{"start":{"line":295,"column":0},"end":{"line":295,"column":4}},"296":{"start":{"line":297,"column":0},"end":{"line":297,"column":7}},"297":{"start":{"line":298,"column":0},"end":{"line":298,"column":23}},"298":{"start":{"line":299,"column":0},"end":{"line":299,"column":37}},"299":{"start":{"line":300,"column":0},"end":{"line":300,"column":50}},"300":{"start":{"line":301,"column":0},"end":{"line":301,"column":60}},"301":{"start":{"line":302,"column":0},"end":{"line":302,"column":59}},"303":{"start":{"line":304,"column":0},"end":{"line":304,"column":18}},"304":{"start":{"line":305,"column":0},"end":{"line":305,"column":9}},"305":{"start":{"line":306,"column":0},"end":{"line":306,"column":43}},"306":{"start":{"line":307,"column":0},"end":{"line":307,"column":13}},"307":{"start":{"line":308,"column":0},"end":{"line":308,"column":54}},"308":{"start":{"line":309,"column":0},"end":{"line":309,"column":21}},"309":{"start":{"line":310,"column":0},"end":{"line":310,"column":5}},"311":{"start":{"line":312,"column":0},"end":{"line":312,"column":20}},"312":{"start":{"line":313,"column":0},"end":{"line":313,"column":75}},"313":{"start":{"line":314,"column":0},"end":{"line":314,"column":23}},"314":{"start":{"line":315,"column":0},"end":{"line":315,"column":33}},"315":{"start":{"line":316,"column":0},"end":{"line":316,"column":14}},"316":{"start":{"line":317,"column":0},"end":{"line":317,"column":7}},"317":{"start":{"line":318,"column":0},"end":{"line":318,"column":5}},"319":{"start":{"line":320,"column":0},"end":{"line":320,"column":36}},"320":{"start":{"line":321,"column":0},"end":{"line":321,"column":50}},"321":{"start":{"line":322,"column":0},"end":{"line":322,"column":4}},"323":{"start":{"line":324,"column":0},"end":{"line":324,"column":7}},"324":{"start":{"line":325,"column":0},"end":{"line":325,"column":25}},"325":{"start":{"line":326,"column":0},"end":{"line":326,"column":39}},"326":{"start":{"line":327,"column":0},"end":{"line":327,"column":35}},"327":{"start":{"line":328,"column":0},"end":{"line":328,"column":59}},"328":{"start":{"line":329,"column":0},"end":{"line":329,"column":18}},"329":{"start":{"line":330,"column":0},"end":{"line":330,"column":9}},"330":{"start":{"line":331,"column":0},"end":{"line":331,"column":43}},"331":{"start":{"line":332,"column":0},"end":{"line":332,"column":13}},"332":{"start":{"line":333,"column":0},"end":{"line":333,"column":54}},"333":{"start":{"line":334,"column":0},"end":{"line":334,"column":21}},"334":{"start":{"line":335,"column":0},"end":{"line":335,"column":5}},"337":{"start":{"line":338,"column":0},"end":{"line":338,"column":35}},"338":{"start":{"line":339,"column":0},"end":{"line":339,"column":4}},"340":{"start":{"line":341,"column":0},"end":{"line":341,"column":47}},"341":{"start":{"line":342,"column":0},"end":{"line":342,"column":36}},"342":{"start":{"line":343,"column":0},"end":{"line":343,"column":17}},"343":{"start":{"line":344,"column":0},"end":{"line":344,"column":2}},"347":{"start":{"line":348,"column":0},"end":{"line":348,"column":58}},"348":{"start":{"line":349,"column":0},"end":{"line":349,"column":44}},"349":{"start":{"line":350,"column":0},"end":{"line":350,"column":80}},"350":{"start":{"line":351,"column":0},"end":{"line":351,"column":37}},"351":{"start":{"line":352,"column":0},"end":{"line":352,"column":16}},"352":{"start":{"line":353,"column":0},"end":{"line":353,"column":50}},"353":{"start":{"line":354,"column":0},"end":{"line":354,"column":6}},"354":{"start":{"line":355,"column":0},"end":{"line":355,"column":4}},"355":{"start":{"line":356,"column":0},"end":{"line":356,"column":1}}},"s":{"0":0,"1":0,"2":0,"21":0,"23":0,"24":0,"26":0,"27":0,"29":0,"31":0,"32":0,"33":0,"34":0,"35":0,"46":0,"50":0,"51":0,"52":0,"53":0,"54":0,"55":0,"56":0,"57":0,"58":0,"59":0,"60":0,"69":0,"70":0,"71":0,"72":0,"73":0,"75":0,"78":0,"79":0,"82":0,"83":0,"84":0,"85":0,"88":0,"89":0,"90":0,"91":0,"92":0,"93":0,"94":0,"95":0,"96":0,"97":0,"98":0,"99":0,"100":0,"101":0,"102":0,"103":0,"104":0,"105":0,"106":0,"107":0,"108":0,"109":0,"110":0,"111":0,"112":0,"113":0,"114":0,"115":0,"116":0,"117":0,"118":0,"119":0,"120":0,"121":0,"123":0,"124":0,"125":0,"126":0,"127":0,"128":0,"129":0,"132":0,"133":0,"134":0,"135":0,"136":0,"137":0,"138":0,"139":0,"141":0,"142":0,"143":0,"144":0,"146":0,"147":0,"148":0,"149":0,"150":0,"152":0,"153":0,"154":0,"155":0,"157":0,"158":0,"159":0,"160":0,"162":0,"163":0,"165":0,"166":0,"167":0,"168":0,"169":0,"170":0,"171":0,"172":0,"173":0,"174":0,"175":0,"176":0,"177":0,"178":0,"179":0,"180":0,"181":0,"182":0,"183":0,"184":0,"186":0,"188":0,"189":0,"190":0,"191":0,"192":0,"193":0,"194":0,"195":0,"196":0,"200":0,"201":0,"202":0,"203":0,"204":0,"205":0,"206":0,"207":0,"208":0,"209":0,"210":0,"211":0,"212":0,"213":0,"214":0,"218":0,"219":0,"220":0,"221":0,"222":0,"223":0,"224":0,"225":0,"226":0,"227":0,"228":0,"229":0,"230":0,"231":0,"232":0,"236":0,"237":0,"238":0,"239":0,"240":0,"241":0,"242":0,"243":0,"245":0,"246":0,"247":0,"248":0,"250":0,"251":0,"252":0,"253":0,"254":0,"255":0,"257":0,"258":0,"259":0,"260":0,"261":0,"262":0,"263":0,"264":0,"265":0,"269":0,"270":0,"271":0,"273":0,"274":0,"275":0,"276":0,"277":0,"278":0,"280":0,"281":0,"282":0,"283":0,"285":0,"286":0,"287":0,"288":0,"289":0,"290":0,"291":0,"292":0,"293":0,"294":0,"296":0,"297":0,"298":0,"299":0,"300":0,"301":0,"303":0,"304":0,"305":0,"306":0,"307":0,"308":0,"309":0,"311":0,"312":0,"313":0,"314":0,"315":0,"316":0,"317":0,"319":0,"320":0,"321":0,"323":0,"324":0,"325":0,"326":0,"327":0,"328":0,"329":0,"330":0,"331":0,"332":0,"333":0,"334":0,"337":0,"338":0,"340":0,"341":0,"342":0,"343":0,"347":0,"348":0,"349":0,"350":0,"351":0,"352":0,"353":0,"354":0,"355":0},"branchMap":{"0":{"type":"branch","line":1,"loc":{"start":{"line":1,"column":10512},"end":{"line":356,"column":1}},"locations":[{"start":{"line":1,"column":10512},"end":{"line":356,"column":1}}]}},"b":{"0":[0]},"fnMap":{"0":{"name":"(empty-report)","decl":{"start":{"line":1,"column":10512},"end":{"line":356,"column":1}},"loc":{"start":{"line":1,"column":10512},"end":{"line":356,"column":1}},"line":1}},"f":{"0":0}}
,"/Users/USER/bin/catseye/packages/core/src/index.ts": {"path":"/Users/USER/bin/catseye/packages/core/src/index.ts","all":false,"statementMap":{"0":{"start":{"line":1,"column":0},"end":{"line":1,"column":27}}},"s":{"0":1},"branchMap":{},"b":{},"fnMap":{},"f":{}}
,"/Users/USER/bin/catseye/packages/core/src/engine/evaluate.ts": {"path":"/Users/USER/bin/catseye/packages/core/src/engine/evaluate.ts","all":false,"statementMap":{"0":{"start":{"line":1,"column":0},"end":{"line":1,"column":67}},"23":{"start":{"line":24,"column":0},"end":{"line":24,"column":77}},"24":{"start":{"line":25,"column":0},"end":{"line":25,"column":22}},"25":{"start":{"line":26,"column":0},"end":{"line":26,"column":17}},"26":{"start":{"line":27,"column":0},"end":{"line":27,"column":37}},"27":{"start":{"line":28,"column":0},"end":{"line":28,"column":42}},"28":{"start":{"line":29,"column":0},"end":{"line":29,"column":42}},"29":{"start":{"line":30,"column":0},"end":{"line":30,"column":40}},"30":{"start":{"line":31,"column":0},"end":{"line":31,"column":62}},"31":{"start":{"line":32,"column":0},"end":{"line":32,"column":37}},"32":{"start":{"line":33,"column":0},"end":{"line":33,"column":55}},"33":{"start":{"line":34,"column":0},"end":{"line":34,"column":7}},"34":{"start":{"line":35,"column":0},"end":{"line":35,"column":74}},"35":{"start":{"line":36,"column":0},"end":{"line":36,"column":5}},"37":{"start":{"line":38,"column":0},"end":{"line":38,"column":16}},"38":{"start":{"line":39,"column":0},"end":{"line":39,"column":42}},"39":{"start":{"line":40,"column":0},"end":{"line":40,"column":40}},"40":{"start":{"line":41,"column":0},"end":{"line":41,"column":31}},"41":{"start":{"line":42,"column":0},"end":{"line":42,"column":7}},"42":{"start":{"line":43,"column":0},"end":{"line":43,"column":44}},"43":{"start":{"line":44,"column":0},"end":{"line":44,"column":5}},"45":{"start":{"line":46,"column":0},"end":{"line":46,"column":17}},"46":{"start":{"line":47,"column":0},"end":{"line":47,"column":43}},"47":{"start":{"line":48,"column":0},"end":{"line":48,"column":86}},"48":{"start":{"line":49,"column":0},"end":{"line":49,"column":5}},"50":{"start":{"line":51,"column":0},"end":{"line":51,"column":20}},"51":{"start":{"line":52,"column":0},"end":{"line":52,"column":50}},"52":{"start":{"line":53,"column":0},"end":{"line":53,"column":63}},"53":{"start":{"line":54,"column":0},"end":{"line":54,"column":50}},"54":{"start":{"line":55,"column":0},"end":{"line":55,"column":62}},"55":{"start":{"line":56,"column":0},"end":{"line":56,"column":17}},"56":{"start":{"line":57,"column":0},"end":{"line":57,"column":5}},"58":{"start":{"line":59,"column":0},"end":{"line":59,"column":12}},"59":{"start":{"line":60,"column":0},"end":{"line":60,"column":60}},"60":{"start":{"line":61,"column":0},"end":{"line":61,"column":3}},"61":{"start":{"line":62,"column":0},"end":{"line":62,"column":1}},"63":{"start":{"line":64,"column":0},"end":{"line":64,"column":84}},"64":{"start":{"line":65,"column":0},"end":{"line":65,"column":27}},"65":{"start":{"line":66,"column":0},"end":{"line":66,"column":17}},"66":{"start":{"line":67,"column":0},"end":{"line":67,"column":41}},"67":{"start":{"line":68,"column":0},"end":{"line":68,"column":82}},"68":{"start":{"line":69,"column":0},"end":{"line":69,"column":5}},"69":{"start":{"line":70,"column":0},"end":{"line":70,"column":21}},"70":{"start":{"line":71,"column":0},"end":{"line":71,"column":45}},"71":{"start":{"line":72,"column":0},"end":{"line":72,"column":82}},"72":{"start":{"line":73,"column":0},"end":{"line":73,"column":5}},"73":{"start":{"line":74,"column":0},"end":{"line":74,"column":18}},"74":{"start":{"line":75,"column":0},"end":{"line":75,"column":42}},"75":{"start":{"line":76,"column":0},"end":{"line":76,"column":82}},"76":{"start":{"line":77,"column":0},"end":{"line":77,"column":5}},"77":{"start":{"line":78,"column":0},"end":{"line":78,"column":18}},"78":{"start":{"line":79,"column":0},"end":{"line":79,"column":42}},"79":{"start":{"line":80,"column":0},"end":{"line":80,"column":82}},"80":{"start":{"line":81,"column":0},"end":{"line":81,"column":5}},"81":{"start":{"line":82,"column":0},"end":{"line":82,"column":17}},"82":{"start":{"line":83,"column":0},"end":{"line":83,"column":41}},"83":{"start":{"line":84,"column":0},"end":{"line":84,"column":82}},"84":{"start":{"line":85,"column":0},"end":{"line":85,"column":5}},"85":{"start":{"line":86,"column":0},"end":{"line":86,"column":28}},"86":{"start":{"line":87,"column":0},"end":{"line":87,"column":51}},"87":{"start":{"line":88,"column":0},"end":{"line":88,"column":60}},"88":{"start":{"line":89,"column":0},"end":{"line":89,"column":89}},"89":{"start":{"line":90,"column":0},"end":{"line":90,"column":5}},"90":{"start":{"line":91,"column":0},"end":{"line":91,"column":25}},"91":{"start":{"line":92,"column":0},"end":{"line":92,"column":48}},"92":{"start":{"line":93,"column":0},"end":{"line":93,"column":82}},"93":{"start":{"line":94,"column":0},"end":{"line":94,"column":5}},"94":{"start":{"line":95,"column":0},"end":{"line":95,"column":24}},"95":{"start":{"line":96,"column":0},"end":{"line":96,"column":47}},"96":{"start":{"line":97,"column":0},"end":{"line":97,"column":82}},"97":{"start":{"line":98,"column":0},"end":{"line":98,"column":5}},"98":{"start":{"line":99,"column":0},"end":{"line":99,"column":24}},"99":{"start":{"line":100,"column":0},"end":{"line":100,"column":47}},"100":{"start":{"line":101,"column":0},"end":{"line":101,"column":82}},"101":{"start":{"line":102,"column":0},"end":{"line":102,"column":5}},"102":{"start":{"line":103,"column":0},"end":{"line":103,"column":18}},"103":{"start":{"line":104,"column":0},"end":{"line":104,"column":42}},"104":{"start":{"line":105,"column":0},"end":{"line":105,"column":82}},"105":{"start":{"line":106,"column":0},"end":{"line":106,"column":5}},"106":{"start":{"line":107,"column":0},"end":{"line":107,"column":28}},"107":{"start":{"line":108,"column":0},"end":{"line":108,"column":51}},"108":{"start":{"line":109,"column":0},"end":{"line":109,"column":82}},"109":{"start":{"line":110,"column":0},"end":{"line":110,"column":5}},"110":{"start":{"line":111,"column":0},"end":{"line":111,"column":3}},"111":{"start":{"line":112,"column":0},"end":{"line":112,"column":1}}},"s":{"0":1,"23":1,"24":400,"25":400,"26":84,"27":84,"28":84,"29":148,"30":148,"31":99,"32":148,"33":148,"34":35,"35":35,"37":400,"38":7,"39":10,"40":10,"41":10,"42":3,"43":3,"45":400,"46":5,"47":5,"48":5,"50":400,"51":7,"52":7,"53":5,"54":7,"55":2,"56":2,"58":400,"59":297,"60":400,"61":400,"63":297,"64":297,"65":297,"66":133,"67":133,"68":133,"69":297,"70":128,"71":128,"72":128,"73":297,"74":7,"75":7,"76":7,"77":297,"78":8,"79":8,"80":8,"81":297,"82":6,"83":6,"84":6,"85":297,"86":3,"87":3,"88":3,"89":3,"90":297,"91":2,"92":2,"93":2,"94":297,"95":3,"96":3,"97":3,"98":297,"99":0,"100":0,"101":0,"102":297,"103":7,"104":7,"105":7,"106":297,"107":0,"108":0,"109":0,"110":297,"111":297},"branchMap":{"0":{"type":"branch","line":24,"loc":{"start":{"line":24,"column":7},"end":{"line":62,"column":1}},"locations":[{"start":{"line":24,"column":7},"end":{"line":62,"column":1}}]},"1":{"type":"branch","line":26,"loc":{"start":{"line":26,"column":4},"end":{"line":36,"column":5}},"locations":[{"start":{"line":26,"column":4},"end":{"line":36,"column":5}}]},"2":{"type":"branch","line":29,"loc":{"start":{"line":29,"column":41},"end":{"line":34,"column":7}},"locations":[{"start":{"line":29,"column":41},"end":{"line":34,"column":7}}]},"3":{"type":"branch","line":31,"loc":{"start":{"line":31,"column":24},"end":{"line":31,"column":62}},"locations":[{"start":{"line":31,"column":24},"end":{"line":31,"column":62}}]},"4":{"type":"branch","line":31,"loc":{"start":{"line":31,"column":61},"end":{"line":33,"column":36}},"locations":[{"start":{"line":31,"column":61},"end":{"line":33,"column":36}}]},"5":{"type":"branch","line":33,"loc":{"start":{"line":33,"column":24},"end":{"line":33,"column":55}},"locations":[{"start":{"line":33,"column":24},"end":{"line":33,"column":55}}]},"6":{"type":"branch","line":34,"loc":{"start":{"line":34,"column":6},"end":{"line":36,"column":5}},"locations":[{"start":{"line":34,"column":6},"end":{"line":36,"column":5}}]},"7":{"type":"branch","line":38,"loc":{"start":{"line":38,"column":4},"end":{"line":44,"column":5}},"locations":[{"start":{"line":38,"column":4},"end":{"line":44,"column":5}}]},"8":{"type":"branch","line":39,"loc":{"start":{"line":39,"column":41},"end":{"line":42,"column":7}},"locations":[{"start":{"line":39,"column":41},"end":{"line":42,"column":7}}]},"9":{"type":"branch","line":41,"loc":{"start":{"line":41,"column":23},"end":{"line":41,"column":31}},"locations":[{"start":{"line":41,"column":23},"end":{"line":41,"column":31}}]},"10":{"type":"branch","line":42,"loc":{"start":{"line":42,"column":6},"end":{"line":44,"column":5}},"locations":[{"start":{"line":42,"column":6},"end":{"line":44,"column":5}}]},"11":{"type":"branch","line":46,"loc":{"start":{"line":46,"column":4},"end":{"line":49,"column":5}},"locations":[{"start":{"line":46,"column":4},"end":{"line":49,"column":5}}]},"12":{"type":"branch","line":48,"loc":{"start":{"line":48,"column":47},"end":{"line":48,"column":62}},"locations":[{"start":{"line":48,"column":47},"end":{"line":48,"column":62}}]},"13":{"type":"branch","line":48,"loc":{"start":{"line":48,"column":58},"end":{"line":48,"column":85}},"locations":[{"start":{"line":48,"column":58},"end":{"line":48,"column":85}}]},"14":{"type":"branch","line":51,"loc":{"start":{"line":51,"column":4},"end":{"line":57,"column":5}},"locations":[{"start":{"line":51,"column":4},"end":{"line":57,"column":5}}]},"15":{"type":"branch","line":53,"loc":{"start":{"line":53,"column":25},"end":{"line":53,"column":63}},"locations":[{"start":{"line":53,"column":25},"end":{"line":53,"column":63}}]},"16":{"type":"branch","line":53,"loc":{"start":{"line":53,"column":62},"end":{"line":55,"column":31}},"locations":[{"start":{"line":53,"column":62},"end":{"line":55,"column":31}}]},"17":{"type":"branch","line":55,"loc":{"start":{"line":55,"column":24},"end":{"line":55,"column":62}},"locations":[{"start":{"line":55,"column":24},"end":{"line":55,"column":62}}]},"18":{"type":"branch","line":55,"loc":{"start":{"line":55,"column":61},"end":{"line":57,"column":5}},"locations":[{"start":{"line":55,"column":61},"end":{"line":57,"column":5}}]},"19":{"type":"branch","line":59,"loc":{"start":{"line":59,"column":4},"end":{"line":60,"column":60}},"locations":[{"start":{"line":59,"column":4},"end":{"line":60,"column":60}}]},"20":{"type":"branch","line":64,"loc":{"start":{"line":64,"column":0},"end":{"line":112,"column":1}},"locations":[{"start":{"line":64,"column":0},"end":{"line":112,"column":1}}]},"21":{"type":"branch","line":66,"loc":{"start":{"line":66,"column":4},"end":{"line":69,"column":5}},"locations":[{"start":{"line":66,"column":4},"end":{"line":69,"column":5}}]},"22":{"type":"branch","line":68,"loc":{"start":{"line":68,"column":13},"end":{"line":68,"column":51}},"locations":[{"start":{"line":68,"column":13},"end":{"line":68,"column":51}}]},"23":{"type":"branch","line":68,"loc":{"start":{"line":68,"column":47},"end":{"line":68,"column":82}},"locations":[{"start":{"line":68,"column":47},"end":{"line":68,"column":82}}]},"24":{"type":"branch","line":70,"loc":{"start":{"line":70,"column":4},"end":{"line":73,"column":5}},"locations":[{"start":{"line":70,"column":4},"end":{"line":73,"column":5}}]},"25":{"type":"branch","line":72,"loc":{"start":{"line":72,"column":13},"end":{"line":72,"column":51}},"locations":[{"start":{"line":72,"column":13},"end":{"line":72,"column":51}}]},"26":{"type":"branch","line":72,"loc":{"start":{"line":72,"column":47},"end":{"line":72,"column":82}},"locations":[{"start":{"line":72,"column":47},"end":{"line":72,"column":82}}]},"27":{"type":"branch","line":74,"loc":{"start":{"line":74,"column":4},"end":{"line":77,"column":5}},"locations":[{"start":{"line":74,"column":4},"end":{"line":77,"column":5}}]},"28":{"type":"branch","line":76,"loc":{"start":{"line":76,"column":13},"end":{"line":76,"column":51}},"locations":[{"start":{"line":76,"column":13},"end":{"line":76,"column":51}}]},"29":{"type":"branch","line":76,"loc":{"start":{"line":76,"column":47},"end":{"line":76,"column":82}},"locations":[{"start":{"line":76,"column":47},"end":{"line":76,"column":82}}]},"30":{"type":"branch","line":78,"loc":{"start":{"line":78,"column":4},"end":{"line":81,"column":5}},"locations":[{"start":{"line":78,"column":4},"end":{"line":81,"column":5}}]},"31":{"type":"branch","line":80,"loc":{"start":{"line":80,"column":13},"end":{"line":80,"column":51}},"locations":[{"start":{"line":80,"column":13},"end":{"line":80,"column":51}}]},"32":{"type":"branch","line":80,"loc":{"start":{"line":80,"column":47},"end":{"line":80,"column":82}},"locations":[{"start":{"line":80,"column":47},"end":{"line":80,"column":82}}]},"33":{"type":"branch","line":82,"loc":{"start":{"line":82,"column":4},"end":{"line":85,"column":5}},"locations":[{"start":{"line":82,"column":4},"end":{"line":85,"column":5}}]},"34":{"type":"branch","line":84,"loc":{"start":{"line":84,"column":13},"end":{"line":84,"column":51}},"locations":[{"start":{"line":84,"column":13},"end":{"line":84,"column":51}}]},"35":{"type":"branch","line":84,"loc":{"start":{"line":84,"column":47},"end":{"line":84,"column":82}},"locations":[{"start":{"line":84,"column":47},"end":{"line":84,"column":82}}]},"36":{"type":"branch","line":86,"loc":{"start":{"line":86,"column":4},"end":{"line":90,"column":5}},"locations":[{"start":{"line":86,"column":4},"end":{"line":90,"column":5}}]},"37":{"type":"branch","line":88,"loc":{"start":{"line":88,"column":22},"end":{"line":88,"column":60}},"locations":[{"start":{"line":88,"column":22},"end":{"line":88,"column":60}}]},"38":{"type":"branch","line":89,"loc":{"start":{"line":89,"column":59},"end":{"line":89,"column":67}},"locations":[{"start":{"line":89,"column":59},"end":{"line":89,"column":67}}]},"39":{"type":"branch","line":91,"loc":{"start":{"line":91,"column":4},"end":{"line":94,"column":5}},"locations":[{"start":{"line":91,"column":4},"end":{"line":94,"column":5}}]},"40":{"type":"branch","line":93,"loc":{"start":{"line":93,"column":13},"end":{"line":93,"column":51}},"locations":[{"start":{"line":93,"column":13},"end":{"line":93,"column":51}}]},"41":{"type":"branch","line":95,"loc":{"start":{"line":95,"column":4},"end":{"line":98,"column":5}},"locations":[{"start":{"line":95,"column":4},"end":{"line":98,"column":5}}]},"42":{"type":"branch","line":97,"loc":{"start":{"line":97,"column":13},"end":{"line":97,"column":51}},"locations":[{"start":{"line":97,"column":13},"end":{"line":97,"column":51}}]},"43":{"type":"branch","line":99,"loc":{"start":{"line":99,"column":4},"end":{"line":102,"column":5}},"locations":[{"start":{"line":99,"column":4},"end":{"line":102,"column":5}}]},"44":{"type":"branch","line":103,"loc":{"start":{"line":103,"column":4},"end":{"line":106,"column":5}},"locations":[{"start":{"line":103,"column":4},"end":{"line":106,"column":5}}]},"45":{"type":"branch","line":105,"loc":{"start":{"line":105,"column":13},"end":{"line":105,"column":51}},"locations":[{"start":{"line":105,"column":13},"end":{"line":105,"column":51}}]},"46":{"type":"branch","line":107,"loc":{"start":{"line":107,"column":4},"end":{"line":110,"column":5}},"locations":[{"start":{"line":107,"column":4},"end":{"line":110,"column":5}}]}},"b":{"0":[400],"1":[84],"2":[148],"3":[49],"4":[99],"5":[0],"6":[35],"7":[7],"8":[10],"9":[4],"10":[3],"11":[5],"12":[3],"13":[2],"14":[7],"15":[2],"16":[5],"17":[3],"18":[2],"19":[297],"20":[297],"21":[133],"22":[101],"23":[32],"24":[128],"25":[67],"26":[61],"27":[7],"28":[1],"29":[6],"30":[8],"31":[5],"32":[3],"33":[6],"34":[2],"35":[4],"36":[3],"37":[0],"38":[0],"39":[2],"40":[0],"41":[3],"42":[0],"43":[0],"44":[7],"45":[0],"46":[0]},"fnMap":{"0":{"name":"evaluate","decl":{"start":{"line":24,"column":7},"end":{"line":62,"column":1}},"loc":{"start":{"line":24,"column":7},"end":{"line":62,"column":1}},"line":24},"1":{"name":"evaluatePredicate","decl":{"start":{"line":64,"column":0},"end":{"line":112,"column":1}},"loc":{"start":{"line":64,"column":0},"end":{"line":112,"column":1}},"line":64}},"f":{"0":400,"1":297}}
,"/Users/USER/bin/catseye/packages/core/src/engine/result.ts": {"path":"/Users/USER/bin/catseye/packages/core/src/engine/result.ts","all":false,"statementMap":{"0":{"start":{"line":1,"column":0},"end":{"line":1,"column":44}},"12":{"start":{"line":13,"column":0},"end":{"line":13,"column":34}},"13":{"start":{"line":14,"column":0},"end":{"line":14,"column":15}},"14":{"start":{"line":15,"column":0},"end":{"line":15,"column":19}},"15":{"start":{"line":16,"column":0},"end":{"line":16,"column":29}},"16":{"start":{"line":17,"column":0},"end":{"line":17,"column":36}},"17":{"start":{"line":18,"column":0},"end":{"line":18,"column":26}},"18":{"start":{"line":19,"column":0},"end":{"line":19,"column":64}},"19":{"start":{"line":20,"column":0},"end":{"line":20,"column":44}},"20":{"start":{"line":21,"column":0},"end":{"line":21,"column":3}},"22":{"start":{"line":23,"column":0},"end":{"line":23,"column":40}},"23":{"start":{"line":24,"column":0},"end":{"line":24,"column":54}},"26":{"start":{"line":27,"column":0},"end":{"line":27,"column":38}},"27":{"start":{"line":28,"column":0},"end":{"line":28,"column":76}},"28":{"start":{"line":29,"column":0},"end":{"line":29,"column":17}},"29":{"start":{"line":30,"column":0},"end":{"line":30,"column":56}},"30":{"start":{"line":31,"column":0},"end":{"line":31,"column":3}},"33":{"start":{"line":34,"column":0},"end":{"line":34,"column":55}},"34":{"start":{"line":35,"column":0},"end":{"line":35,"column":39}},"35":{"start":{"line":36,"column":0},"end":{"line":36,"column":44}},"36":{"start":{"line":37,"column":0},"end":{"line":37,"column":4}},"38":{"start":{"line":39,"column":0},"end":{"line":39,"column":29}},"39":{"start":{"line":40,"column":0},"end":{"line":40,"column":35}},"41":{"start":{"line":42,"column":0},"end":{"line":42,"column":37}},"42":{"start":{"line":43,"column":0},"end":{"line":43,"column":51}},"43":{"start":{"line":44,"column":0},"end":{"line":44,"column":25}},"44":{"start":{"line":45,"column":0},"end":{"line":45,"column":18}},"45":{"start":{"line":46,"column":0},"end":{"line":46,"column":25}},"46":{"start":{"line":47,"column":0},"end":{"line":47,"column":32}},"47":{"start":{"line":48,"column":0},"end":{"line":48,"column":35}},"48":{"start":{"line":49,"column":0},"end":{"line":49,"column":31}},"49":{"start":{"line":50,"column":0},"end":{"line":50,"column":8}},"50":{"start":{"line":51,"column":0},"end":{"line":51,"column":58}},"51":{"start":{"line":52,"column":0},"end":{"line":52,"column":41}},"52":{"start":{"line":53,"column":0},"end":{"line":53,"column":7}},"53":{"start":{"line":54,"column":0},"end":{"line":54,"column":5}},"54":{"start":{"line":55,"column":0},"end":{"line":55,"column":3}},"57":{"start":{"line":58,"column":0},"end":{"line":58,"column":29}},"58":{"start":{"line":59,"column":0},"end":{"line":59,"column":29}},"59":{"start":{"line":60,"column":0},"end":{"line":60,"column":42}},"60":{"start":{"line":61,"column":0},"end":{"line":61,"column":46}},"61":{"start":{"line":62,"column":0},"end":{"line":62,"column":18}},"62":{"start":{"line":63,"column":0},"end":{"line":63,"column":24}},"63":{"start":{"line":64,"column":0},"end":{"line":64,"column":29}},"64":{"start":{"line":65,"column":0},"end":{"line":65,"column":30}},"65":{"start":{"line":66,"column":0},"end":{"line":66,"column":8}},"66":{"start":{"line":67,"column":0},"end":{"line":67,"column":5}},"67":{"start":{"line":68,"column":0},"end":{"line":68,"column":3}},"69":{"start":{"line":70,"column":0},"end":{"line":70,"column":52}},"71":{"start":{"line":72,"column":0},"end":{"line":72,"column":59}},"72":{"start":{"line":73,"column":0},"end":{"line":73,"column":1}},"74":{"start":{"line":75,"column":0},"end":{"line":75,"column":22}},"75":{"start":{"line":76,"column":0},"end":{"line":76,"column":28}},"76":{"start":{"line":77,"column":0},"end":{"line":77,"column":34}},"77":{"start":{"line":78,"column":0},"end":{"line":78,"column":28}},"78":{"start":{"line":79,"column":0},"end":{"line":79,"column":10}},"79":{"start":{"line":80,"column":0},"end":{"line":80,"column":67}},"80":{"start":{"line":81,"column":0},"end":{"line":81,"column":76}},"81":{"start":{"line":82,"column":0},"end":{"line":82,"column":10}},"82":{"start":{"line":83,"column":0},"end":{"line":83,"column":28}},"83":{"start":{"line":84,"column":0},"end":{"line":84,"column":34}},"84":{"start":{"line":85,"column":0},"end":{"line":85,"column":28}},"85":{"start":{"line":86,"column":0},"end":{"line":86,"column":15}},"86":{"start":{"line":87,"column":0},"end":{"line":87,"column":19}},"87":{"start":{"line":88,"column":0},"end":{"line":88,"column":3}},"88":{"start":{"line":89,"column":0},"end":{"line":89,"column":1}},"90":{"start":{"line":91,"column":0},"end":{"line":91,"column":46}},"91":{"start":{"line":92,"column":0},"end":{"line":92,"column":37}},"92":{"start":{"line":93,"column":0},"end":{"line":93,"column":1}},"94":{"start":{"line":95,"column":0},"end":{"line":95,"column":78}},"95":{"start":{"line":96,"column":0},"end":{"line":96,"column":22}},"96":{"start":{"line":97,"column":0},"end":{"line":97,"column":23}},"97":{"start":{"line":98,"column":0},"end":{"line":98,"column":22}},"98":{"start":{"line":99,"column":0},"end":{"line":99,"column":22}},"99":{"start":{"line":100,"column":0},"end":{"line":100,"column":16}},"100":{"start":{"line":101,"column":0},"end":{"line":101,"column":26}},"101":{"start":{"line":102,"column":0},"end":{"line":102,"column":17}},"102":{"start":{"line":103,"column":0},"end":{"line":103,"column":15}},"103":{"start":{"line":104,"column":0},"end":{"line":104,"column":14}},"104":{"start":{"line":105,"column":0},"end":{"line":105,"column":44}},"105":{"start":{"line":106,"column":0},"end":{"line":106,"column":15}},"106":{"start":{"line":107,"column":0},"end":{"line":107,"column":36}},"107":{"start":{"line":108,"column":0},"end":{"line":108,"column":18}},"108":{"start":{"line":109,"column":0},"end":{"line":109,"column":71}},"109":{"start":{"line":110,"column":0},"end":{"line":110,"column":12}},"110":{"start":{"line":111,"column":0},"end":{"line":111,"column":18}},"111":{"start":{"line":112,"column":0},"end":{"line":112,"column":3}},"112":{"start":{"line":113,"column":0},"end":{"line":113,"column":1}}},"s":{"0":1,"12":36,"13":36,"14":36,"15":36,"16":36,"17":36,"18":0,"19":0,"20":0,"22":36,"23":36,"26":36,"27":36,"28":36,"29":3,"30":3,"33":36,"34":225,"35":225,"36":36,"38":36,"39":36,"41":36,"42":225,"43":225,"44":108,"45":108,"46":108,"47":108,"48":108,"49":108,"50":108,"51":3,"52":3,"53":108,"54":225,"57":36,"58":36,"59":108,"60":108,"61":0,"62":0,"63":0,"64":0,"65":0,"66":0,"67":108,"69":36,"71":36,"72":36,"74":36,"75":36,"76":36,"77":36,"78":36,"79":36,"80":36,"81":36,"82":36,"83":36,"84":36,"85":36,"86":36,"87":36,"88":36,"90":36,"91":36,"92":36,"94":65,"95":65,"96":65,"97":65,"98":65,"99":65,"100":65,"101":3,"102":65,"103":65,"104":13,"105":65,"106":1,"107":65,"108":1,"109":65,"110":47,"111":65,"112":65},"branchMap":{"0":{"type":"branch","line":13,"loc":{"start":{"line":13,"column":0},"end":{"line":73,"column":1}},"locations":[{"start":{"line":13,"column":0},"end":{"line":73,"column":1}}]},"1":{"type":"branch","line":18,"loc":{"start":{"line":18,"column":25},"end":{"line":21,"column":3}},"locations":[{"start":{"line":18,"column":25},"end":{"line":21,"column":3}}]},"2":{"type":"branch","line":29,"loc":{"start":{"line":29,"column":16},"end":{"line":31,"column":3}},"locations":[{"start":{"line":29,"column":16},"end":{"line":31,"column":3}}]},"3":{"type":"branch","line":42,"loc":{"start":{"line":42,"column":36},"end":{"line":55,"column":3}},"locations":[{"start":{"line":42,"column":36},"end":{"line":55,"column":3}}]},"4":{"type":"branch","line":44,"loc":{"start":{"line":44,"column":24},"end":{"line":54,"column":5}},"locations":[{"start":{"line":44,"column":24},"end":{"line":54,"column":5}}]},"5":{"type":"branch","line":51,"loc":{"start":{"line":51,"column":17},"end":{"line":51,"column":57}},"locations":[{"start":{"line":51,"column":17},"end":{"line":51,"column":57}}]},"6":{"type":"branch","line":51,"loc":{"start":{"line":51,"column":57},"end":{"line":53,"column":7}},"locations":[{"start":{"line":51,"column":57},"end":{"line":53,"column":7}}]},"7":{"type":"branch","line":59,"loc":{"start":{"line":59,"column":28},"end":{"line":68,"column":3}},"locations":[{"start":{"line":59,"column":28},"end":{"line":68,"column":3}}]},"8":{"type":"branch","line":61,"loc":{"start":{"line":61,"column":8},"end":{"line":61,"column":30}},"locations":[{"start":{"line":61,"column":8},"end":{"line":61,"column":30}}]},"9":{"type":"branch","line":61,"loc":{"start":{"line":61,"column":13},"end":{"line":61,"column":45}},"locations":[{"start":{"line":61,"column":13},"end":{"line":61,"column":45}}]},"10":{"type":"branch","line":61,"loc":{"start":{"line":61,"column":45},"end":{"line":67,"column":5}},"locations":[{"start":{"line":61,"column":45},"end":{"line":67,"column":5}}]},"11":{"type":"branch","line":34,"loc":{"start":{"line":34,"column":49},"end":{"line":37,"column":3}},"locations":[{"start":{"line":34,"column":49},"end":{"line":37,"column":3}}]},"12":{"type":"branch","line":36,"loc":{"start":{"line":36,"column":11},"end":{"line":36,"column":43}},"locations":[{"start":{"line":36,"column":11},"end":{"line":36,"column":43}}]},"13":{"type":"branch","line":36,"loc":{"start":{"line":36,"column":39},"end":{"line":36,"column":44}},"locations":[{"start":{"line":36,"column":39},"end":{"line":36,"column":44}}]},"14":{"type":"branch","line":75,"loc":{"start":{"line":75,"column":0},"end":{"line":89,"column":1}},"locations":[{"start":{"line":75,"column":0},"end":{"line":89,"column":1}}]},"15":{"type":"branch","line":80,"loc":{"start":{"line":80,"column":34},"end":{"line":80,"column":65}},"locations":[{"start":{"line":80,"column":34},"end":{"line":80,"column":65}}]},"16":{"type":"branch","line":81,"loc":{"start":{"line":81,"column":38},"end":{"line":81,"column":74}},"locations":[{"start":{"line":81,"column":38},"end":{"line":81,"column":74}}]},"17":{"type":"branch","line":91,"loc":{"start":{"line":91,"column":0},"end":{"line":93,"column":1}},"locations":[{"start":{"line":91,"column":0},"end":{"line":93,"column":1}}]},"18":{"type":"branch","line":95,"loc":{"start":{"line":95,"column":0},"end":{"line":113,"column":1}},"locations":[{"start":{"line":95,"column":0},"end":{"line":113,"column":1}}]},"19":{"type":"branch","line":97,"loc":{"start":{"line":97,"column":4},"end":{"line":97,"column":23}},"locations":[{"start":{"line":97,"column":4},"end":{"line":97,"column":23}}]},"20":{"type":"branch","line":98,"loc":{"start":{"line":98,"column":4},"end":{"line":98,"column":22}},"locations":[{"start":{"line":98,"column":4},"end":{"line":98,"column":22}}]},"21":{"type":"branch","line":99,"loc":{"start":{"line":99,"column":4},"end":{"line":99,"column":22}},"locations":[{"start":{"line":99,"column":4},"end":{"line":99,"column":22}}]},"22":{"type":"branch","line":100,"loc":{"start":{"line":100,"column":4},"end":{"line":100,"column":16}},"locations":[{"start":{"line":100,"column":4},"end":{"line":100,"column":16}}]},"23":{"type":"branch","line":101,"loc":{"start":{"line":101,"column":4},"end":{"line":102,"column":17}},"locations":[{"start":{"line":101,"column":4},"end":{"line":102,"column":17}}]},"24":{"type":"branch","line":103,"loc":{"start":{"line":103,"column":4},"end":{"line":103,"column":15}},"locations":[{"start":{"line":103,"column":4},"end":{"line":103,"column":15}}]},"25":{"type":"branch","line":104,"loc":{"start":{"line":104,"column":4},"end":{"line":105,"column":44}},"locations":[{"start":{"line":104,"column":4},"end":{"line":105,"column":44}}]},"26":{"type":"branch","line":106,"loc":{"start":{"line":106,"column":4},"end":{"line":107,"column":36}},"locations":[{"start":{"line":106,"column":4},"end":{"line":107,"column":36}}]},"27":{"type":"branch","line":108,"loc":{"start":{"line":108,"column":4},"end":{"line":109,"column":71}},"locations":[{"start":{"line":108,"column":4},"end":{"line":109,"column":71}}]},"28":{"type":"branch","line":110,"loc":{"start":{"line":110,"column":4},"end":{"line":111,"column":18}},"locations":[{"start":{"line":110,"column":4},"end":{"line":111,"column":18}}]}},"b":{"0":[36],"1":[0],"2":[3],"3":[225],"4":[108],"5":[38],"6":[3],"7":[108],"8":[0],"9":[0],"10":[0],"11":[225],"12":[12],"13":[213],"14":[36],"15":[108],"16":[108],"17":[36],"18":[65],"19":[1],"20":[2],"21":[2],"22":[3],"23":[3],"24":[12],"25":[13],"26":[1],"27":[1],"28":[47]},"fnMap":{"0":{"name":"buildResult","decl":{"start":{"line":13,"column":0},"end":{"line":73,"column":1}},"loc":{"start":{"line":13,"column":0},"end":{"line":73,"column":1}},"line":13},"1":{"name":"computeStats","decl":{"start":{"line":75,"column":0},"end":{"line":89,"column":1}},"loc":{"start":{"line":75,"column":0},"end":{"line":89,"column":1}},"line":75},"2":{"name":"queryUsesGit","decl":{"start":{"line":91,"column":0},"end":{"line":93,"column":1}},"loc":{"start":{"line":91,"column":0},"end":{"line":93,"column":1}},"line":91},"3":{"name":"nodeUsesGit","decl":{"start":{"line":95,"column":0},"end":{"line":113,"column":1}},"loc":{"start":{"line":95,"column":0},"end":{"line":113,"column":1}},"line":95}},"f":{"0":36,"1":36,"2":36,"3":65}}
,"/Users/USER/bin/catseye/packages/core/src/engine/predicates/age.ts": {"path":"/Users/USER/bin/catseye/packages/core/src/engine/predicates/age.ts","all":false,"statementMap":{"3":{"start":{"line":4,"column":0},"end":{"line":4,"column":44}},"4":{"start":{"line":5,"column":0},"end":{"line":5,"column":14}},"5":{"start":{"line":6,"column":0},"end":{"line":6,"column":18}},"6":{"start":{"line":7,"column":0},"end":{"line":7,"column":22}},"7":{"start":{"line":8,"column":0},"end":{"line":8,"column":23}},"8":{"start":{"line":9,"column":0},"end":{"line":9,"column":24}},"9":{"start":{"line":10,"column":0},"end":{"line":10,"column":3}},"10":{"start":{"line":11,"column":0},"end":{"line":11,"column":29}},"11":{"start":{"line":12,"column":0},"end":{"line":12,"column":1}},"13":{"start":{"line":14,"column":0},"end":{"line":14,"column":95}},"14":{"start":{"line":15,"column":0},"end":{"line":15,"column":60}},"15":{"start":{"line":16,"column":0},"end":{"line":16,"column":54}},"16":{"start":{"line":17,"column":0},"end":{"line":17,"column":43}},"18":{"start":{"line":19,"column":0},"end":{"line":19,"column":28}},"19":{"start":{"line":20,"column":0},"end":{"line":20,"column":103}},"20":{"start":{"line":21,"column":0},"end":{"line":21,"column":3}},"21":{"start":{"line":22,"column":0},"end":{"line":22,"column":13}},"22":{"start":{"line":23,"column":0},"end":{"line":23,"column":1}},"24":{"start":{"line":25,"column":0},"end":{"line":25,"column":95}},"25":{"start":{"line":26,"column":0},"end":{"line":26,"column":60}},"26":{"start":{"line":27,"column":0},"end":{"line":27,"column":54}},"27":{"start":{"line":28,"column":0},"end":{"line":28,"column":43}},"29":{"start":{"line":30,"column":0},"end":{"line":30,"column":28}},"30":{"start":{"line":31,"column":0},"end":{"line":31,"column":103}},"31":{"start":{"line":32,"column":0},"end":{"line":32,"column":3}},"32":{"start":{"line":33,"column":0},"end":{"line":33,"column":13}},"33":{"start":{"line":34,"column":0},"end":{"line":34,"column":1}}},"s":{"3":3,"4":3,"5":3,"6":3,"7":3,"8":3,"9":3,"10":3,"11":3,"13":1,"14":3,"15":3,"16":3,"18":3,"19":0,"20":0,"21":3,"22":3,"24":1,"25":0,"26":0,"27":0,"29":0,"30":0,"31":0,"32":0,"33":0},"branchMap":{"0":{"type":"branch","line":4,"loc":{"start":{"line":4,"column":0},"end":{"line":12,"column":1}},"locations":[{"start":{"line":4,"column":0},"end":{"line":12,"column":1}}]},"1":{"type":"branch","line":14,"loc":{"start":{"line":14,"column":7},"end":{"line":23,"column":1}},"locations":[{"start":{"line":14,"column":7},"end":{"line":23,"column":1}}]},"2":{"type":"branch","line":15,"loc":{"start":{"line":15,"column":31},"end":{"line":15,"column":60}},"locations":[{"start":{"line":15,"column":31},"end":{"line":15,"column":60}}]},"3":{"type":"branch","line":19,"loc":{"start":{"line":19,"column":27},"end":{"line":21,"column":3}},"locations":[{"start":{"line":19,"column":27},"end":{"line":21,"column":3}}]}},"b":{"0":[3],"1":[3],"2":[0],"3":[0]},"fnMap":{"0":{"name":"durationToMs","decl":{"start":{"line":4,"column":0},"end":{"line":12,"column":1}},"loc":{"start":{"line":4,"column":0},"end":{"line":12,"column":1}},"line":4},"1":{"name":"evalOlderThan","decl":{"start":{"line":14,"column":7},"end":{"line":23,"column":1}},"loc":{"start":{"line":14,"column":7},"end":{"line":23,"column":1}},"line":14},"2":{"name":"evalNewerThan","decl":{"start":{"line":25,"column":7},"end":{"line":34,"column":1}},"loc":{"start":{"line":25,"column":7},"end":{"line":34,"column":1}},"line":25}},"f":{"0":3,"1":3,"2":0}}
,"/Users/USER/bin/catseye/packages/core/src/engine/predicates/authored-by.ts": {"path":"/Users/USER/bin/catseye/packages/core/src/engine/predicates/authored-by.ts","all":false,"statementMap":{"3":{"start":{"line":4,"column":0},"end":{"line":4,"column":97}},"4":{"start":{"line":5,"column":0},"end":{"line":5,"column":28}},"5":{"start":{"line":6,"column":0},"end":{"line":6,"column":23}},"7":{"start":{"line":8,"column":0},"end":{"line":8,"column":45}},"8":{"start":{"line":9,"column":0},"end":{"line":9,"column":73}},"9":{"start":{"line":10,"column":0},"end":{"line":10,"column":79}},"11":{"start":{"line":12,"column":0},"end":{"line":12,"column":32}},"12":{"start":{"line":13,"column":0},"end":{"line":13,"column":76}},"13":{"start":{"line":14,"column":0},"end":{"line":14,"column":47}},"14":{"start":{"line":15,"column":0},"end":{"line":15,"column":3}},"15":{"start":{"line":16,"column":0},"end":{"line":16,"column":13}},"16":{"start":{"line":17,"column":0},"end":{"line":17,"column":1}}},"s":{"3":1,"4":2,"5":2,"7":2,"8":2,"9":2,"11":2,"12":0,"13":0,"14":0,"15":2,"16":2},"branchMap":{"0":{"type":"branch","line":4,"loc":{"start":{"line":4,"column":7},"end":{"line":17,"column":1}},"locations":[{"start":{"line":4,"column":7},"end":{"line":17,"column":1}}]},"1":{"type":"branch","line":6,"loc":{"start":{"line":6,"column":12},"end":{"line":6,"column":23}},"locations":[{"start":{"line":6,"column":12},"end":{"line":6,"column":23}}]},"2":{"type":"branch","line":9,"loc":{"start":{"line":9,"column":63},"end":{"line":9,"column":73}},"locations":[{"start":{"line":9,"column":63},"end":{"line":9,"column":73}}]},"3":{"type":"branch","line":10,"loc":{"start":{"line":10,"column":69},"end":{"line":10,"column":79}},"locations":[{"start":{"line":10,"column":69},"end":{"line":10,"column":79}}]},"4":{"type":"branch","line":12,"loc":{"start":{"line":12,"column":31},"end":{"line":15,"column":3}},"locations":[{"start":{"line":12,"column":31},"end":{"line":15,"column":3}}]}},"b":{"0":[2],"1":[0],"2":[0],"3":[0],"4":[0]},"fnMap":{"0":{"name":"evalAuthoredBy","decl":{"start":{"line":4,"column":7},"end":{"line":17,"column":1}},"loc":{"start":{"line":4,"column":7},"end":{"line":17,"column":1}},"line":4}},"f":{"0":2}}
,"/Users/USER/bin/catseye/packages/core/src/engine/predicates/commit-message.ts": {"path":"/Users/USER/bin/catseye/packages/core/src/engine/predicates/commit-message.ts","all":false,"statementMap":{"3":{"start":{"line":4,"column":0},"end":{"line":4,"column":103}},"4":{"start":{"line":5,"column":0},"end":{"line":5,"column":51}},"5":{"start":{"line":6,"column":0},"end":{"line":6,"column":27}},"7":{"start":{"line":8,"column":0},"end":{"line":8,"column":69}},"8":{"start":{"line":9,"column":0},"end":{"line":9,"column":66}},"9":{"start":{"line":10,"column":0},"end":{"line":10,"column":3}},"10":{"start":{"line":11,"column":0},"end":{"line":11,"column":13}},"11":{"start":{"line":12,"column":0},"end":{"line":12,"column":1}}},"s":{"3":1,"4":0,"5":0,"7":0,"8":0,"9":0,"10":0,"11":0},"branchMap":{},"b":{},"fnMap":{"0":{"name":"evalCommitMessage","decl":{"start":{"line":4,"column":7},"end":{"line":12,"column":1}},"loc":{"start":{"line":4,"column":7},"end":{"line":12,"column":1}},"line":4}},"f":{"0":0}}
,"/Users/USER/bin/catseye/packages/core/src/engine/predicates/diff.ts": {"path":"/Users/USER/bin/catseye/packages/core/src/engine/predicates/diff.ts","all":false,"statementMap":{"3":{"start":{"line":4,"column":0},"end":{"line":4,"column":85}},"4":{"start":{"line":5,"column":0},"end":{"line":5,"column":28}},"5":{"start":{"line":6,"column":0},"end":{"line":6,"column":23}},"8":{"start":{"line":9,"column":0},"end":{"line":9,"column":23}},"9":{"start":{"line":10,"column":0},"end":{"line":10,"column":28}},"10":{"start":{"line":11,"column":0},"end":{"line":11,"column":34}},"11":{"start":{"line":12,"column":0},"end":{"line":12,"column":5}},"12":{"start":{"line":13,"column":0},"end":{"line":13,"column":15}},"13":{"start":{"line":14,"column":0},"end":{"line":14,"column":3}},"18":{"start":{"line":19,"column":0},"end":{"line":19,"column":26}},"19":{"start":{"line":20,"column":0},"end":{"line":20,"column":55}},"20":{"start":{"line":21,"column":0},"end":{"line":21,"column":3}},"21":{"start":{"line":22,"column":0},"end":{"line":22,"column":13}},"22":{"start":{"line":23,"column":0},"end":{"line":23,"column":1}}},"s":{"3":1,"4":7,"5":7,"8":7,"9":7,"10":0,"11":0,"12":7,"13":7,"18":0,"19":0,"20":0,"21":0,"22":0},"branchMap":{"0":{"type":"branch","line":4,"loc":{"start":{"line":4,"column":7},"end":{"line":23,"column":1}},"locations":[{"start":{"line":4,"column":7},"end":{"line":23,"column":1}}]},"1":{"type":"branch","line":6,"loc":{"start":{"line":6,"column":12},"end":{"line":6,"column":23}},"locations":[{"start":{"line":6,"column":12},"end":{"line":6,"column":23}}]},"2":{"type":"branch","line":10,"loc":{"start":{"line":10,"column":27},"end":{"line":12,"column":5}},"locations":[{"start":{"line":10,"column":27},"end":{"line":12,"column":5}}]},"3":{"type":"branch","line":14,"loc":{"start":{"line":14,"column":2},"end":{"line":23,"column":1}},"locations":[{"start":{"line":14,"column":2},"end":{"line":23,"column":1}}]}},"b":{"0":[7],"1":[0],"2":[0],"3":[0]},"fnMap":{"0":{"name":"evalDiff","decl":{"start":{"line":4,"column":7},"end":{"line":23,"column":1}},"loc":{"start":{"line":4,"column":7},"end":{"line":23,"column":1}},"line":4}},"f":{"0":7}}
,"/Users/USER/bin/catseye/packages/core/src/engine/predicates/ext.ts": {"path":"/Users/USER/bin/catseye/packages/core/src/engine/predicates/ext.ts","all":false,"statementMap":{"3":{"start":{"line":4,"column":0},"end":{"line":4,"column":83}},"4":{"start":{"line":5,"column":0},"end":{"line":5,"column":55}},"5":{"start":{"line":6,"column":0},"end":{"line":6,"column":56}},"6":{"start":{"line":7,"column":0},"end":{"line":7,"column":3}},"7":{"start":{"line":8,"column":0},"end":{"line":8,"column":13}},"8":{"start":{"line":9,"column":0},"end":{"line":9,"column":1}}},"s":{"3":1,"4":133,"5":101,"6":101,"7":32,"8":32},"branchMap":{"0":{"type":"branch","line":4,"loc":{"start":{"line":4,"column":7},"end":{"line":9,"column":1}},"locations":[{"start":{"line":4,"column":7},"end":{"line":9,"column":1}}]},"1":{"type":"branch","line":5,"loc":{"start":{"line":5,"column":54},"end":{"line":7,"column":3}},"locations":[{"start":{"line":5,"column":54},"end":{"line":7,"column":3}}]},"2":{"type":"branch","line":7,"loc":{"start":{"line":7,"column":2},"end":{"line":9,"column":1}},"locations":[{"start":{"line":7,"column":2},"end":{"line":9,"column":1}}]}},"b":{"0":[133],"1":[101],"2":[32]},"fnMap":{"0":{"name":"evalExt","decl":{"start":{"line":4,"column":7},"end":{"line":9,"column":1}},"loc":{"start":{"line":4,"column":7},"end":{"line":9,"column":1}},"line":4}},"f":{"0":133}}
,"/Users/USER/bin/catseye/packages/core/src/engine/predicates/file.ts": {"path":"/Users/USER/bin/catseye/packages/core/src/engine/predicates/file.ts","all":false,"statementMap":{"3":{"start":{"line":4,"column":0},"end":{"line":4,"column":89}},"4":{"start":{"line":5,"column":0},"end":{"line":5,"column":45}},"5":{"start":{"line":6,"column":0},"end":{"line":6,"column":36}},"6":{"start":{"line":7,"column":0},"end":{"line":7,"column":41}},"7":{"start":{"line":8,"column":0},"end":{"line":8,"column":45}},"8":{"start":{"line":9,"column":0},"end":{"line":9,"column":5}},"9":{"start":{"line":10,"column":0},"end":{"line":10,"column":3}},"10":{"start":{"line":11,"column":0},"end":{"line":11,"column":13}},"11":{"start":{"line":12,"column":0},"end":{"line":12,"column":1}}},"s":{"3":1,"4":7,"5":7,"6":7,"7":1,"8":1,"9":7,"10":6,"11":6},"branchMap":{"0":{"type":"branch","line":4,"loc":{"start":{"line":4,"column":7},"end":{"line":12,"column":1}},"locations":[{"start":{"line":4,"column":7},"end":{"line":12,"column":1}}]},"1":{"type":"branch","line":7,"loc":{"start":{"line":7,"column":40},"end":{"line":9,"column":5}},"locations":[{"start":{"line":7,"column":40},"end":{"line":9,"column":5}}]},"2":{"type":"branch","line":10,"loc":{"start":{"line":10,"column":2},"end":{"line":12,"column":1}},"locations":[{"start":{"line":10,"column":2},"end":{"line":12,"column":1}}]}},"b":{"0":[7],"1":[1],"2":[6]},"fnMap":{"0":{"name":"evalFile","decl":{"start":{"line":4,"column":7},"end":{"line":12,"column":1}},"loc":{"start":{"line":4,"column":7},"end":{"line":12,"column":1}},"line":4}},"f":{"0":7}}
,"/Users/USER/bin/catseye/packages/core/src/engine/predicates/glob.ts": {"path":"/Users/USER/bin/catseye/packages/core/src/engine/predicates/glob.ts","all":false,"statementMap":{"0":{"start":{"line":1,"column":0},"end":{"line":1,"column":37}},"4":{"start":{"line":5,"column":0},"end":{"line":5,"column":85}},"5":{"start":{"line":6,"column":0},"end":{"line":6,"column":73}},"6":{"start":{"line":7,"column":0},"end":{"line":7,"column":27}},"7":{"start":{"line":8,"column":0},"end":{"line":8,"column":57}},"8":{"start":{"line":9,"column":0},"end":{"line":9,"column":1}}},"s":{"0":1,"4":1,"5":8,"6":8,"7":5,"8":5},"branchMap":{"0":{"type":"branch","line":5,"loc":{"start":{"line":5,"column":7},"end":{"line":9,"column":1}},"locations":[{"start":{"line":5,"column":7},"end":{"line":9,"column":1}}]},"1":{"type":"branch","line":7,"loc":{"start":{"line":7,"column":16},"end":{"line":7,"column":27}},"locations":[{"start":{"line":7,"column":16},"end":{"line":7,"column":27}}]},"2":{"type":"branch","line":7,"loc":{"start":{"line":7,"column":23},"end":{"line":9,"column":1}},"locations":[{"start":{"line":7,"column":23},"end":{"line":9,"column":1}}]}},"b":{"0":[8],"1":[3],"2":[5]},"fnMap":{"0":{"name":"evalGlob","decl":{"start":{"line":5,"column":7},"end":{"line":9,"column":1}},"loc":{"start":{"line":5,"column":7},"end":{"line":9,"column":1}},"line":5}},"f":{"0":8}}
,"/Users/USER/bin/catseye/packages/core/src/engine/predicates/keyword.ts": {"path":"/Users/USER/bin/catseye/packages/core/src/engine/predicates/keyword.ts","all":false,"statementMap":{"3":{"start":{"line":4,"column":0},"end":{"line":4,"column":91}},"4":{"start":{"line":5,"column":0},"end":{"line":5,"column":51}},"5":{"start":{"line":6,"column":0},"end":{"line":6,"column":19}},"6":{"start":{"line":7,"column":0},"end":{"line":7,"column":33}},"7":{"start":{"line":8,"column":0},"end":{"line":8,"column":49}},"8":{"start":{"line":9,"column":0},"end":{"line":9,"column":20}},"9":{"start":{"line":10,"column":0},"end":{"line":10,"column":34}},"11":{"start":{"line":12,"column":0},"end":{"line":12,"column":34}},"12":{"start":{"line":13,"column":0},"end":{"line":13,"column":74}},"13":{"start":{"line":14,"column":0},"end":{"line":14,"column":3}},"14":{"start":{"line":15,"column":0},"end":{"line":15,"column":13}},"15":{"start":{"line":16,"column":0},"end":{"line":16,"column":1}}},"s":{"3":1,"4":128,"5":0,"6":128,"7":128,"8":0,"9":128,"11":128,"12":67,"13":67,"14":61,"15":61},"branchMap":{"0":{"type":"branch","line":4,"loc":{"start":{"line":4,"column":7},"end":{"line":16,"column":1}},"locations":[{"start":{"line":4,"column":7},"end":{"line":16,"column":1}}]},"1":{"type":"branch","line":5,"loc":{"start":{"line":5,"column":47},"end":{"line":6,"column":19}},"locations":[{"start":{"line":5,"column":47},"end":{"line":6,"column":19}}]},"2":{"type":"branch","line":8,"loc":{"start":{"line":8,"column":45},"end":{"line":9,"column":20}},"locations":[{"start":{"line":8,"column":45},"end":{"line":9,"column":20}}]},"3":{"type":"branch","line":12,"loc":{"start":{"line":12,"column":33},"end":{"line":14,"column":3}},"locations":[{"start":{"line":12,"column":33},"end":{"line":14,"column":3}}]},"4":{"type":"branch","line":14,"loc":{"start":{"line":14,"column":2},"end":{"line":16,"column":1}},"locations":[{"start":{"line":14,"column":2},"end":{"line":16,"column":1}}]}},"b":{"0":[128],"1":[0],"2":[0],"3":[67],"4":[61]},"fnMap":{"0":{"name":"evalKeyword","decl":{"start":{"line":4,"column":7},"end":{"line":16,"column":1}},"loc":{"start":{"line":4,"column":7},"end":{"line":16,"column":1}},"line":4}},"f":{"0":128}}
,"/Users/USER/bin/catseye/packages/core/src/engine/predicates/tag.ts": {"path":"/Users/USER/bin/catseye/packages/core/src/engine/predicates/tag.ts","all":false,"statementMap":{"3":{"start":{"line":4,"column":0},"end":{"line":4,"column":27}},"5":{"start":{"line":6,"column":0},"end":{"line":6,"column":83}},"6":{"start":{"line":7,"column":0},"end":{"line":7,"column":18}},"7":{"start":{"line":8,"column":0},"end":{"line":8,"column":30}},"8":{"start":{"line":9,"column":0},"end":{"line":9,"column":71}},"9":{"start":{"line":10,"column":0},"end":{"line":10,"column":21}},"11":{"start":{"line":12,"column":0},"end":{"line":12,"column":41}},"12":{"start":{"line":13,"column":0},"end":{"line":13,"column":54}},"13":{"start":{"line":14,"column":0},"end":{"line":14,"column":3}},"14":{"start":{"line":15,"column":0},"end":{"line":15,"column":13}},"15":{"start":{"line":16,"column":0},"end":{"line":16,"column":1}}},"s":{"3":1,"5":1,"6":6,"7":6,"8":3,"9":3,"11":6,"12":2,"13":2,"14":4,"15":4},"branchMap":{"0":{"type":"branch","line":6,"loc":{"start":{"line":6,"column":7},"end":{"line":16,"column":1}},"locations":[{"start":{"line":6,"column":7},"end":{"line":16,"column":1}}]},"1":{"type":"branch","line":8,"loc":{"start":{"line":8,"column":24},"end":{"line":9,"column":71}},"locations":[{"start":{"line":8,"column":24},"end":{"line":9,"column":71}}]},"2":{"type":"branch","line":9,"loc":{"start":{"line":9,"column":70},"end":{"line":10,"column":21}},"locations":[{"start":{"line":9,"column":70},"end":{"line":10,"column":21}}]},"3":{"type":"branch","line":12,"loc":{"start":{"line":12,"column":40},"end":{"line":14,"column":3}},"locations":[{"start":{"line":12,"column":40},"end":{"line":14,"column":3}}]},"4":{"type":"branch","line":14,"loc":{"start":{"line":14,"column":2},"end":{"line":16,"column":1}},"locations":[{"start":{"line":14,"column":2},"end":{"line":16,"column":1}}]}},"b":{"0":[6],"1":[3],"2":[3],"3":[2],"4":[4]},"fnMap":{"0":{"name":"evalTag","decl":{"start":{"line":6,"column":7},"end":{"line":16,"column":1}},"loc":{"start":{"line":6,"column":7},"end":{"line":16,"column":1}},"line":6}},"f":{"0":6}}
,"/Users/USER/bin/catseye/packages/core/src/engine/predicates/tagged-section.ts": {"path":"/Users/USER/bin/catseye/packages/core/src/engine/predicates/tagged-section.ts","all":false,"statementMap":{"9":{"start":{"line":10,"column":0},"end":{"line":10,"column":34}},"10":{"start":{"line":11,"column":0},"end":{"line":11,"column":36}},"11":{"start":{"line":12,"column":0},"end":{"line":12,"column":19}},"12":{"start":{"line":13,"column":0},"end":{"line":13,"column":24}},"13":{"start":{"line":14,"column":0},"end":{"line":14,"column":35}},"14":{"start":{"line":15,"column":0},"end":{"line":15,"column":98}},"15":{"start":{"line":16,"column":0},"end":{"line":16,"column":41}},"16":{"start":{"line":17,"column":0},"end":{"line":17,"column":35}},"18":{"start":{"line":19,"column":0},"end":{"line":19,"column":37}},"20":{"start":{"line":21,"column":0},"end":{"line":21,"column":42}},"21":{"start":{"line":22,"column":0},"end":{"line":22,"column":26}},"22":{"start":{"line":23,"column":0},"end":{"line":23,"column":29}},"23":{"start":{"line":24,"column":0},"end":{"line":24,"column":35}},"24":{"start":{"line":25,"column":0},"end":{"line":25,"column":38}},"25":{"start":{"line":26,"column":0},"end":{"line":26,"column":7}},"26":{"start":{"line":27,"column":0},"end":{"line":27,"column":12}},"27":{"start":{"line":28,"column":0},"end":{"line":28,"column":36}},"28":{"start":{"line":29,"column":0},"end":{"line":29,"column":29}},"29":{"start":{"line":30,"column":0},"end":{"line":30,"column":60}},"30":{"start":{"line":31,"column":0},"end":{"line":31,"column":23}},"31":{"start":{"line":32,"column":0},"end":{"line":32,"column":27}},"32":{"start":{"line":33,"column":0},"end":{"line":33,"column":20}},"33":{"start":{"line":34,"column":0},"end":{"line":34,"column":18}},"34":{"start":{"line":35,"column":0},"end":{"line":35,"column":23}},"35":{"start":{"line":36,"column":0},"end":{"line":36,"column":70}},"36":{"start":{"line":37,"column":0},"end":{"line":37,"column":18}},"37":{"start":{"line":38,"column":0},"end":{"line":38,"column":10}},"38":{"start":{"line":39,"column":0},"end":{"line":39,"column":24}},"39":{"start":{"line":40,"column":0},"end":{"line":40,"column":7}},"40":{"start":{"line":41,"column":0},"end":{"line":41,"column":5}},"41":{"start":{"line":42,"column":0},"end":{"line":42,"column":3}},"43":{"start":{"line":44,"column":0},"end":{"line":44,"column":82}},"44":{"start":{"line":45,"column":0},"end":{"line":45,"column":10}},"45":{"start":{"line":46,"column":0},"end":{"line":46,"column":18}},"46":{"start":{"line":47,"column":0},"end":{"line":47,"column":13}},"47":{"start":{"line":48,"column":0},"end":{"line":48,"column":61}},"48":{"start":{"line":49,"column":0},"end":{"line":49,"column":3}},"49":{"start":{"line":50,"column":0},"end":{"line":50,"column":1}}},"s":{"9":1,"10":3,"11":3,"12":3,"13":3,"14":3,"15":3,"16":3,"18":3,"20":3,"21":74,"22":74,"23":35,"24":4,"25":4,"26":74,"27":39,"28":4,"29":4,"30":4,"31":4,"32":4,"33":4,"34":4,"35":4,"36":4,"37":4,"38":4,"39":4,"40":39,"41":74,"43":3,"44":3,"45":3,"46":3,"47":3,"48":3,"49":3},"branchMap":{"0":{"type":"branch","line":10,"loc":{"start":{"line":10,"column":7},"end":{"line":50,"column":1}},"locations":[{"start":{"line":10,"column":7},"end":{"line":50,"column":1}}]},"1":{"type":"branch","line":15,"loc":{"start":{"line":15,"column":29},"end":{"line":15,"column":98}},"locations":[{"start":{"line":15,"column":29},"end":{"line":15,"column":98}}]},"2":{"type":"branch","line":21,"loc":{"start":{"line":21,"column":41},"end":{"line":42,"column":3}},"locations":[{"start":{"line":21,"column":41},"end":{"line":42,"column":3}}]},"3":{"type":"branch","line":23,"loc":{"start":{"line":23,"column":28},"end":{"line":27,"column":11}},"locations":[{"start":{"line":23,"column":28},"end":{"line":27,"column":11}}]},"4":{"type":"branch","line":24,"loc":{"start":{"line":24,"column":34},"end":{"line":26,"column":7}},"locations":[{"start":{"line":24,"column":34},"end":{"line":26,"column":7}}]},"5":{"type":"branch","line":27,"loc":{"start":{"line":27,"column":4},"end":{"line":41,"column":5}},"locations":[{"start":{"line":27,"column":4},"end":{"line":41,"column":5}}]},"6":{"type":"branch","line":28,"loc":{"start":{"line":28,"column":35},"end":{"line":40,"column":7}},"locations":[{"start":{"line":28,"column":35},"end":{"line":40,"column":7}}]},"7":{"type":"branch","line":44,"loc":{"start":{"line":44,"column":29},"end":{"line":44,"column":82}},"locations":[{"start":{"line":44,"column":29},"end":{"line":44,"column":82}}]}},"b":{"0":[3],"1":[0],"2":[74],"3":[35],"4":[4],"5":[39],"6":[4],"7":[0]},"fnMap":{"0":{"name":"evalTaggedSection","decl":{"start":{"line":10,"column":7},"end":{"line":50,"column":1}},"loc":{"start":{"line":10,"column":7},"end":{"line":50,"column":1}},"line":10}},"f":{"0":3}}
,"/Users/USER/bin/catseye/packages/core/src/facts/collect.ts": {"path":"/Users/USER/bin/catseye/packages/core/src/facts/collect.ts","all":false,"statementMap":{"0":{"start":{"line":1,"column":0},"end":{"line":1,"column":49}},"9":{"start":{"line":10,"column":0},"end":{"line":10,"column":35}},"10":{"start":{"line":11,"column":0},"end":{"line":11,"column":18}},"11":{"start":{"line":12,"column":0},"end":{"line":12,"column":19}},"12":{"start":{"line":13,"column":0},"end":{"line":13,"column":25}},"13":{"start":{"line":14,"column":0},"end":{"line":14,"column":36}},"14":{"start":{"line":15,"column":0},"end":{"line":15,"column":50}},"15":{"start":{"line":16,"column":0},"end":{"line":16,"column":3}},"16":{"start":{"line":17,"column":0},"end":{"line":17,"column":58}},"17":{"start":{"line":18,"column":0},"end":{"line":18,"column":1}},"19":{"start":{"line":20,"column":0},"end":{"line":20,"column":32}},"20":{"start":{"line":21,"column":0},"end":{"line":21,"column":23}},"21":{"start":{"line":22,"column":0},"end":{"line":22,"column":19}},"22":{"start":{"line":23,"column":0},"end":{"line":23,"column":30}},"23":{"start":{"line":24,"column":0},"end":{"line":24,"column":56}},"24":{"start":{"line":25,"column":0},"end":{"line":25,"column":59}},"26":{"start":{"line":27,"column":0},"end":{"line":27,"column":21}},"27":{"start":{"line":28,"column":0},"end":{"line":28,"column":17}},"28":{"start":{"line":29,"column":0},"end":{"line":29,"column":7}},"29":{"start":{"line":30,"column":0},"end":{"line":30,"column":47}},"30":{"start":{"line":31,"column":0},"end":{"line":31,"column":37}},"31":{"start":{"line":32,"column":0},"end":{"line":32,"column":25}},"32":{"start":{"line":33,"column":0},"end":{"line":33,"column":6}},"33":{"start":{"line":34,"column":0},"end":{"line":34,"column":11}},"34":{"start":{"line":35,"column":0},"end":{"line":35,"column":15}},"35":{"start":{"line":36,"column":0},"end":{"line":36,"column":3}},"37":{"start":{"line":38,"column":0},"end":{"line":38,"column":46}},"39":{"start":{"line":40,"column":0},"end":{"line":40,"column":10}},"40":{"start":{"line":41,"column":0},"end":{"line":41,"column":23}},"41":{"start":{"line":42,"column":0},"end":{"line":42,"column":12}},"42":{"start":{"line":43,"column":0},"end":{"line":43,"column":14}},"43":{"start":{"line":44,"column":0},"end":{"line":44,"column":19}},"44":{"start":{"line":45,"column":0},"end":{"line":45,"column":10}},"45":{"start":{"line":46,"column":0},"end":{"line":46,"column":3}},"46":{"start":{"line":47,"column":0},"end":{"line":47,"column":1}}},"s":{"0":1,"9":36,"10":36,"11":36,"12":36,"13":36,"14":36,"15":36,"16":36,"17":36,"19":225,"20":225,"21":225,"22":225,"23":225,"24":225,"26":225,"27":225,"28":225,"29":225,"30":225,"31":225,"32":225,"33":225,"34":0,"35":0,"37":225,"39":225,"40":225,"41":225,"42":225,"43":225,"44":225,"45":225,"46":225},"branchMap":{"0":{"type":"branch","line":10,"loc":{"start":{"line":10,"column":0},"end":{"line":18,"column":1}},"locations":[{"start":{"line":10,"column":0},"end":{"line":18,"column":1}}]},"1":{"type":"branch","line":15,"loc":{"start":{"line":15,"column":14},"end":{"line":15,"column":48}},"locations":[{"start":{"line":15,"column":14},"end":{"line":15,"column":48}}]},"2":{"type":"branch","line":17,"loc":{"start":{"line":17,"column":24},"end":{"line":17,"column":57}},"locations":[{"start":{"line":17,"column":24},"end":{"line":17,"column":57}}]},"3":{"type":"branch","line":20,"loc":{"start":{"line":20,"column":0},"end":{"line":47,"column":1}},"locations":[{"start":{"line":20,"column":0},"end":{"line":47,"column":1}}]},"4":{"type":"branch","line":34,"loc":{"start":{"line":34,"column":2},"end":{"line":36,"column":3}},"locations":[{"start":{"line":34,"column":2},"end":{"line":36,"column":3}}]}},"b":{"0":[36],"1":[225],"2":[225],"3":[225],"4":[0]},"fnMap":{"0":{"name":"collectFacts","decl":{"start":{"line":10,"column":0},"end":{"line":18,"column":1}},"loc":{"start":{"line":10,"column":0},"end":{"line":18,"column":1}},"line":10},"1":{"name":"collectFileFacts","decl":{"start":{"line":20,"column":0},"end":{"line":47,"column":1}},"loc":{"start":{"line":20,"column":0},"end":{"line":47,"column":1}},"line":20}},"f":{"0":36,"1":225}}
[...]
":49,"column":19}},"49":{"start":{"line":50,"column":0},"end":{"line":50,"column":5}},"50":{"start":{"line":51,"column":0},"end":{"line":51,"column":74}},"51":{"start":{"line":52,"column":0},"end":{"line":52,"column":20}},"52":{"start":{"line":53,"column":0},"end":{"line":53,"column":63}},"53":{"start":{"line":54,"column":0},"end":{"line":54,"column":8}},"54":{"start":{"line":55,"column":0},"end":{"line":55,"column":6}},"55":{"start":{"line":56,"column":0},"end":{"line":56,"column":18}},"56":{"start":{"line":57,"column":0},"end":{"line":57,"column":11}},"57":{"start":{"line":58,"column":0},"end":{"line":58,"column":30}},"58":{"start":{"line":59,"column":0},"end":{"line":59,"column":74}},"59":{"start":{"line":60,"column":0},"end":{"line":60,"column":21}},"60":{"start":{"line":61,"column":0},"end":{"line":61,"column":96}},"61":{"start":{"line":62,"column":0},"end":{"line":62,"column":7}},"62":{"start":{"line":63,"column":0},"end":{"line":63,"column":6}},"63":{"start":{"line":64,"column":0},"end":{"line":64,"column":3}},"66":{"start":{"line":67,"column":0},"end":{"line":67,"column":22}},"67":{"start":{"line":68,"column":0},"end":{"line":68,"column":16}},"68":{"start":{"line":69,"column":0},"end":{"line":69,"column":5}},"69":{"start":{"line":70,"column":0},"end":{"line":70,"column":98}},"70":{"start":{"line":71,"column":0},"end":{"line":71,"column":20}},"71":{"start":{"line":72,"column":0},"end":{"line":72,"column":75}},"72":{"start":{"line":73,"column":0},"end":{"line":73,"column":133}},"73":{"start":{"line":74,"column":0},"end":{"line":74,"column":8}},"74":{"start":{"line":75,"column":0},"end":{"line":75,"column":6}},"75":{"start":{"line":76,"column":0},"end":{"line":76,"column":53}},"76":{"start":{"line":77,"column":0},"end":{"line":77,"column":11}},"78":{"start":{"line":79,"column":0},"end":{"line":79,"column":20}},"79":{"start":{"line":80,"column":0},"end":{"line":80,"column":13}},"80":{"start":{"line":81,"column":0},"end":{"line":81,"column":47}},"81":{"start":{"line":82,"column":0},"end":{"line":82,"column":87}},"82":{"start":{"line":83,"column":0},"end":{"line":83,"column":39}},"83":{"start":{"line":84,"column":0},"end":{"line":84,"column":28}},"84":{"start":{"line":85,"column":0},"end":{"line":85,"column":95}},"85":{"start":{"line":86,"column":0},"end":{"line":86,"column":13}},"86":{"start":{"line":87,"column":0},"end":{"line":87,"column":29}},"87":{"start":{"line":88,"column":0},"end":{"line":88,"column":18}},"88":{"start":{"line":89,"column":0},"end":{"line":89,"column":40}},"89":{"start":{"line":90,"column":0},"end":{"line":90,"column":11}},"90":{"start":{"line":91,"column":0},"end":{"line":91,"column":17}},"91":{"start":{"line":92,"column":0},"end":{"line":92,"column":38}},"92":{"start":{"line":93,"column":0},"end":{"line":93,"column":9}},"94":{"start":{"line":95,"column":0},"end":{"line":95,"column":56}},"95":{"start":{"line":96,"column":0},"end":{"line":96,"column":77}},"96":{"start":{"line":97,"column":0},"end":{"line":97,"column":46}},"97":{"start":{"line":98,"column":0},"end":{"line":98,"column":61}},"98":{"start":{"line":99,"column":0},"end":{"line":99,"column":21}},"99":{"start":{"line":100,"column":0},"end":{"line":100,"column":96}},"100":{"start":{"line":101,"column":0},"end":{"line":101,"column":7}},"101":{"start":{"line":102,"column":0},"end":{"line":102,"column":6}},"102":{"start":{"line":103,"column":0},"end":{"line":103,"column":3}},"105":{"start":{"line":106,"column":0},"end":{"line":106,"column":22}},"106":{"start":{"line":107,"column":0},"end":{"line":107,"column":18}},"107":{"start":{"line":108,"column":0},"end":{"line":108,"column":5}},"108":{"start":{"line":109,"column":0},"end":{"line":109,"column":55}},"109":{"start":{"line":110,"column":0},"end":{"line":110,"column":22}},"110":{"start":{"line":111,"column":0},"end":{"line":111,"column":6}},"111":{"start":{"line":112,"column":0},"end":{"line":112,"column":17}},"112":{"start":{"line":113,"column":0},"end":{"line":113,"column":43}},"113":{"start":{"line":114,"column":0},"end":{"line":114,"column":32}},"114":{"start":{"line":115,"column":0},"end":{"line":115,"column":81}},"115":{"start":{"line":116,"column":0},"end":{"line":116,"column":7}},"116":{"start":{"line":117,"column":0},"end":{"line":117,"column":37}},"117":{"start":{"line":118,"column":0},"end":{"line":118,"column":59}},"118":{"start":{"line":119,"column":0},"end":{"line":119,"column":63}},"119":{"start":{"line":120,"column":0},"end":{"line":120,"column":44}},"120":{"start":{"line":121,"column":0},"end":{"line":121,"column":8}},"121":{"start":{"line":122,"column":0},"end":{"line":122,"column":77}},"122":{"start":{"line":123,"column":0},"end":{"line":123,"column":6}},"123":{"start":{"line":124,"column":0},"end":{"line":124,"column":3}},"126":{"start":{"line":127,"column":0},"end":{"line":127,"column":22}},"127":{"start":{"line":128,"column":0},"end":{"line":128,"column":15}},"128":{"start":{"line":129,"column":0},"end":{"line":129,"column":5}},"129":{"start":{"line":130,"column":0},"end":{"line":130,"column":75}},"130":{"start":{"line":131,"column":0},"end":{"line":131,"column":20}},"131":{"start":{"line":132,"column":0},"end":{"line":132,"column":47}},"132":{"start":{"line":133,"column":0},"end":{"line":133,"column":87}},"133":{"start":{"line":134,"column":0},"end":{"line":134,"column":8}},"134":{"start":{"line":135,"column":0},"end":{"line":135,"column":6}},"135":{"start":{"line":136,"column":0},"end":{"line":136,"column":40}},"136":{"start":{"line":137,"column":0},"end":{"line":137,"column":11}},"137":{"start":{"line":138,"column":0},"end":{"line":138,"column":47}},"138":{"start":{"line":139,"column":0},"end":{"line":139,"column":58}},"139":{"start":{"line":140,"column":0},"end":{"line":140,"column":77}},"140":{"start":{"line":141,"column":0},"end":{"line":141,"column":88}},"141":{"start":{"line":142,"column":0},"end":{"line":142,"column":21}},"142":{"start":{"line":143,"column":0},"end":{"line":143,"column":36}},"143":{"start":{"line":144,"column":0},"end":{"line":144,"column":7}},"144":{"start":{"line":145,"column":0},"end":{"line":145,"column":6}},"145":{"start":{"line":146,"column":0},"end":{"line":146,"column":3}},"148":{"start":{"line":149,"column":0},"end":{"line":149,"column":22}},"149":{"start":{"line":150,"column":0},"end":{"line":150,"column":19}},"150":{"start":{"line":151,"column":0},"end":{"line":151,"column":5}},"151":{"start":{"line":152,"column":0},"end":{"line":152,"column":97}},"152":{"start":{"line":153,"column":0},"end":{"line":153,"column":20}},"153":{"start":{"line":154,"column":0},"end":{"line":154,"column":47}},"154":{"start":{"line":155,"column":0},"end":{"line":155,"column":8}},"155":{"start":{"line":156,"column":0},"end":{"line":156,"column":6}},"156":{"start":{"line":157,"column":0},"end":{"line":157,"column":25}},"157":{"start":{"line":158,"column":0},"end":{"line":158,"column":11}},"158":{"start":{"line":159,"column":0},"end":{"line":159,"column":47}},"159":{"start":{"line":160,"column":0},"end":{"line":160,"column":58}},"160":{"start":{"line":161,"column":0},"end":{"line":161,"column":25}},"161":{"start":{"line":162,"column":0},"end":{"line":162,"column":103}},"162":{"start":{"line":163,"column":0},"end":{"line":163,"column":30}},"163":{"start":{"line":164,"column":0},"end":{"line":164,"column":9}},"164":{"start":{"line":165,"column":0},"end":{"line":165,"column":95}},"165":{"start":{"line":166,"column":0},"end":{"line":166,"column":21}},"166":{"start":{"line":167,"column":0},"end":{"line":167,"column":36}},"167":{"start":{"line":168,"column":0},"end":{"line":168,"column":7}},"168":{"start":{"line":169,"column":0},"end":{"line":169,"column":6}},"169":{"start":{"line":170,"column":0},"end":{"line":170,"column":3}},"172":{"start":{"line":173,"column":0},"end":{"line":173,"column":22}},"173":{"start":{"line":174,"column":0},"end":{"line":174,"column":23}},"174":{"start":{"line":175,"column":0},"end":{"line":175,"column":5}},"175":{"start":{"line":176,"column":0},"end":{"line":176,"column":77}},"176":{"start":{"line":177,"column":0},"end":{"line":177,"column":20}},"177":{"start":{"line":178,"column":0},"end":{"line":178,"column":71}},"178":{"start":{"line":179,"column":0},"end":{"line":179,"column":102}},"179":{"start":{"line":180,"column":0},"end":{"line":180,"column":8}},"180":{"start":{"line":181,"column":0},"end":{"line":181,"column":6}},"181":{"start":{"line":182,"column":0},"end":{"line":182,"column":39}},"182":{"start":{"line":183,"column":0},"end":{"line":183,"column":11}},"183":{"start":{"line":184,"column":0},"end":{"line":184,"column":63}},"184":{"start":{"line":185,"column":0},"end":{"line":185,"column":61}},"185":{"start":{"line":186,"column":0},"end":{"line":186,"column":88}},"186":{"start":{"line":187,"column":0},"end":{"line":187,"column":21}},"187":{"start":{"line":188,"column":0},"end":{"line":188,"column":106}},"188":{"start":{"line":189,"column":0},"end":{"line":189,"column":7}},"189":{"start":{"line":190,"column":0},"end":{"line":190,"column":6}},"190":{"start":{"line":191,"column":0},"end":{"line":191,"column":3}},"193":{"start":{"line":194,"column":0},"end":{"line":194,"column":22}},"194":{"start":{"line":195,"column":0},"end":{"line":195,"column":16}},"195":{"start":{"line":196,"column":0},"end":{"line":196,"column":5}},"196":{"start":{"line":197,"column":0},"end":{"line":197,"column":54}},"197":{"start":{"line":198,"column":0},"end":{"line":198,"column":20}},"198":{"start":{"line":199,"column":0},"end":{"line":199,"column":85}},"199":{"start":{"line":200,"column":0},"end":{"line":200,"column":61}},"200":{"start":{"line":201,"column":0},"end":{"line":201,"column":76}},"201":{"start":{"line":202,"column":0},"end":{"line":202,"column":8}},"202":{"start":{"line":203,"column":0},"end":{"line":203,"column":6}},"203":{"start":{"line":204,"column":0},"end":{"line":204,"column":43}},"204":{"start":{"line":205,"column":0},"end":{"line":205,"column":11}},"205":{"start":{"line":206,"column":0},"end":{"line":206,"column":32}},"206":{"start":{"line":207,"column":0},"end":{"line":207,"column":67}},"207":{"start":{"line":208,"column":0},"end":{"line":208,"column":90}},"208":{"start":{"line":209,"column":0},"end":{"line":209,"column":21}},"209":{"start":{"line":210,"column":0},"end":{"line":210,"column":96}},"210":{"start":{"line":211,"column":0},"end":{"line":211,"column":7}},"211":{"start":{"line":212,"column":0},"end":{"line":212,"column":6}},"212":{"start":{"line":213,"column":0},"end":{"line":213,"column":3}},"214":{"start":{"line":215,"column":0},"end":{"line":215,"column":15}},"215":{"start":{"line":216,"column":0},"end":{"line":216,"column":1}},"217":{"start":{"line":218,"column":0},"end":{"line":218,"column":68}},"218":{"start":{"line":219,"column":0},"end":{"line":219,"column":42}},"219":{"start":{"line":220,"column":0},"end":{"line":220,"column":46}},"220":{"start":{"line":221,"column":0},"end":{"line":221,"column":33}},"221":{"start":{"line":222,"column":0},"end":{"line":222,"column":1}},"225":{"start":{"line":226,"column":0},"end":{"line":226,"column":87}},"226":{"start":{"line":227,"column":0},"end":{"line":227,"column":16}},"227":{"start":{"line":228,"column":0},"end":{"line":228,"column":20}},"228":{"start":{"line":229,"column":0},"end":{"line":229,"column":39}},"229":{"start":{"line":230,"column":0},"end":{"line":230,"column":21}},"230":{"start":{"line":231,"column":0},"end":{"line":231,"column":35}},"231":{"start":{"line":232,"column":0},"end":{"line":232,"column":16}},"232":{"start":{"line":233,"column":0},"end":{"line":233,"column":31}},"233":{"start":{"line":234,"column":0},"end":{"line":234,"column":19}},"234":{"start":{"line":235,"column":0},"end":{"line":235,"column":38}},"235":{"start":{"line":236,"column":0},"end":{"line":236,"column":12}},"236":{"start":{"line":237,"column":0},"end":{"line":237,"column":39}},"237":{"start":{"line":238,"column":0},"end":{"line":238,"column":3}},"238":{"start":{"line":239,"column":0},"end":{"line":239,"column":1}},"240":{"start":{"line":241,"column":0},"end":{"line":241,"column":98}},"241":{"start":{"line":242,"column":0},"end":{"line":242,"column":79}},"242":{"start":{"line":243,"column":0},"end":{"line":243,"column":1}}},"s":{"0":1,"20":1,"21":1,"22":1,"23":1,"24":1,"25":1,"28":1,"29":1,"30":1,"31":1,"32":1,"33":1,"34":1,"35":1,"36":1,"37":2,"38":2,"39":2,"40":2,"41":1,"42":1,"43":2,"44":1,"47":1,"48":1,"49":1,"50":1,"51":1,"52":1,"53":1,"54":1,"55":1,"56":1,"57":1,"58":1,"59":1,"60":0,"61":0,"62":1,"63":1,"66":1,"67":1,"68":1,"69":1,"70":1,"71":1,"72":1,"73":1,"74":1,"75":1,"76":5,"78":5,"79":5,"80":5,"81":5,"82":1,"83":1,"84":0,"85":0,"86":1,"87":5,"88":0,"89":0,"90":5,"91":4,"92":4,"94":5,"95":5,"96":5,"97":5,"98":5,"99":0,"100":0,"101":5,"102":1,"105":1,"106":1,"107":1,"108":1,"109":1,"110":1,"111":1,"112":1,"113":1,"114":0,"115":0,"116":1,"117":1,"118":1,"119":1,"120":1,"121":1,"122":1,"123":1,"126":1,"127":1,"128":1,"129":1,"130":1,"131":1,"132":1,"133":1,"134":1,"135":1,"136":1,"137":1,"138":1,"139":1,"140":1,"141":1,"142":0,"143":0,"144":1,"145":1,"148":1,"149":1,"150":1,"151":1,"152":1,"153":1,"154":1,"155":1,"156":1,"157":0,"158":0,"159":0,"160":0,"161":0,"162":0,"163":0,"164":0,"165":0,"166":0,"167":0,"168":0,"169":1,"172":1,"173":1,"174":1,"175":1,"176":1,"177":1,"178":1,"179":1,"180":1,"181":1,"182":0,"183":0,"184":0,"185":0,"186":0,"187":0,"188":0,"189":0,"190":1,"193":1,"194":1,"195":1,"196":1,"197":1,"198":1,"199":1,"200":1,"201":1,"202":1,"203":1,"204":0,"205":0,"206":0,"207":0,"208":0,"209":0,"210":0,"211":0,"212":1,"214":1,"215":1,"217":0,"218":0,"219":0,"220":0,"221":0,"225":6,"226":6,"227":6,"228":1,"229":6,"230":0,"231":6,"232":5,"233":6,"234":0,"235":6,"236":0,"237":6,"238":6,"240":1,"241":1,"242":1},"branchMap":{"0":{"type":"branch","line":21,"loc":{"start":{"line":21,"column":7},"end":{"line":216,"column":1}},"locations":[{"start":{"line":21,"column":7},"end":{"line":216,"column":1}}]},"1":{"type":"branch","line":37,"loc":{"start":{"line":37,"column":4},"end":{"line":44,"column":6}},"locations":[{"start":{"line":37,"column":4},"end":{"line":44,"column":6}}]},"2":{"type":"branch","line":41,"loc":{"start":{"line":41,"column":6},"end":{"line":43,"column":7}},"locations":[{"start":{"line":41,"column":6},"end":{"line":43,"column":7}}]},"3":{"type":"branch","line":42,"loc":{"start":{"line":42,"column":79},"end":{"line":42,"column":95}},"locations":[{"start":{"line":42,"column":79},"end":{"line":42,"column":95}}]},"4":{"type":"branch","line":56,"loc":{"start":{"line":56,"column":4},"end":{"line":63,"column":6}},"locations":[{"start":{"line":56,"column":4},"end":{"line":63,"column":6}}]},"5":{"type":"branch","line":60,"loc":{"start":{"line":60,"column":6},"end":{"line":62,"column":7}},"locations":[{"start":{"line":60,"column":6},"end":{"line":62,"column":7}}]},"6":{"type":"branch","line":76,"loc":{"start":{"line":76,"column":4},"end":{"line":102,"column":6}},"locations":[{"start":{"line":76,"column":4},"end":{"line":102,"column":6}}]},"7":{"type":"branch","line":82,"loc":{"start":{"line":82,"column":32},"end":{"line":82,"column":63}},"locations":[{"start":{"line":82,"column":32},"end":{"line":82,"column":63}}]},"8":{"type":"branch","line":82,"loc":{"start":{"line":82,"column":55},"end":{"line":82,"column":86}},"locations":[{"start":{"line":82,"column":55},"end":{"line":82,"column":86}}]},"9":{"type":"branch","line":82,"loc":{"start":{"line":82,"column":86},"end":{"line":88,"column":17}},"locations":[{"start":{"line":82,"column":86},"end":{"line":88,"column":17}}]},"10":{"type":"branch","line":84,"loc":{"start":{"line":84,"column":27},"end":{"line":86,"column":13}},"locations":[{"start":{"line":84,"column":27},"end":{"line":86,"column":13}}]},"11":{"type":"branch","line":88,"loc":{"start":{"line":88,"column":10},"end":{"line":90,"column":11}},"locations":[{"start":{"line":88,"column":10},"end":{"line":90,"column":11}}]},"12":{"type":"branch","line":91,"loc":{"start":{"line":91,"column":8},"end":{"line":93,"column":9}},"locations":[{"start":{"line":91,"column":8},"end":{"line":93,"column":9}}]},"13":{"type":"branch","line":96,"loc":{"start":{"line":96,"column":21},"end":{"line":96,"column":77}},"locations":[{"start":{"line":96,"column":21},"end":{"line":96,"column":77}}]},"14":{"type":"branch","line":99,"loc":{"start":{"line":99,"column":6},"end":{"line":101,"column":7}},"locations":[{"start":{"line":99,"column":6},"end":{"line":101,"column":7}}]},"15":{"type":"branch","line":112,"loc":{"start":{"line":112,"column":4},"end":{"line":123,"column":6}},"locations":[{"start":{"line":112,"column":4},"end":{"line":123,"column":6}}]},"16":{"type":"branch","line":114,"loc":{"start":{"line":114,"column":31},"end":{"line":116,"column":7}},"locations":[{"start":{"line":114,"column":31},"end":{"line":116,"column":7}}]},"17":{"type":"branch","line":117,"loc":{"start":{"line":117,"column":31},"end":{"line":121,"column":7}},"locations":[{"start":{"line":117,"column":31},"end":{"line":121,"column":7}}]},"18":{"type":"branch","line":119,"loc":{"start":{"line":119,"column":23},"end":{"line":119,"column":61}},"locations":[{"start":{"line":119,"column":23},"end":{"line":119,"column":61}}]},"19":{"type":"branch","line":136,"loc":{"start":{"line":136,"column":4},"end":{"line":145,"column":6}},"locations":[{"start":{"line":136,"column":4},"end":{"line":145,"column":6}}]},"20":{"type":"branch","line":140,"loc":{"start":{"line":140,"column":21},"end":{"line":140,"column":77}},"locations":[{"start":{"line":140,"column":21},"end":{"line":140,"column":77}}]},"21":{"type":"branch","line":142,"loc":{"start":{"line":142,"column":6},"end":{"line":144,"column":7}},"locations":[{"start":{"line":142,"column":6},"end":{"line":144,"column":7}}]},"22":{"type":"branch","line":226,"loc":{"start":{"line":226,"column":0},"end":{"line":239,"column":1}},"locations":[{"start":{"line":226,"column":0},"end":{"line":239,"column":1}}]},"23":{"type":"branch","line":228,"loc":{"start":{"line":228,"column":4},"end":{"line":229,"column":39}},"locations":[{"start":{"line":228,"column":4},"end":{"line":229,"column":39}}]},"24":{"type":"branch","line":230,"loc":{"start":{"line":230,"column":4},"end":{"line":231,"column":35}},"locations":[{"start":{"line":230,"column":4},"end":{"line":231,"column":35}}]},"25":{"type":"branch","line":232,"loc":{"start":{"line":232,"column":4},"end":{"line":233,"column":31}},"locations":[{"start":{"line":232,"column":4},"end":{"line":233,"column":31}}]},"26":{"type":"branch","line":234,"loc":{"start":{"line":234,"column":4},"end":{"line":235,"column":38}},"locations":[{"start":{"line":234,"column":4},"end":{"line":235,"column":38}}]},"27":{"type":"branch","line":236,"loc":{"start":{"line":236,"column":4},"end":{"line":237,"column":39}},"locations":[{"start":{"line":236,"column":4},"end":{"line":237,"column":39}}]},"28":{"type":"branch","line":241,"loc":{"start":{"line":241,"column":0},"end":{"line":243,"column":1}},"locations":[{"start":{"line":241,"column":0},"end":{"line":243,"column":1}}]}},"b":{"0":[1],"1":[2],"2":[1],"3":[0],"4":[1],"5":[0],"6":[5],"7":[1],"8":[1],"9":[1],"10":[0],"11":[0],"12":[4],"13":[1],"14":[0],"15":[1],"16":[0],"17":[1],"18":[0],"19":[1],"20":[0],"21":[0],"22":[6],"23":[1],"24":[0],"25":[5],"26":[0],"27":[0],"28":[1]},"fnMap":{"0":{"name":"createMcpServer","decl":{"start":{"line":21,"column":7},"end":{"line":216,"column":1}},"loc":{"start":{"line":21,"column":7},"end":{"line":216,"column":1}},"line":21},"1":{"name":"startServer","decl":{"start":{"line":218,"column":0},"end":{"line":222,"column":1}},"loc":{"start":{"line":218,"column":0},"end":{"line":222,"column":1}},"line":218},"2":{"name":"renderResult","decl":{"start":{"line":226,"column":0},"end":{"line":239,"column":1}},"loc":{"start":{"line":226,"column":0},"end":{"line":239,"column":1}},"line":226},"3":{"name":"mcpError","decl":{"start":{"line":241,"column":0},"end":{"line":243,"column":1}},"loc":{"start":{"line":241,"column":0},"end":{"line":243,"column":1}},"line":241}},"f":{"0":1,"1":0,"2":6,"3":1}}
}
