{"/Users/USER/bin-me/catseye/packages/core/src/index.ts": {"path":"/Users/USER/bin-me/catseye/packages/core/src/index.ts","all":false,"statementMap":{"0":{"start":{"line":1,"column":0},"end":{"line":1,"column":27}}},"s":{"0":1},"branchMap":{},"b":{},"fnMap":{},"f":{}}
,"/Users/USER/bin-me/catseye/packages/core/src/engine/evaluate.ts": {"path":"/Users/USER/bin-me/catseye/packages/core/src/engine/evaluate.ts","all":false,"statementMap":{"0":{"start":{"line":1,"column":0},"end":{"line":1,"column":67}},"23":{"start":{"line":24,"column":0},"end":{"line":24,"column":77}},"24":{"start":{"line":25,"column":0},"end":{"line":25,"column":22}},"25":{"start":{"line":26,"column":0},"end":{"line":26,"column":17}},"26":{"start":{"line":27,"column":0},"end":{"line":27,"column":37}},"27":{"start":{"line":28,"column":0},"end":{"line":28,"column":42}},"28":{"start":{"line":29,"column":0},"end":{"line":29,"column":42}},"29":{"start":{"line":30,"column":0},"end":{"line":30,"column":40}},"30":{"start":{"line":31,"column":0},"end":{"line":31,"column":62}},"31":{"start":{"line":32,"column":0},"end":{"line":32,"column":37}},"32":{"start":{"line":33,"column":0},"end":{"line":33,"column":55}},"33":{"start":{"line":34,"column":0},"end":{"line":34,"column":7}},"34":{"start":{"line":35,"column":0},"end":{"line":35,"column":74}},"35":{"start":{"line":36,"column":0},"end":{"line":36,"column":5}},"37":{"start":{"line":38,"column":0},"end":{"line":38,"column":16}},"38":{"start":{"line":39,"column":0},"end":{"line":39,"column":42}},"39":{"start":{"line":40,"column":0},"end":{"line":40,"column":40}},"40":{"start":{"line":41,"column":0},"end":{"line":41,"column":31}},"41":{"start":{"line":42,"column":0},"end":{"line":42,"column":7}},"42":{"start":{"line":43,"column":0},"end":{"line":43,"column":44}},"43":{"start":{"line":44,"column":0},"end":{"line":44,"column":5}},"45":{"start":{"line":46,"column":0},"end":{"line":46,"column":17}},"46":{"start":{"line":47,"column":0},"end":{"line":47,"column":43}},"47":{"start":{"line":48,"column":0},"end":{"line":48,"column":86}},"48":{"start":{"line":49,"column":0},"end":{"line":49,"column":5}},"50":{"start":{"line":51,"column":0},"end":{"line":51,"column":20}},"51":{"start":{"line":52,"column":0},"end":{"line":52,"column":50}},"52":{"start":{"line":53,"column":0},"end":{"line":53,"column":63}},"53":{"start":{"line":54,"column":0},"end":{"line":54,"column":50}},"54":{"start":{"line":55,"column":0},"end":{"line":55,"column":62}},"55":{"start":{"line":56,"column":0},"end":{"line":56,"column":17}},"56":{"start":{"line":57,"column":0},"end":{"line":57,"column":5}},"58":{"start":{"line":59,"column":0},"end":{"line":59,"column":12}},"59":{"start":{"line":60,"column":0},"end":{"line":60,"column":60}},"60":{"start":{"line":61,"column":0},"end":{"line":61,"column":3}},"61":{"start":{"line":62,"column":0},"end":{"line":62,"column":1}},"63":{"start":{"line":64,"column":0},"end":{"line":64,"column":84}},"64":{"start":{"line":65,"column":0},"end":{"line":65,"column":27}},"65":{"start":{"line":66,"column":0},"end":{"line":66,"column":17}},"66":{"start":{"line":67,"column":0},"end":{"line":67,"column":41}},"67":{"start":{"line":68,"column":0},"end":{"line":68,"column":82}},"68":{"start":{"line":69,"column":0},"end":{"line":69,"column":5}},"69":{"start":{"line":70,"column":0},"end":{"line":70,"column":21}},"70":{"start":{"line":71,"column":0},"end":{"line":71,"column":45}},"71":{"start":{"line":72,"column":0},"end":{"line":72,"column":82}},"72":{"start":{"line":73,"column":0},"end":{"line":73,"column":5}},"73":{"start":{"line":74,"column":0},"end":{"line":74,"column":18}},"74":{"start":{"line":75,"column":0},"end":{"line":75,"column":42}},"75":{"start":{"line":76,"column":0},"end":{"line":76,"column":82}},"76":{"start":{"line":77,"column":0},"end":{"line":77,"column":5}},"77":{"start":{"line":78,"column":0},"end":{"line":78,"column":18}},"78":{"start":{"line":79,"column":0},"end":{"line":79,"column":42}},"79":{"start":{"line":80,"column":0},"end":{"line":80,"column":82}},"80":{"start":{"line":81,"column":0},"end":{"line":81,"column":5}},"81":{"start":{"line":82,"column":0},"end":{"line":82,"column":17}},"82":{"start":{"line":83,"column":0},"end":{"line":83,"column":41}},"83":{"start":{"line":84,"column":0},"end":{"line":84,"column":82}},"84":{"start":{"line":85,"column":0},"end":{"line":85,"column":5}},"85":{"start":{"line":86,"column":0},"end":{"line":86,"column":28}},"86":{"start":{"line":87,"column":0},"end":{"line":87,"column":51}},"87":{"start":{"line":88,"column":0},"end":{"line":88,"column":60}},"88":{"start":{"line":89,"column":0},"end":{"line":89,"column":89}},"89":{"start":{"line":90,"column":0},"end":{"line":90,"column":5}},"90":{"start":{"line":91,"column":0},"end":{"line":91,"column":25}},"91":{"start":{"line":92,"column":0},"end":{"line":92,"column":48}},"92":{"start":{"line":93,"column":0},"end":{"line":93,"column":82}},"93":{"start":{"line":94,"column":0},"end":{"line":94,"column":5}},"94":{"start":{"line":95,"column":0},"end":{"line":95,"column":24}},"95":{"start":{"line":96,"column":0},"end":{"line":96,"column":47}},"96":{"start":{"line":97,"column":0},"end":{"line":97,"column":82}},"97":{"start":{"line":98,"column":0},"end":{"line":98,"column":5}},"98":{"start":{"line":99,"column":0},"end":{"line":99,"column":24}},"99":{"start":{"line":100,"column":0},"end":{"line":100,"column":47}},"100":{"start":{"line":101,"column":0},"end":{"line":101,"column":82}},"101":{"start":{"line":102,"column":0},"end":{"line":102,"column":5}},"102":{"start":{"line":103,"column":0},"end":{"line":103,"column":18}},"103":{"start":{"line":104,"column":0},"end":{"line":104,"column":42}},"104":{"start":{"line":105,"column":0},"end":{"line":105,"column":82}},"105":{"start":{"line":106,"column":0},"end":{"line":106,"column":5}},"106":{"start":{"line":107,"column":0},"end":{"line":107,"column":28}},"107":{"start":{"line":108,"column":0},"end":{"line":108,"column":51}},"108":{"start":{"line":109,"column":0},"end":{"line":109,"column":82}},"109":{"start":{"line":110,"column":0},"end":{"line":110,"column":5}},"110":{"start":{"line":111,"column":0},"end":{"line":111,"column":3}},"111":{"start":{"line":112,"column":0},"end":{"line":112,"column":1}}},"s":{"0":1,"23":1,"24":500,"25":500,"26":96,"27":96,"28":96,"29":167,"30":167,"31":110,"32":167,"33":167,"34":39,"35":39,"37":500,"38":11,"39":17,"40":17,"41":17,"42":5,"43":5,"45":500,"46":8,"47":8,"48":8,"50":500,"51":14,"52":14,"53":8,"54":14,"55":4,"56":4,"58":500,"59":371,"60":500,"61":500,"63":371,"64":371,"65":371,"66":172,"67":172,"68":172,"69":371,"70":140,"71":140,"72":140,"73":371,"74":9,"75":9,"76":9,"77":371,"78":10,"79":10,"80":10,"81":371,"82":8,"83":8,"84":8,"85":371,"86":6,"87":6,"88":6,"89":6,"90":371,"91":9,"92":9,"93":9,"94":371,"95":4,"96":4,"97":4,"98":371,"99":1,"100":1,"101":1,"102":371,"103":10,"104":10,"105":10,"106":371,"107":2,"108":2,"109":2,"110":371,"111":371},"branchMap":{"0":{"type":"branch","line":24,"loc":{"start":{"line":24,"column":7},"end":{"line":62,"column":1}},"locations":[{"start":{"line":24,"column":7},"end":{"line":62,"column":1}}]},"1":{"type":"branch","line":26,"loc":{"start":{"line":26,"column":4},"end":{"line":36,"column":5}},"locations":[{"start":{"line":26,"column":4},"end":{"line":36,"column":5}}]},"2":{"type":"branch","line":29,"loc":{"start":{"line":29,"column":41},"end":{"line":34,"column":7}},"locations":[{"start":{"line":29,"column":41},"end":{"line":34,"column":7}}]},"3":{"type":"branch","line":31,"loc":{"start":{"line":31,"column":24},"end":{"line":33,"column":36}},"locations":[{"start":{"line":31,"column":24},"end":{"line":33,"column":36}}]},"4":{"type":"branch","line":31,"loc":{"start":{"line":31,"column":24},"end":{"line":31,"column":62}},"locations":[{"start":{"line":31,"column":24},"end":{"line":31,"column":62}}]},"5":{"type":"branch","line":31,"loc":{"start":{"line":31,"column":61},"end":{"line":33,"column":36}},"locations":[{"start":{"line":31,"column":61},"end":{"line":33,"column":36}}]},"6":{"type":"branch","line":33,"loc":{"start":{"line":33,"column":24},"end":{"line":33,"column":55}},"locations":[{"start":{"line":33,"column":24},"end":{"line":33,"column":55}}]},"7":{"type":"branch","line":34,"loc":{"start":{"line":34,"column":6},"end":{"line":36,"column":5}},"locations":[{"start":{"line":34,"column":6},"end":{"line":36,"column":5}}]},"8":{"type":"branch","line":38,"loc":{"start":{"line":38,"column":4},"end":{"line":44,"column":5}},"locations":[{"start":{"line":38,"column":4},"end":{"line":44,"column":5}}]},"9":{"type":"branch","line":39,"loc":{"start":{"line":39,"column":41},"end":{"line":42,"column":7}},"locations":[{"start":{"line":39,"column":41},"end":{"line":42,"column":7}}]},"10":{"type":"branch","line":41,"loc":{"start":{"line":41,"column":23},"end":{"line":41,"column":31}},"locations":[{"start":{"line":41,"column":23},"end":{"line":41,"column":31}}]},"11":{"type":"branch","line":42,"loc":{"start":{"line":42,"column":6},"end":{"line":44,"column":5}},"locations":[{"start":{"line":42,"column":6},"end":{"line":44,"column":5}}]},"12":{"type":"branch","line":46,"loc":{"start":{"line":46,"column":4},"end":{"line":49,"column":5}},"locations":[{"start":{"line":46,"column":4},"end":{"line":49,"column":5}}]},"13":{"type":"branch","line":48,"loc":{"start":{"line":48,"column":47},"end":{"line":48,"column":62}},"locations":[{"start":{"line":48,"column":47},"end":{"line":48,"column":62}}]},"14":{"type":"branch","line":48,"loc":{"start":{"line":48,"column":58},"end":{"line":48,"column":85}},"locations":[{"start":{"line":48,"column":58},"end":{"line":48,"column":85}}]},"15":{"type":"branch","line":51,"loc":{"start":{"line":51,"column":4},"end":{"line":57,"column":5}},"locations":[{"start":{"line":51,"column":4},"end":{"line":57,"column":5}}]},"16":{"type":"branch","line":53,"loc":{"start":{"line":53,"column":25},"end":{"line":53,"column":63}},"locations":[{"start":{"line":53,"column":25},"end":{"line":53,"column":63}}]},"17":{"type":"branch","line":53,"loc":{"start":{"line":53,"column":62},"end":{"line":55,"column":31}},"locations":[{"start":{"line":53,"column":62},"end":{"line":55,"column":31}}]},"18":{"type":"branch","line":55,"loc":{"start":{"line":55,"column":24},"end":{"line":57,"column":5}},"locations":[{"start":{"line":55,"column":24},"end":{"line":57,"column":5}}]},"19":{"type":"branch","line":59,"loc":{"start":{"line":59,"column":4},"end":{"line":60,"column":60}},"locations":[{"start":{"line":59,"column":4},"end":{"line":60,"column":60}}]},"20":{"type":"branch","line":64,"loc":{"start":{"line":64,"column":0},"end":{"line":112,"column":1}},"locations":[{"start":{"line":64,"column":0},"end":{"line":112,"column":1}}]},"21":{"type":"branch","line":66,"loc":{"start":{"line":66,"column":4},"end":{"line":69,"column":5}},"locations":[{"start":{"line":66,"column":4},"end":{"line":69,"column":5}}]},"22":{"type":"branch","line":68,"loc":{"start":{"line":68,"column":13},"end":{"line":68,"column":51}},"locations":[{"start":{"line":68,"column":13},"end":{"line":68,"column":51}}]},"23":{"type":"branch","line":68,"loc":{"start":{"line":68,"column":47},"end":{"line":68,"column":82}},"locations":[{"start":{"line":68,"column":47},"end":{"line":68,"column":82}}]},"24":{"type":"branch","line":70,"loc":{"start":{"line":70,"column":4},"end":{"line":73,"column":5}},"locations":[{"start":{"line":70,"column":4},"end":{"line":73,"column":5}}]},"25":{"type":"branch","line":72,"loc":{"start":{"line":72,"column":13},"end":{"line":72,"column":51}},"locations":[{"start":{"line":72,"column":13},"end":{"line":72,"column":51}}]},"26":{"type":"branch","line":72,"loc":{"start":{"line":72,"column":47},"end":{"line":72,"column":82}},"locations":[{"start":{"line":72,"column":47},"end":{"line":72,"column":82}}]},"27":{"type":"branch","line":74,"loc":{"start":{"line":74,"column":4},"end":{"line":77,"column":5}},"locations":[{"start":{"line":74,"column":4},"end":{"line":77,"column":5}}]},"28":{"type":"branch","line":76,"loc":{"start":{"line":76,"column":13},"end":{"line":76,"column":51}},"locations":[{"start":{"line":76,"column":13},"end":{"line":76,"column":51}}]},"29":{"type":"branch","line":76,"loc":{"start":{"line":76,"column":47},"end":{"line":76,"column":82}},"locations":[{"start":{"line":76,"column":47},"end":{"line":76,"column":82}}]},"30":{"type":"branch","line":78,"loc":{"start":{"line":78,"column":4},"end":{"line":81,"column":5}},"locations":[{"start":{"line":78,"column":4},"end":{"line":81,"column":5}}]},"31":{"type":"branch","line":80,"loc":{"start":{"line":80,"column":13},"end":{"line":80,"column":51}},"locations":[{"start":{"line":80,"column":13},"end":{"line":80,"column":51}}]},"32":{"type":"branch","line":80,"loc":{"start":{"line":80,"column":47},"end":{"line":80,"column":82}},"locations":[{"start":{"line":80,"column":47},"end":{"line":80,"column":82}}]},"33":{"type":"branch","line":82,"loc":{"start":{"line":82,"column":4},"end":{"line":85,"column":5}},"locations":[{"start":{"line":82,"column":4},"end":{"line":85,"column":5}}]},"34":{"type":"branch","line":84,"loc":{"start":{"line":84,"column":13},"end":{"line":84,"column":51}},"locations":[{"start":{"line":84,"column":13},"end":{"line":84,"column":51}}]},"35":{"type":"branch","line":84,"loc":{"start":{"line":84,"column":47},"end":{"line":84,"column":82}},"locations":[{"start":{"line":84,"column":47},"end":{"line":84,"column":82}}]},"36":{"type":"branch","line":86,"loc":{"start":{"line":86,"column":4},"end":{"line":90,"column":5}},"locations":[{"start":{"line":86,"column":4},"end":{"line":90,"column":5}}]},"37":{"type":"branch","line":88,"loc":{"start":{"line":88,"column":22},"end":{"line":88,"column":60}},"locations":[{"start":{"line":88,"column":22},"end":{"line":88,"column":60}}]},"38":{"type":"branch","line":88,"loc":{"start":{"line":88,"column":59},"end":{"line":89,"column":63}},"locations":[{"start":{"line":88,"column":59},"end":{"line":89,"column":63}}]},"39":{"type":"branch","line":89,"loc":{"start":{"line":89,"column":59},"end":{"line":89,"column":67}},"locations":[{"start":{"line":89,"column":59},"end":{"line":89,"column":67}}]},"40":{"type":"branch","line":91,"loc":{"start":{"line":91,"column":4},"end":{"line":94,"column":5}},"locations":[{"start":{"line":91,"column":4},"end":{"line":94,"column":5}}]},"41":{"type":"branch","line":93,"loc":{"start":{"line":93,"column":13},"end":{"line":93,"column":51}},"locations":[{"start":{"line":93,"column":13},"end":{"line":93,"column":51}}]},"42":{"type":"branch","line":93,"loc":{"start":{"line":93,"column":47},"end":{"line":93,"column":82}},"locations":[{"start":{"line":93,"column":47},"end":{"line":93,"column":82}}]},"43":{"type":"branch","line":95,"loc":{"start":{"line":95,"column":4},"end":{"line":98,"column":5}},"locations":[{"start":{"line":95,"column":4},"end":{"line":98,"column":5}}]},"44":{"type":"branch","line":97,"loc":{"start":{"line":97,"column":13},"end":{"line":97,"column":51}},"locations":[{"start":{"line":97,"column":13},"end":{"line":97,"column":51}}]},"45":{"type":"branch","line":97,"loc":{"start":{"line":97,"column":47},"end":{"line":97,"column":82}},"locations":[{"start":{"line":97,"column":47},"end":{"line":97,"column":82}}]},"46":{"type":"branch","line":99,"loc":{"start":{"line":99,"column":4},"end":{"line":102,"column":5}},"locations":[{"start":{"line":99,"column":4},"end":{"line":102,"column":5}}]},"47":{"type":"branch","line":101,"loc":{"start":{"line":101,"column":13},"end":{"line":101,"column":51}},"locations":[{"start":{"line":101,"column":13},"end":{"line":101,"column":51}}]},"48":{"type":"branch","line":103,"loc":{"start":{"line":103,"column":4},"end":{"line":106,"column":5}},"locations":[{"start":{"line":103,"column":4},"end":{"line":106,"column":5}}]},"49":{"type":"branch","line":105,"loc":{"start":{"line":105,"column":13},"end":{"line":105,"column":51}},"locations":[{"start":{"line":105,"column":13},"end":{"line":105,"column":51}}]},"50":{"type":"branch","line":105,"loc":{"start":{"line":105,"column":47},"end":{"line":105,"column":82}},"locations":[{"start":{"line":105,"column":47},"end":{"line":105,"column":82}}]},"51":{"type":"branch","line":107,"loc":{"start":{"line":107,"column":4},"end":{"line":110,"column":5}},"locations":[{"start":{"line":107,"column":4},"end":{"line":110,"column":5}}]},"52":{"type":"branch","line":109,"loc":{"start":{"line":109,"column":13},"end":{"line":109,"column":51}},"locations":[{"start":{"line":109,"column":13},"end":{"line":109,"column":51}}]},"53":{"type":"branch","line":109,"loc":{"start":{"line":109,"column":47},"end":{"line":109,"column":82}},"locations":[{"start":{"line":109,"column":47},"end":{"line":109,"column":82}}]}},"b":{"0":[500],"1":[96],"2":[167],"3":[160],"4":[57],"5":[110],"6":[1],"7":[39],"8":[11],"9":[17],"10":[6],"11":[5],"12":[8],"13":[4],"14":[4],"15":[14],"16":[6],"17":[8],"18":[4],"19":[371],"20":[371],"21":[172],"22":[126],"23":[46],"24":[140],"25":[73],"26":[67],"27":[9],"28":[2],"29":[7],"30":[10],"31":[6],"32":[4],"33":[8],"34":[3],"35":[5],"36":[6],"37":[1],"38":[5],"39":[0],"40":[9],"41":[1],"42":[8],"43":[4],"44":[1],"45":[3],"46":[1],"47":[0],"48":[10],"49":[2],"50":[8],"51":[2],"52":[1],"53":[1]},"fnMap":{"0":{"name":"evaluate","decl":{"start":{"line":24,"column":7},"end":{"line":62,"column":1}},"loc":{"start":{"line":24,"column":7},"end":{"line":62,"column":1}},"line":24},"1":{"name":"evaluatePredicate","decl":{"start":{"line":64,"column":0},"end":{"line":112,"column":1}},"loc":{"start":{"line":64,"column":0},"end":{"line":112,"column":1}},"line":64}},"f":{"0":500,"1":371}}
,"/Users/USER/bin-me/catseye/packages/core/src/engine/result.ts": {"path":"/Users/USER/bin-me/catseye/packages/core/src/engine/result.ts","all":false,"statementMap":{"0":{"start":{"line":1,"column":0},"end":{"line":1,"column":44}},"12":{"start":{"line":13,"column":0},"end":{"line":13,"column":34}},"13":{"start":{"line":14,"column":0},"end":{"line":14,"column":15}},"14":{"start":{"line":15,"column":0},"end":{"line":15,"column":19}},"15":{"start":{"line":16,"column":0},"end":{"line":16,"column":29}},"16":{"start":{"line":17,"column":0},"end":{"line":17,"column":36}},"17":{"start":{"line":18,"column":0},"end":{"line":18,"column":26}},"18":{"start":{"line":19,"column":0},"end":{"line":19,"column":64}},"19":{"start":{"line":20,"column":0},"end":{"line":20,"column":44}},"20":{"start":{"line":21,"column":0},"end":{"line":21,"column":3}},"22":{"start":{"line":23,"column":0},"end":{"line":23,"column":40}},"23":{"start":{"line":24,"column":0},"end":{"line":24,"column":54}},"26":{"start":{"line":27,"column":0},"end":{"line":27,"column":38}},"27":{"start":{"line":28,"column":0},"end":{"line":28,"column":76}},"28":{"start":{"line":29,"column":0},"end":{"line":29,"column":17}},"29":{"start":{"line":30,"column":0},"end":{"line":30,"column":56}},"30":{"start":{"line":31,"column":0},"end":{"line":31,"column":3}},"33":{"start":{"line":34,"column":0},"end":{"line":34,"column":55}},"34":{"start":{"line":35,"column":0},"end":{"line":35,"column":39}},"35":{"start":{"line":36,"column":0},"end":{"line":36,"column":44}},"36":{"start":{"line":37,"column":0},"end":{"line":37,"column":4}},"38":{"start":{"line":39,"column":0},"end":{"line":39,"column":29}},"39":{"start":{"line":40,"column":0},"end":{"line":40,"column":35}},"41":{"start":{"line":42,"column":0},"end":{"line":42,"column":37}},"42":{"start":{"line":43,"column":0},"end":{"line":43,"column":51}},"43":{"start":{"line":44,"column":0},"end":{"line":44,"column":25}},"44":{"start":{"line":45,"column":0},"end":{"line":45,"column":18}},"45":{"start":{"line":46,"column":0},"end":{"line":46,"column":25}},"46":{"start":{"line":47,"column":0},"end":{"line":47,"column":32}},"47":{"start":{"line":48,"column":0},"end":{"line":48,"column":35}},"48":{"start":{"line":49,"column":0},"end":{"line":49,"column":31}},"49":{"start":{"line":50,"column":0},"end":{"line":50,"column":8}},"50":{"start":{"line":51,"column":0},"end":{"line":51,"column":58}},"51":{"start":{"line":52,"column":0},"end":{"line":52,"column":41}},"52":{"start":{"line":53,"column":0},"end":{"line":53,"column":7}},"53":{"start":{"line":54,"column":0},"end":{"line":54,"column":5}},"54":{"start":{"line":55,"column":0},"end":{"line":55,"column":3}},"57":{"start":{"line":58,"column":0},"end":{"line":58,"column":29}},"58":{"start":{"line":59,"column":0},"end":{"line":59,"column":29}},"59":{"start":{"line":60,"column":0},"end":{"line":60,"column":42}},"60":{"start":{"line":61,"column":0},"end":{"line":61,"column":46}},"61":{"start":{"line":62,"column":0},"end":{"line":62,"column":18}},"62":{"start":{"line":63,"column":0},"end":{"line":63,"column":24}},"63":{"start":{"line":64,"column":0},"end":{"line":64,"column":29}},"64":{"start":{"line":65,"column":0},"end":{"line":65,"column":30}},"65":{"start":{"line":66,"column":0},"end":{"line":66,"column":8}},"66":{"start":{"line":67,"column":0},"end":{"line":67,"column":5}},"67":{"start":{"line":68,"column":0},"end":{"line":68,"column":3}},"69":{"start":{"line":70,"column":0},"end":{"line":70,"column":52}},"71":{"start":{"line":72,"column":0},"end":{"line":72,"column":59}},"72":{"start":{"line":73,"column":0},"end":{"line":73,"column":1}},"74":{"start":{"line":75,"column":0},"end":{"line":75,"column":22}},"75":{"start":{"line":76,"column":0},"end":{"line":76,"column":28}},"76":{"start":{"line":77,"column":0},"end":{"line":77,"column":34}},"77":{"start":{"line":78,"column":0},"end":{"line":78,"column":28}},"78":{"start":{"line":79,"column":0},"end":{"line":79,"column":10}},"79":{"start":{"line":80,"column":0},"end":{"line":80,"column":67}},"80":{"start":{"line":81,"column":0},"end":{"line":81,"column":76}},"81":{"start":{"line":82,"column":0},"end":{"line":82,"column":10}},"82":{"start":{"line":83,"column":0},"end":{"line":83,"column":28}},"83":{"start":{"line":84,"column":0},"end":{"line":84,"column":34}},"84":{"start":{"line":85,"column":0},"end":{"line":85,"column":28}},"85":{"start":{"line":86,"column":0},"end":{"line":86,"column":15}},"86":{"start":{"line":87,"column":0},"end":{"line":87,"column":19}},"87":{"start":{"line":88,"column":0},"end":{"line":88,"column":3}},"88":{"start":{"line":89,"column":0},"end":{"line":89,"column":1}},"90":{"start":{"line":91,"column":0},"end":{"line":91,"column":46}},"91":{"start":{"line":92,"column":0},"end":{"line":92,"column":37}},"92":{"start":{"line":93,"column":0},"end":{"line":93,"column":1}},"94":{"start":{"line":95,"column":0},"end":{"line":95,"column":78}},"95":{"start":{"line":96,"column":0},"end":{"line":96,"column":22}},"96":{"start":{"line":97,"column":0},"end":{"line":97,"column":23}},"97":{"start":{"line":98,"column":0},"end":{"line":98,"column":22}},"98":{"start":{"line":99,"column":0},"end":{"line":99,"column":22}},"99":{"start":{"line":100,"column":0},"end":{"line":100,"column":16}},"100":{"start":{"line":101,"column":0},"end":{"line":101,"column":26}},"101":{"start":{"line":102,"column":0},"end":{"line":102,"column":17}},"102":{"start":{"line":103,"column":0},"end":{"line":103,"column":15}},"103":{"start":{"line":104,"column":0},"end":{"line":104,"column":14}},"104":{"start":{"line":105,"column":0},"end":{"line":105,"column":44}},"105":{"start":{"line":106,"column":0},"end":{"line":106,"column":15}},"106":{"start":{"line":107,"column":0},"end":{"line":107,"column":36}},"107":{"start":{"line":108,"column":0},"end":{"line":108,"column":18}},"108":{"start":{"line":109,"column":0},"end":{"line":109,"column":71}},"109":{"start":{"line":110,"column":0},"end":{"line":110,"column":12}},"110":{"start":{"line":111,"column":0},"end":{"line":111,"column":18}},"111":{"start":{"line":112,"column":0},"end":{"line":112,"column":3}},"112":{"start":{"line":113,"column":0},"end":{"line":113,"column":1}}},"s":{"0":1,"12":50,"13":50,"14":50,"15":50,"16":50,"17":50,"18":1,"19":1,"20":1,"22":49,"23":49,"26":49,"27":49,"28":50,"29":6,"30":6,"33":49,"34":260,"35":260,"36":49,"38":49,"39":49,"41":50,"42":260,"43":260,"44":128,"45":128,"46":128,"47":128,"48":128,"49":128,"50":128,"51":3,"52":3,"53":128,"54":260,"57":49,"58":49,"59":128,"60":128,"61":1,"62":1,"63":1,"64":1,"65":1,"66":1,"67":128,"69":49,"71":49,"72":49,"74":49,"75":49,"76":49,"77":49,"78":49,"79":49,"80":49,"81":49,"82":49,"83":49,"84":49,"85":49,"86":49,"87":49,"88":49,"90":49,"91":49,"92":49,"94":87,"95":87,"96":87,"97":87,"98":87,"99":87,"100":87,"101":6,"102":87,"103":87,"104":17,"105":87,"106":2,"107":87,"108":2,"109":87,"110":60,"111":87,"112":87},"branchMap":{"0":{"type":"branch","line":13,"loc":{"start":{"line":13,"column":0},"end":{"line":73,"column":1}},"locations":[{"start":{"line":13,"column":0},"end":{"line":73,"column":1}}]},"1":{"type":"branch","line":18,"loc":{"start":{"line":18,"column":25},"end":{"line":21,"column":3}},"locations":[{"start":{"line":18,"column":25},"end":{"line":21,"column":3}}]},"2":{"type":"branch","line":21,"loc":{"start":{"line":21,"column":2},"end":{"line":29,"column":16}},"locations":[{"start":{"line":21,"column":2},"end":{"line":29,"column":16}}]},"3":{"type":"branch","line":29,"loc":{"start":{"line":29,"column":16},"end":{"line":31,"column":3}},"locations":[{"start":{"line":29,"column":16},"end":{"line":31,"column":3}}]},"4":{"type":"branch","line":31,"loc":{"start":{"line":31,"column":2},"end":{"line":42,"column":36}},"locations":[{"start":{"line":31,"column":2},"end":{"line":42,"column":36}}]},"5":{"type":"branch","line":42,"loc":{"start":{"line":42,"column":36},"end":{"line":55,"column":3}},"locations":[{"start":{"line":42,"column":36},"end":{"line":55,"column":3}}]},"6":{"type":"branch","line":44,"loc":{"start":{"line":44,"column":24},"end":{"line":54,"column":5}},"locations":[{"start":{"line":44,"column":24},"end":{"line":54,"column":5}}]},"7":{"type":"branch","line":51,"loc":{"start":{"line":51,"column":17},"end":{"line":51,"column":57}},"locations":[{"start":{"line":51,"column":17},"end":{"line":51,"column":57}}]},"8":{"type":"branch","line":51,"loc":{"start":{"line":51,"column":57},"end":{"line":53,"column":7}},"locations":[{"start":{"line":51,"column":57},"end":{"line":53,"column":7}}]},"9":{"type":"branch","line":55,"loc":{"start":{"line":55,"column":2},"end":{"line":73,"column":1}},"locations":[{"start":{"line":55,"column":2},"end":{"line":73,"column":1}}]},"10":{"type":"branch","line":59,"loc":{"start":{"line":59,"column":28},"end":{"line":68,"column":3}},"locations":[{"start":{"line":59,"column":28},"end":{"line":68,"column":3}}]},"11":{"type":"branch","line":61,"loc":{"start":{"line":61,"column":8},"end":{"line":61,"column":30}},"locations":[{"start":{"line":61,"column":8},"end":{"line":61,"column":30}}]},"12":{"type":"branch","line":61,"loc":{"start":{"line":61,"column":13},"end":{"line":61,"column":45}},"locations":[{"start":{"line":61,"column":13},"end":{"line":61,"column":45}}]},"13":{"type":"branch","line":61,"loc":{"start":{"line":61,"column":45},"end":{"line":67,"column":5}},"locations":[{"start":{"line":61,"column":45},"end":{"line":67,"column":5}}]},"14":{"type":"branch","line":19,"loc":{"start":{"line":19,"column":38},"end":{"line":19,"column":52}},"locations":[{"start":{"line":19,"column":38},"end":{"line":19,"column":52}}]},"15":{"type":"branch","line":34,"loc":{"start":{"line":34,"column":49},"end":{"line":37,"column":3}},"locations":[{"start":{"line":34,"column":49},"end":{"line":37,"column":3}}]},"16":{"type":"branch","line":36,"loc":{"start":{"line":36,"column":11},"end":{"line":36,"column":43}},"locations":[{"start":{"line":36,"column":11},"end":{"line":36,"column":43}}]},"17":{"type":"branch","line":36,"loc":{"start":{"line":36,"column":39},"end":{"line":36,"column":44}},"locations":[{"start":{"line":36,"column":39},"end":{"line":36,"column":44}}]},"18":{"type":"branch","line":75,"loc":{"start":{"line":75,"column":0},"end":{"line":89,"column":1}},"locations":[{"start":{"line":75,"column":0},"end":{"line":89,"column":1}}]},"19":{"type":"branch","line":80,"loc":{"start":{"line":80,"column":34},"end":{"line":80,"column":65}},"locations":[{"start":{"line":80,"column":34},"end":{"line":80,"column":65}}]},"20":{"type":"branch","line":81,"loc":{"start":{"line":81,"column":38},"end":{"line":81,"column":74}},"locations":[{"start":{"line":81,"column":38},"end":{"line":81,"column":74}}]},"21":{"type":"branch","line":91,"loc":{"start":{"line":91,"column":0},"end":{"line":93,"column":1}},"locations":[{"start":{"line":91,"column":0},"end":{"line":93,"column":1}}]},"22":{"type":"branch","line":95,"loc":{"start":{"line":95,"column":0},"end":{"line":113,"column":1}},"locations":[{"start":{"line":95,"column":0},"end":{"line":113,"column":1}}]},"23":{"type":"branch","line":97,"loc":{"start":{"line":97,"column":4},"end":{"line":97,"column":23}},"locations":[{"start":{"line":97,"column":4},"end":{"line":97,"column":23}}]},"24":{"type":"branch","line":98,"loc":{"start":{"line":98,"column":4},"end":{"line":98,"column":22}},"locations":[{"start":{"line":98,"column":4},"end":{"line":98,"column":22}}]},"25":{"type":"branch","line":99,"loc":{"start":{"line":99,"column":4},"end":{"line":99,"column":22}},"locations":[{"start":{"line":99,"column":4},"end":{"line":99,"column":22}}]},"26":{"type":"branch","line":100,"loc":{"start":{"line":100,"column":4},"end":{"line":100,"column":16}},"locations":[{"start":{"line":100,"column":4},"end":{"line":100,"column":16}}]},"27":{"type":"branch","line":101,"loc":{"start":{"line":101,"column":4},"end":{"line":102,"column":17}},"locations":[{"start":{"line":101,"column":4},"end":{"line":102,"column":17}}]},"28":{"type":"branch","line":103,"loc":{"start":{"line":103,"column":4},"end":{"line":103,"column":15}},"locations":[{"start":{"line":103,"column":4},"end":{"line":103,"column":15}}]},"29":{"type":"branch","line":104,"loc":{"start":{"line":104,"column":4},"end":{"line":105,"column":44}},"locations":[{"start":{"line":104,"column":4},"end":{"line":105,"column":44}}]},"30":{"type":"branch","line":106,"loc":{"start":{"line":106,"column":4},"end":{"line":107,"column":36}},"locations":[{"start":{"line":106,"column":4},"end":{"line":107,"column":36}}]},"31":{"type":"branch","line":108,"loc":{"start":{"line":108,"column":4},"end":{"line":109,"column":71}},"locations":[{"start":{"line":108,"column":4},"end":{"line":109,"column":71}}]},"32":{"type":"branch","line":109,"loc":{"start":{"line":109,"column":39},"end":{"line":109,"column":71}},"locations":[{"start":{"line":109,"column":39},"end":{"line":109,"column":71}}]},"33":{"type":"branch","line":110,"loc":{"start":{"line":110,"column":4},"end":{"line":111,"column":18}},"locations":[{"start":{"line":110,"column":4},"end":{"line":111,"column":18}}]}},"b":{"0":[50],"1":[1],"2":[49],"3":[6],"4":[49],"5":[260],"6":[128],"7":[40],"8":[3],"9":[49],"10":[128],"11":[1],"12":[1],"13":[1],"14":[1],"15":[260],"16":[13],"17":[247],"18":[49],"19":[128],"20":[128],"21":[49],"22":[87],"23":[3],"24":[4],"25":[4],"26":[6],"27":[6],"28":[15],"29":[17],"30":[2],"31":[2],"32":[1],"33":[60]},"fnMap":{"0":{"name":"buildResult","decl":{"start":{"line":13,"column":0},"end":{"line":73,"column":1}},"loc":{"start":{"line":13,"column":0},"end":{"line":73,"column":1}},"line":13},"1":{"name":"computeStats","decl":{"start":{"line":75,"column":0},"end":{"line":89,"column":1}},"loc":{"start":{"line":75,"column":0},"end":{"line":89,"column":1}},"line":75},"2":{"name":"queryUsesGit","decl":{"start":{"line":91,"column":0},"end":{"line":93,"column":1}},"loc":{"start":{"line":91,"column":0},"end":{"line":93,"column":1}},"line":91},"3":{"name":"nodeUsesGit","decl":{"start":{"line":95,"column":0},"end":{"line":113,"column":1}},"loc":{"start":{"line":95,"column":0},"end":{"line":113,"column":1}},"line":95}},"f":{"0":50,"1":49,"2":49,"3":87}}
,"/Users/USER/bin-me/catseye/packages/core/src/engine/predicates/age.ts": {"path":"/Users/USER/bin-me/catseye/packages/core/src/engine/predicates/age.ts","all":false,"statementMap":{"3":{"start":{"line":4,"column":0},"end":{"line":4,"column":44}},"4":{"start":{"line":5,"column":0},"end":{"line":5,"column":14}},"5":{"start":{"line":6,"column":0},"end":{"line":6,"column":18}},"6":{"start":{"line":7,"column":0},"end":{"line":7,"column":22}},"7":{"start":{"line":8,"column":0},"end":{"line":8,"column":23}},"8":{"start":{"line":9,"column":0},"end":{"line":9,"column":24}},"9":{"start":{"line":10,"column":0},"end":{"line":10,"column":3}},"10":{"start":{"line":11,"column":0},"end":{"line":11,"column":29}},"11":{"start":{"line":12,"column":0},"end":{"line":12,"column":1}},"13":{"start":{"line":14,"column":0},"end":{"line":14,"column":95}},"14":{"start":{"line":15,"column":0},"end":{"line":15,"column":60}},"15":{"start":{"line":16,"column":0},"end":{"line":16,"column":54}},"16":{"start":{"line":17,"column":0},"end":{"line":17,"column":43}},"18":{"start":{"line":19,"column":0},"end":{"line":19,"column":28}},"19":{"start":{"line":20,"column":0},"end":{"line":20,"column":103}},"20":{"start":{"line":21,"column":0},"end":{"line":21,"column":3}},"21":{"start":{"line":22,"column":0},"end":{"line":22,"column":13}},"22":{"start":{"line":23,"column":0},"end":{"line":23,"column":1}},"24":{"start":{"line":25,"column":0},"end":{"line":25,"column":95}},"25":{"start":{"line":26,"column":0},"end":{"line":26,"column":60}},"26":{"start":{"line":27,"column":0},"end":{"line":27,"column":54}},"27":{"start":{"line":28,"column":0},"end":{"line":28,"column":43}},"29":{"start":{"line":30,"column":0},"end":{"line":30,"column":28}},"30":{"start":{"line":31,"column":0},"end":{"line":31,"column":103}},"31":{"start":{"line":32,"column":0},"end":{"line":32,"column":3}},"32":{"start":{"line":33,"column":0},"end":{"line":33,"column":13}},"33":{"start":{"line":34,"column":0},"end":{"line":34,"column":1}}},"s":{"3":14,"4":14,"5":14,"6":14,"7":14,"8":14,"9":14,"10":14,"11":14,"13":1,"14":10,"15":10,"16":10,"18":10,"19":4,"20":4,"21":6,"22":6,"24":1,"25":4,"26":4,"27":4,"29":4,"30":2,"31":2,"32":2,"33":2},"branchMap":{"0":{"type":"branch","line":4,"loc":{"start":{"line":4,"column":0},"end":{"line":12,"column":1}},"locations":[{"start":{"line":4,"column":0},"end":{"line":12,"column":1}}]},"1":{"type":"branch","line":14,"loc":{"start":{"line":14,"column":7},"end":{"line":23,"column":1}},"locations":[{"start":{"line":14,"column":7},"end":{"line":23,"column":1}}]},"2":{"type":"branch","line":15,"loc":{"start":{"line":15,"column":21},"end":{"line":15,"column":49}},"locations":[{"start":{"line":15,"column":21},"end":{"line":15,"column":49}}]},"3":{"type":"branch","line":15,"loc":{"start":{"line":15,"column":31},"end":{"line":15,"column":60}},"locations":[{"start":{"line":15,"column":31},"end":{"line":15,"column":60}}]},"4":{"type":"branch","line":19,"loc":{"start":{"line":19,"column":27},"end":{"line":23,"column":1}},"locations":[{"start":{"line":19,"column":27},"end":{"line":23,"column":1}}]},"5":{"type":"branch","line":19,"loc":{"start":{"line":19,"column":27},"end":{"line":21,"column":3}},"locations":[{"start":{"line":19,"column":27},"end":{"line":21,"column":3}}]},"6":{"type":"branch","line":21,"loc":{"start":{"line":21,"column":2},"end":{"line":23,"column":1}},"locations":[{"start":{"line":21,"column":2},"end":{"line":23,"column":1}}]},"7":{"type":"branch","line":25,"loc":{"start":{"line":25,"column":7},"end":{"line":34,"column":1}},"locations":[{"start":{"line":25,"column":7},"end":{"line":34,"column":1}}]},"8":{"type":"branch","line":26,"loc":{"start":{"line":26,"column":21},"end":{"line":26,"column":49}},"locations":[{"start":{"line":26,"column":21},"end":{"line":26,"column":49}}]},"9":{"type":"branch","line":26,"loc":{"start":{"line":26,"column":31},"end":{"line":26,"column":60}},"locations":[{"start":{"line":26,"column":31},"end":{"line":26,"column":60}}]},"10":{"type":"branch","line":30,"loc":{"start":{"line":30,"column":27},"end":{"line":34,"column":1}},"locations":[{"start":{"line":30,"column":27},"end":{"line":34,"column":1}}]}},"b":{"0":[14],"1":[10],"2":[4],"3":[6],"4":[7],"5":[4],"6":[6],"7":[4],"8":[1],"9":[3],"10":[2]},"fnMap":{"0":{"name":"durationToMs","decl":{"start":{"line":4,"column":0},"end":{"line":12,"column":1}},"loc":{"start":{"line":4,"column":0},"end":{"line":12,"column":1}},"line":4},"1":{"name":"evalOlderThan","decl":{"start":{"line":14,"column":7},"end":{"line":23,"column":1}},"loc":{"start":{"line":14,"column":7},"end":{"line":23,"column":1}},"line":14},"2":{"name":"evalNewerThan","decl":{"start":{"line":25,"column":7},"end":{"line":34,"column":1}},"loc":{"start":{"line":25,"column":7},"end":{"line":34,"column":1}},"line":25}},"f":{"0":14,"1":10,"2":4}}
,"/Users/USER/bin-me/catseye/packages/core/src/engine/predicates/authored-by.ts": {"path":"/Users/USER/bin-me/catseye/packages/core/src/engine/predicates/authored-by.ts","all":false,"statementMap":{"3":{"start":{"line":4,"column":0},"end":{"line":4,"column":97}},"4":{"start":{"line":5,"column":0},"end":{"line":5,"column":28}},"5":{"start":{"line":6,"column":0},"end":{"line":6,"column":23}},"7":{"start":{"line":8,"column":0},"end":{"line":8,"column":45}},"8":{"start":{"line":9,"column":0},"end":{"line":9,"column":73}},"9":{"start":{"line":10,"column":0},"end":{"line":10,"column":79}},"11":{"start":{"line":12,"column":0},"end":{"line":12,"column":32}},"12":{"start":{"line":13,"column":0},"end":{"line":13,"column":76}},"13":{"start":{"line":14,"column":0},"end":{"line":14,"column":47}},"14":{"start":{"line":15,"column":0},"end":{"line":15,"column":3}},"15":{"start":{"line":16,"column":0},"end":{"line":16,"column":13}},"16":{"start":{"line":17,"column":0},"end":{"line":17,"column":1}}},"s":{"3":1,"4":15,"5":15,"7":9,"8":15,"9":15,"11":15,"12":4,"13":4,"14":4,"15":5,"16":5},"branchMap":{"0":{"type":"branch","line":4,"loc":{"start":{"line":4,"column":7},"end":{"line":17,"column":1}},"locations":[{"start":{"line":4,"column":7},"end":{"line":17,"column":1}}]},"1":{"type":"branch","line":6,"loc":{"start":{"line":6,"column":12},"end":{"line":6,"column":23}},"locations":[{"start":{"line":6,"column":12},"end":{"line":6,"column":23}}]},"2":{"type":"branch","line":6,"loc":{"start":{"line":6,"column":19},"end":{"line":9,"column":48}},"locations":[{"start":{"line":6,"column":19},"end":{"line":9,"column":48}}]},"3":{"type":"branch","line":6,"loc":{"start":{"line":6,"column":19},"end":{"line":9,"column":36}},"locations":[{"start":{"line":6,"column":19},"end":{"line":9,"column":36}}]},"4":{"type":"branch","line":9,"loc":{"start":{"line":9,"column":24},"end":{"line":9,"column":48}},"locations":[{"start":{"line":9,"column":24},"end":{"line":9,"column":48}}]},"5":{"type":"branch","line":9,"loc":{"start":{"line":9,"column":63},"end":{"line":9,"column":73}},"locations":[{"start":{"line":9,"column":63},"end":{"line":9,"column":73}}]},"6":{"type":"branch","line":10,"loc":{"start":{"line":10,"column":25},"end":{"line":10,"column":54}},"locations":[{"start":{"line":10,"column":25},"end":{"line":10,"column":54}}]},"7":{"type":"branch","line":10,"loc":{"start":{"line":10,"column":69},"end":{"line":10,"column":79}},"locations":[{"start":{"line":10,"column":69},"end":{"line":10,"column":79}}]},"8":{"type":"branch","line":12,"loc":{"start":{"line":12,"column":6},"end":{"line":12,"column":31}},"locations":[{"start":{"line":12,"column":6},"end":{"line":12,"column":31}}]},"9":{"type":"branch","line":12,"loc":{"start":{"line":12,"column":31},"end":{"line":17,"column":1}},"locations":[{"start":{"line":12,"column":31},"end":{"line":17,"column":1}}]},"10":{"type":"branch","line":12,"loc":{"start":{"line":12,"column":31},"end":{"line":15,"column":3}},"locations":[{"start":{"line":12,"column":31},"end":{"line":15,"column":3}}]},"11":{"type":"branch","line":13,"loc":{"start":{"line":13,"column":23},"end":{"line":13,"column":60}},"locations":[{"start":{"line":13,"column":23},"end":{"line":13,"column":60}}]},"12":{"type":"branch","line":13,"loc":{"start":{"line":13,"column":41},"end":{"line":13,"column":76}},"locations":[{"start":{"line":13,"column":41},"end":{"line":13,"column":76}}]},"13":{"type":"branch","line":15,"loc":{"start":{"line":15,"column":2},"end":{"line":17,"column":1}},"locations":[{"start":{"line":15,"column":2},"end":{"line":17,"column":1}}]}},"b":{"0":[15],"1":[6],"2":[10],"3":[9],"4":[7],"5":[2],"6":[6],"7":[3],"8":[7],"9":[9],"10":[4],"11":[1],"12":[0],"13":[5]},"fnMap":{"0":{"name":"evalAuthoredBy","decl":{"start":{"line":4,"column":7},"end":{"line":17,"column":1}},"loc":{"start":{"line":4,"column":7},"end":{"line":17,"column":1}},"line":4}},"f":{"0":15}}
,"/Users/USER/bin-me/catseye/packages/core/src/engine/predicates/commit-message.ts": {"path":"/Users/USER/bin-me/catseye/packages/core/src/engine/predicates/commit-message.ts","all":false,"statementMap":{"3":{"start":{"line":4,"column":0},"end":{"line":4,"column":103}},"4":{"start":{"line":5,"column":0},"end":{"line":5,"column":51}},"5":{"start":{"line":6,"column":0},"end":{"line":6,"column":27}},"7":{"start":{"line":8,"column":0},"end":{"line":8,"column":69}},"8":{"start":{"line":9,"column":0},"end":{"line":9,"column":66}},"9":{"start":{"line":10,"column":0},"end":{"line":10,"column":3}},"10":{"start":{"line":11,"column":0},"end":{"line":11,"column":13}},"11":{"start":{"line":12,"column":0},"end":{"line":12,"column":1}}},"s":{"3":1,"4":6,"5":6,"7":6,"8":2,"9":2,"10":2,"11":2},"branchMap":{"0":{"type":"branch","line":4,"loc":{"start":{"line":4,"column":7},"end":{"line":12,"column":1}},"locations":[{"start":{"line":4,"column":7},"end":{"line":12,"column":1}}]},"1":{"type":"branch","line":5,"loc":{"start":{"line":5,"column":24},"end":{"line":5,"column":51}},"locations":[{"start":{"line":5,"column":24},"end":{"line":5,"column":51}}]},"2":{"type":"branch","line":6,"loc":{"start":{"line":6,"column":16},"end":{"line":8,"column":68}},"locations":[{"start":{"line":6,"column":16},"end":{"line":8,"column":68}}]},"3":{"type":"branch","line":6,"loc":{"start":{"line":6,"column":16},"end":{"line":6,"column":27}},"locations":[{"start":{"line":6,"column":16},"end":{"line":6,"column":27}}]},"4":{"type":"branch","line":8,"loc":{"start":{"line":8,"column":68},"end":{"line":12,"column":1}},"locations":[{"start":{"line":8,"column":68},"end":{"line":12,"column":1}}]}},"b":{"0":[6],"1":[5],"2":[4],"3":[2],"4":[2]},"fnMap":{"0":{"name":"evalCommitMessage","decl":{"start":{"line":4,"column":7},"end":{"line":12,"column":1}},"loc":{"start":{"line":4,"column":7},"end":{"line":12,"column":1}},"line":4}},"f":{"0":6}}
,"/Users/USER/bin-me/catseye/packages/core/src/engine/predicates/diff.ts": {"path":"/Users/USER/bin-me/catseye/packages/core/src/engine/predicates/diff.ts","all":false,"statementMap":{"3":{"start":{"line":4,"column":0},"end":{"line":4,"column":85}},"4":{"start":{"line":5,"column":0},"end":{"line":5,"column":28}},"5":{"start":{"line":6,"column":0},"end":{"line":6,"column":23}},"8":{"start":{"line":9,"column":0},"end":{"line":9,"column":23}},"9":{"start":{"line":10,"column":0},"end":{"line":10,"column":28}},"10":{"start":{"line":11,"column":0},"end":{"line":11,"column":34}},"11":{"start":{"line":12,"column":0},"end":{"line":12,"column":5}},"12":{"start":{"line":13,"column":0},"end":{"line":13,"column":15}},"13":{"start":{"line":14,"column":0},"end":{"line":14,"column":3}},"18":{"start":{"line":19,"column":0},"end":{"line":19,"column":26}},"19":{"start":{"line":20,"column":0},"end":{"line":20,"column":55}},"20":{"start":{"line":21,"column":0},"end":{"line":21,"column":3}},"21":{"start":{"line":22,"column":0},"end":{"line":22,"column":13}},"22":{"start":{"line":23,"column":0},"end":{"line":23,"column":1}}},"s":{"3":1,"4":15,"5":15,"8":14,"9":11,"10":3,"11":3,"12":8,"13":8,"18":5,"19":1,"20":1,"21":1,"22":1},"branchMap":{"0":{"type":"branch","line":4,"loc":{"start":{"line":4,"column":7},"end":{"line":23,"column":1}},"locations":[{"start":{"line":4,"column":7},"end":{"line":23,"column":1}}]},"1":{"type":"branch","line":6,"loc":{"start":{"line":6,"column":12},"end":{"line":14,"column":3}},"locations":[{"start":{"line":6,"column":12},"end":{"line":14,"column":3}}]},"2":{"type":"branch","line":6,"loc":{"start":{"line":6,"column":12},"end":{"line":6,"column":23}},"locations":[{"start":{"line":6,"column":12},"end":{"line":6,"column":23}}]},"3":{"type":"branch","line":6,"loc":{"start":{"line":6,"column":19},"end":{"line":9,"column":22}},"locations":[{"start":{"line":6,"column":19},"end":{"line":9,"column":22}}]},"4":{"type":"branch","line":9,"loc":{"start":{"line":9,"column":22},"end":{"line":14,"column":3}},"locations":[{"start":{"line":9,"column":22},"end":{"line":14,"column":3}}]},"5":{"type":"branch","line":10,"loc":{"start":{"line":10,"column":27},"end":{"line":14,"column":3}},"locations":[{"start":{"line":10,"column":27},"end":{"line":14,"column":3}}]},"6":{"type":"branch","line":10,"loc":{"start":{"line":10,"column":27},"end":{"line":12,"column":5}},"locations":[{"start":{"line":10,"column":27},"end":{"line":12,"column":5}}]},"7":{"type":"branch","line":12,"loc":{"start":{"line":12,"column":4},"end":{"line":14,"column":3}},"locations":[{"start":{"line":12,"column":4},"end":{"line":14,"column":3}}]},"8":{"type":"branch","line":14,"loc":{"start":{"line":14,"column":2},"end":{"line":23,"column":1}},"locations":[{"start":{"line":14,"column":2},"end":{"line":23,"column":1}}]},"9":{"type":"branch","line":14,"loc":{"start":{"line":14,"column":2},"end":{"line":19,"column":25}},"locations":[{"start":{"line":14,"column":2},"end":{"line":19,"column":25}}]},"10":{"type":"branch","line":19,"loc":{"start":{"line":19,"column":25},"end":{"line":23,"column":1}},"locations":[{"start":{"line":19,"column":25},"end":{"line":23,"column":1}}]}},"b":{"0":[15],"1":[14],"2":[2],"3":[13],"4":[11],"5":[10],"6":[3],"7":[8],"8":[5],"9":[2],"10":[1]},"fnMap":{"0":{"name":"evalDiff","decl":{"start":{"line":4,"column":7},"end":{"line":23,"column":1}},"loc":{"start":{"line":4,"column":7},"end":{"line":23,"column":1}},"line":4}},"f":{"0":15}}
,"/Users/USER/bin-me/catseye/packages/core/src/engine/predicates/ext.ts": {"path":"/Users/USER/bin-me/catseye/packages/core/src/engine/predicates/ext.ts","all":false,"statementMap":{"3":{"start":{"line":4,"column":0},"end":{"line":4,"column":83}},"4":{"start":{"line":5,"column":0},"end":{"line":5,"column":55}},"5":{"start":{"line":6,"column":0},"end":{"line":6,"column":56}},"6":{"start":{"line":7,"column":0},"end":{"line":7,"column":3}},"7":{"start":{"line":8,"column":0},"end":{"line":8,"column":13}},"8":{"start":{"line":9,"column":0},"end":{"line":9,"column":1}}},"s":{"3":1,"4":175,"5":127,"6":127,"7":48,"8":48},"branchMap":{"0":{"type":"branch","line":4,"loc":{"start":{"line":4,"column":7},"end":{"line":9,"column":1}},"locations":[{"start":{"line":4,"column":7},"end":{"line":9,"column":1}}]},"1":{"type":"branch","line":5,"loc":{"start":{"line":5,"column":54},"end":{"line":9,"column":1}},"locations":[{"start":{"line":5,"column":54},"end":{"line":9,"column":1}}]},"2":{"type":"branch","line":5,"loc":{"start":{"line":5,"column":54},"end":{"line":7,"column":3}},"locations":[{"start":{"line":5,"column":54},"end":{"line":7,"column":3}}]},"3":{"type":"branch","line":7,"loc":{"start":{"line":7,"column":2},"end":{"line":9,"column":1}},"locations":[{"start":{"line":7,"column":2},"end":{"line":9,"column":1}}]}},"b":{"0":[175],"1":[171],"2":[127],"3":[48]},"fnMap":{"0":{"name":"evalExt","decl":{"start":{"line":4,"column":7},"end":{"line":9,"column":1}},"loc":{"start":{"line":4,"column":7},"end":{"line":9,"column":1}},"line":4}},"f":{"0":175}}
,"/Users/USER/bin-me/catseye/packages/core/src/engine/predicates/file.ts": {"path":"/Users/USER/bin-me/catseye/packages/core/src/engine/predicates/file.ts","all":false,"statementMap":{"3":{"start":{"line":4,"column":0},"end":{"line":4,"column":89}},"4":{"start":{"line":5,"column":0},"end":{"line":5,"column":45}},"5":{"start":{"line":6,"column":0},"end":{"line":6,"column":36}},"6":{"start":{"line":7,"column":0},"end":{"line":7,"column":41}},"7":{"start":{"line":8,"column":0},"end":{"line":8,"column":45}},"8":{"start":{"line":9,"column":0},"end":{"line":9,"column":5}},"9":{"start":{"line":10,"column":0},"end":{"line":10,"column":3}},"10":{"start":{"line":11,"column":0},"end":{"line":11,"column":13}},"11":{"start":{"line":12,"column":0},"end":{"line":12,"column":1}}},"s":{"3":1,"4":12,"5":12,"6":13,"7":4,"8":4,"9":13,"10":8,"11":8},"branchMap":{"0":{"type":"branch","line":4,"loc":{"start":{"line":4,"column":7},"end":{"line":12,"column":1}},"locations":[{"start":{"line":4,"column":7},"end":{"line":12,"column":1}}]},"1":{"type":"branch","line":6,"loc":{"start":{"line":6,"column":35},"end":{"line":10,"column":3}},"locations":[{"start":{"line":6,"column":35},"end":{"line":10,"column":3}}]},"2":{"type":"branch","line":7,"loc":{"start":{"line":7,"column":40},"end":{"line":9,"column":5}},"locations":[{"start":{"line":7,"column":40},"end":{"line":9,"column":5}}]},"3":{"type":"branch","line":10,"loc":{"start":{"line":10,"column":2},"end":{"line":12,"column":1}},"locations":[{"start":{"line":10,"column":2},"end":{"line":12,"column":1}}]}},"b":{"0":[12],"1":[13],"2":[4],"3":[8]},"fnMap":{"0":{"name":"evalFile","decl":{"start":{"line":4,"column":7},"end":{"line":12,"column":1}},"loc":{"start":{"line":4,"column":7},"end":{"line":12,"column":1}},"line":4}},"f":{"0":12}}
,"/Users/USER/bin-me/catseye/packages/core/src/engine/predicates/glob.ts": {"path":"/Users/USER/bin-me/catseye/packages/core/src/engine/predicates/glob.ts","all":false,"statementMap":{"0":{"start":{"line":1,"column":0},"end":{"line":1,"column":37}},"4":{"start":{"line":5,"column":0},"end":{"line":5,"column":85}},"5":{"start":{"line":6,"column":0},"end":{"line":6,"column":73}},"6":{"start":{"line":7,"column":0},"end":{"line":7,"column":27}},"7":{"start":{"line":8,"column":0},"end":{"line":8,"column":57}},"8":{"start":{"line":9,"column":0},"end":{"line":9,"column":1}}},"s":{"0":1,"4":1,"5":13,"6":13,"7":8,"8":8},"branchMap":{"0":{"type":"branch","line":5,"loc":{"start":{"line":5,"column":7},"end":{"line":9,"column":1}},"locations":[{"start":{"line":5,"column":7},"end":{"line":9,"column":1}}]},"1":{"type":"branch","line":7,"loc":{"start":{"line":7,"column":16},"end":{"line":9,"column":1}},"locations":[{"start":{"line":7,"column":16},"end":{"line":9,"column":1}}]},"2":{"type":"branch","line":7,"loc":{"start":{"line":7,"column":16},"end":{"line":7,"column":27}},"locations":[{"start":{"line":7,"column":16},"end":{"line":7,"column":27}}]},"3":{"type":"branch","line":7,"loc":{"start":{"line":7,"column":23},"end":{"line":9,"column":1}},"locations":[{"start":{"line":7,"column":23},"end":{"line":9,"column":1}}]}},"b":{"0":[13],"1":[12],"2":[5],"3":[8]},"fnMap":{"0":{"name":"evalGlob","decl":{"start":{"line":5,"column":7},"end":{"line":9,"column":1}},"loc":{"start":{"line":5,"column":7},"end":{"line":9,"column":1}},"line":5}},"f":{"0":13}}
,"/Users/USER/bin-me/catseye/packages/core/src/engine/predicates/keyword.ts": {"path":"/Users/USER/bin-me/catseye/packages/core/src/engine/predicates/keyword.ts","all":false,"statementMap":{"3":{"start":{"line":4,"column":0},"end":{"line":4,"column":91}},"4":{"start":{"line":5,"column":0},"end":{"line":5,"column":51}},"5":{"start":{"line":6,"column":0},"end":{"line":6,"column":19}},"6":{"start":{"line":7,"column":0},"end":{"line":7,"column":33}},"7":{"start":{"line":8,"column":0},"end":{"line":8,"column":49}},"8":{"start":{"line":9,"column":0},"end":{"line":9,"column":20}},"9":{"start":{"line":10,"column":0},"end":{"line":10,"column":34}},"11":{"start":{"line":12,"column":0},"end":{"line":12,"column":34}},"12":{"start":{"line":13,"column":0},"end":{"line":13,"column":74}},"13":{"start":{"line":14,"column":0},"end":{"line":14,"column":3}},"14":{"start":{"line":15,"column":0},"end":{"line":15,"column":13}},"15":{"start":{"line":16,"column":0},"end":{"line":16,"column":1}}},"s":{"3":1,"4":144,"5":2,"6":142,"7":144,"8":2,"9":142,"11":144,"12":75,"13":75,"14":69,"15":69},"branchMap":{"0":{"type":"branch","line":4,"loc":{"start":{"line":4,"column":7},"end":{"line":16,"column":1}},"locations":[{"start":{"line":4,"column":7},"end":{"line":16,"column":1}}]},"1":{"type":"branch","line":5,"loc":{"start":{"line":5,"column":47},"end":{"line":6,"column":19}},"locations":[{"start":{"line":5,"column":47},"end":{"line":6,"column":19}}]},"2":{"type":"branch","line":6,"loc":{"start":{"line":6,"column":12},"end":{"line":7,"column":33}},"locations":[{"start":{"line":6,"column":12},"end":{"line":7,"column":33}}]},"3":{"type":"branch","line":8,"loc":{"start":{"line":8,"column":45},"end":{"line":9,"column":20}},"locations":[{"start":{"line":8,"column":45},"end":{"line":9,"column":20}}]},"4":{"type":"branch","line":9,"loc":{"start":{"line":9,"column":16},"end":{"line":10,"column":34}},"locations":[{"start":{"line":9,"column":16},"end":{"line":10,"column":34}}]},"5":{"type":"branch","line":12,"loc":{"start":{"line":12,"column":33},"end":{"line":16,"column":1}},"locations":[{"start":{"line":12,"column":33},"end":{"line":16,"column":1}}]},"6":{"type":"branch","line":12,"loc":{"start":{"line":12,"column":33},"end":{"line":14,"column":3}},"locations":[{"start":{"line":12,"column":33},"end":{"line":14,"column":3}}]},"7":{"type":"branch","line":14,"loc":{"start":{"line":14,"column":2},"end":{"line":16,"column":1}},"locations":[{"start":{"line":14,"column":2},"end":{"line":16,"column":1}}]}},"b":{"0":[144],"1":[2],"2":[142],"3":[2],"4":[142],"5":[142],"6":[75],"7":[69]},"fnMap":{"0":{"name":"evalKeyword","decl":{"start":{"line":4,"column":7},"end":{"line":16,"column":1}},"loc":{"start":{"line":4,"column":7},"end":{"line":16,"column":1}},"line":4}},"f":{"0":144}}
,"/Users/USER/bin-me/catseye/packages/core/src/engine/predicates/tag.ts": {"path":"/Users/USER/bin-me/catseye/packages/core/src/engine/predicates/tag.ts","all":false,"statementMap":{"3":{"start":{"line":4,"column":0},"end":{"line":4,"column":27}},"5":{"start":{"line":6,"column":0},"end":{"line":6,"column":83}},"6":{"start":{"line":7,"column":0},"end":{"line":7,"column":18}},"7":{"start":{"line":8,"column":0},"end":{"line":8,"column":30}},"8":{"start":{"line":9,"column":0},"end":{"line":9,"column":71}},"9":{"start":{"line":10,"column":0},"end":{"line":10,"column":21}},"11":{"start":{"line":12,"column":0},"end":{"line":12,"column":41}},"12":{"start":{"line":13,"column":0},"end":{"line":13,"column":54}},"13":{"start":{"line":14,"column":0},"end":{"line":14,"column":3}},"14":{"start":{"line":15,"column":0},"end":{"line":15,"column":13}},"15":{"start":{"line":16,"column":0},"end":{"line":16,"column":1}}},"s":{"3":1,"5":1,"6":12,"7":12,"8":5,"9":7,"11":12,"12":5,"13":5,"14":7,"15":7},"branchMap":{"0":{"type":"branch","line":6,"loc":{"start":{"line":6,"column":7},"end":{"line":16,"column":1}},"locations":[{"start":{"line":6,"column":7},"end":{"line":16,"column":1}}]},"1":{"type":"branch","line":8,"loc":{"start":{"line":8,"column":24},"end":{"line":9,"column":71}},"locations":[{"start":{"line":8,"column":24},"end":{"line":9,"column":71}}]},"2":{"type":"branch","line":9,"loc":{"start":{"line":9,"column":70},"end":{"line":10,"column":21}},"locations":[{"start":{"line":9,"column":70},"end":{"line":10,"column":21}}]},"3":{"type":"branch","line":12,"loc":{"start":{"line":12,"column":40},"end":{"line":16,"column":1}},"locations":[{"start":{"line":12,"column":40},"end":{"line":16,"column":1}}]},"4":{"type":"branch","line":12,"loc":{"start":{"line":12,"column":40},"end":{"line":14,"column":3}},"locations":[{"start":{"line":12,"column":40},"end":{"line":14,"column":3}}]},"5":{"type":"branch","line":14,"loc":{"start":{"line":14,"column":2},"end":{"line":16,"column":1}},"locations":[{"start":{"line":14,"column":2},"end":{"line":16,"column":1}}]}},"b":{"0":[12],"1":[5],"2":[7],"3":[9],"4":[5],"5":[7]},"fnMap":{"0":{"name":"evalTag","decl":{"start":{"line":6,"column":7},"end":{"line":16,"column":1}},"loc":{"start":{"line":6,"column":7},"end":{"line":16,"column":1}},"line":6}},"f":{"0":12}}
,"/Users/USER/bin-me/catseye/packages/core/src/engine/predicates/tagged-section.ts": {"path":"/Users/USER/bin-me/catseye/packages/core/src/engine/predicates/tagged-section.ts","all":false,"statementMap":{"9":{"start":{"line":10,"column":0},"end":{"line":10,"column":34}},"10":{"start":{"line":11,"column":0},"end":{"line":11,"column":36}},"11":{"start":{"line":12,"column":0},"end":{"line":12,"column":19}},"12":{"start":{"line":13,"column":0},"end":{"line":13,"column":24}},"13":{"start":{"line":14,"column":0},"end":{"line":14,"column":35}},"14":{"start":{"line":15,"column":0},"end":{"line":15,"column":98}},"15":{"start":{"line":16,"column":0},"end":{"line":16,"column":41}},"16":{"start":{"line":17,"column":0},"end":{"line":17,"column":35}},"18":{"start":{"line":19,"column":0},"end":{"line":19,"column":37}},"20":{"start":{"line":21,"column":0},"end":{"line":21,"column":42}},"21":{"start":{"line":22,"column":0},"end":{"line":22,"column":26}},"22":{"start":{"line":23,"column":0},"end":{"line":23,"column":29}},"23":{"start":{"line":24,"column":0},"end":{"line":24,"column":35}},"24":{"start":{"line":25,"column":0},"end":{"line":25,"column":38}},"25":{"start":{"line":26,"column":0},"end":{"line":26,"column":7}},"26":{"start":{"line":27,"column":0},"end":{"line":27,"column":12}},"27":{"start":{"line":28,"column":0},"end":{"line":28,"column":36}},"28":{"start":{"line":29,"column":0},"end":{"line":29,"column":29}},"29":{"start":{"line":30,"column":0},"end":{"line":30,"column":60}},"30":{"start":{"line":31,"column":0},"end":{"line":31,"column":23}},"31":{"start":{"line":32,"column":0},"end":{"line":32,"column":27}},"32":{"start":{"line":33,"column":0},"end":{"line":33,"column":20}},"33":{"start":{"line":34,"column":0},"end":{"line":34,"column":18}},"34":{"start":{"line":35,"column":0},"end":{"line":35,"column":23}},"35":{"start":{"line":36,"column":0},"end":{"line":36,"column":70}},"36":{"start":{"line":37,"column":0},"end":{"line":37,"column":18}},"37":{"start":{"line":38,"column":0},"end":{"line":38,"column":10}},"38":{"start":{"line":39,"column":0},"end":{"line":39,"column":24}},"39":{"start":{"line":40,"column":0},"end":{"line":40,"column":7}},"40":{"start":{"line":41,"column":0},"end":{"line":41,"column":5}},"41":{"start":{"line":42,"column":0},"end":{"line":42,"column":3}},"43":{"start":{"line":44,"column":0},"end":{"line":44,"column":82}},"44":{"start":{"line":45,"column":0},"end":{"line":45,"column":10}},"45":{"start":{"line":46,"column":0},"end":{"line":46,"column":18}},"46":{"start":{"line":47,"column":0},"end":{"line":47,"column":13}},"47":{"start":{"line":48,"column":0},"end":{"line":48,"column":61}},"48":{"start":{"line":49,"column":0},"end":{"line":49,"column":3}},"49":{"start":{"line":50,"column":0},"end":{"line":50,"column":1}}},"s":{"9":1,"10":12,"11":12,"12":12,"13":12,"14":12,"15":12,"16":12,"18":12,"20":12,"21":111,"22":111,"23":55,"24":12,"25":12,"26":111,"27":56,"28":11,"29":11,"30":11,"31":11,"32":11,"33":11,"34":11,"35":11,"36":11,"37":11,"38":11,"39":11,"40":56,"41":111,"43":12,"44":9,"45":9,"46":9,"47":9,"48":9,"49":9},"branchMap":{"0":{"type":"branch","line":10,"loc":{"start":{"line":10,"column":7},"end":{"line":50,"column":1}},"locations":[{"start":{"line":10,"column":7},"end":{"line":50,"column":1}}]},"1":{"type":"branch","line":15,"loc":{"start":{"line":15,"column":29},"end":{"line":15,"column":98}},"locations":[{"start":{"line":15,"column":29},"end":{"line":15,"column":98}}]},"2":{"type":"branch","line":21,"loc":{"start":{"line":21,"column":41},"end":{"line":42,"column":3}},"locations":[{"start":{"line":21,"column":41},"end":{"line":42,"column":3}}]},"3":{"type":"branch","line":23,"loc":{"start":{"line":23,"column":28},"end":{"line":27,"column":11}},"locations":[{"start":{"line":23,"column":28},"end":{"line":27,"column":11}}]},"4":{"type":"branch","line":24,"loc":{"start":{"line":24,"column":34},"end":{"line":26,"column":7}},"locations":[{"start":{"line":24,"column":34},"end":{"line":26,"column":7}}]},"5":{"type":"branch","line":27,"loc":{"start":{"line":27,"column":4},"end":{"line":41,"column":5}},"locations":[{"start":{"line":27,"column":4},"end":{"line":41,"column":5}}]},"6":{"type":"branch","line":28,"loc":{"start":{"line":28,"column":35},"end":{"line":40,"column":7}},"locations":[{"start":{"line":28,"column":35},"end":{"line":40,"column":7}}]},"7":{"type":"branch","line":44,"loc":{"start":{"line":44,"column":29},"end":{"line":44,"column":82}},"locations":[{"start":{"line":44,"column":29},"end":{"line":44,"column":82}}]},"8":{"type":"branch","line":44,"loc":{"start":{"line":44,"column":81},"end":{"line":50,"column":1}},"locations":[{"start":{"line":44,"column":81},"end":{"line":50,"column":1}}]}},"b":{"0":[12],"1":[3],"2":[111],"3":[55],"4":[12],"5":[56],"6":[11],"7":[3],"8":[9]},"fnMap":{"0":{"name":"evalTaggedSection","decl":{"start":{"line":10,"column":7},"end":{"line":50,"column":1}},"loc":{"start":{"line":10,"column":7},"end":{"line":50,"column":1}},"line":10}},"f":{"0":12}}
,"/Users/USER/bin-me/catseye/packages/core/src/facts/collect.ts": {"path":"/Users/USER/bin-me/catseye/packages/core/src/facts/collect.ts","all":false,"statementMap":{"0":{"start":{"line":1,"column":0},"end":{"line":1,"column":49}},"9":{"start":{"line":10,"column":0},"end":{"line":10,"column":35}},"10":{"start":{"line":11,"column":0},"end":{"line":11,"column":18}},"11":{"start":{"line":12,"column":0},"end":{"line":12,"column":19}},"12":{"start":{"line":13,"column":0},"end":{"line":13,"column":25}},"13":{"start":{"line":14,"column":0},"end":{"line":14,"column":36}},"14":{"start":{"line":15,"column":0},"end":{"line":15,"column":50}},"15":{"start":{"line":16,"column":0},"end":{"line":16,"column":3}},"16":{"start":{"line":17,"column":0},"end":{"line":17,"column":58}},"17":{"start":{"line":18,"column":0},"end":{"line":18,"column":1}},"19":{"start":{"line":20,"column":0},"end":{"line":20,"column":32}},"20":{"start":{"line":21,"column":0},"end":{"line":21,"column":23}},"21":{"start":{"line":22,"column":0},"end":{"line":22,"column":19}},"22":{"start":{"line":23,"column":0},"end":{"line":23,"column":30}},"23":{"start":{"line":24,"column":0},"end":{"line":24,"column":56}},"24":{"start":{"line":25,"column":0},"end":{"line":25,"column":59}},"26":{"start":{"line":27,"column":0},"end":{"line":27,"column":21}},"27":{"start":{"line":28,"column":0},"end":{"line":28,"column":17}},"28":{"start":{"line":29,"column":0},"end":{"line":29,"column":7}},"29":{"start":{"line":30,"column":0},"end":{"line":30,"column":47}},"30":{"start":{"line":31,"column":0},"end":{"line":31,"column":37}},"31":{"start":{"line":32,"column":0},"end":{"line":32,"column":25}},"32":{"start":{"line":33,"column":0},"end":{"line":33,"column":6}},"33":{"start":{"line":34,"column":0},"end":{"line":34,"column":11}},"34":{"start":{"line":35,"column":0},"end":{"line":35,"column":15}},"35":{"start":{"line":36,"column":0},"end":{"line":36,"column":3}},"37":{"start":{"line":38,"column":0},"end":{"line":38,"column":46}},"39":{"start":{"line":40,"column":0},"end":{"line":40,"column":10}},"40":{"start":{"line":41,"column":0},"end":{"line":41,"column":23}},"41":{"start":{"line":42,"column":0},"end":{"line":42,"column":12}},"42":{"start":{"line":43,"column":0},"end":{"line":43,"column":14}},"43":{"start":{"line":44,"column":0},"end":{"line":44,"column":19}},"44":{"start":{"line":45,"column":0},"end":{"line":45,"column":10}},"45":{"start":{"line":46,"column":0},"end":{"line":46,"column":3}},"46":{"start":{"line":47,"column":0},"end":{"line":47,"column":1}}},"s":{"0":1,"9":53,"10":53,"11":53,"12":53,"13":53,"14":53,"15":53,"16":53,"17":53,"19":264,"20":264,"21":264,"22":264,"23":264,"24":264,"26":264,"27":264,"28":264,"29":264,"30":264,"31":264,"32":264,"33":264,"34":1,"35":1,"37":263,"39":263,"40":263,"41":263,"42":263,"43":263,"44":263,"45":263,"46":263},"branchMap":{"0":{"type":"branch","line":10,"loc":{"start":{"line":10,"column":0},"end":{"line":18,"column":1}},"locations":[{"start":{"line":10,"column":0},"end":{"line":18,"column":1}}]},"1":{"type":"branch","line":15,"loc":{"start":{"line":15,"column":14},"end":{"line":15,"column":48}},"locations":[{"start":{"line":15,"column":14},"end":{"line":15,"column":48}}]},"2":{"type":"branch","line":17,"loc":{"start":{"line":17,"column":24},"end":{"line":17,"column":57}},"locations":[{"start":{"line":17,"column":24},"end":{"line":17,"column":57}}]},"3":{"type":"branch","line":20,"loc":{"start":{"line":20,"column":0},"end":{"line":47,"column":1}},"locations":[{"start":{"line":20,"column":0},"end":{"line":47,"column":1}}]},"4":{"type":"branch","line":33,"loc":{"start":{"line":33,"column":5},"end":{"line":34,"column":10}},"locations":[{"start":{"line":33,"column":5},"end":{"line":34,"column":10}}]},"5":{"type":"branch","line":34,"loc":{"start":{"line":34,"column":2},"end":{"line":36,"column":3}},"locations":[{"start":{"line":34,"column":2},"end":{"line":36,"column":3}}]},"6":{"type":"branch","line":36,"loc":{"start":{"line":36,"column":2},"end":{"line":47,"column":1}},"locations":[{"start":{"line":36,"column":2},"end":{"line":47,"column":1}}]}},"b":{"0":[53],"1":[264],"2":[264],"3":[264],"4":[263],"5":[1],"6":[263]},"fnMap":{"0":{"name":"collectFacts","decl":{"start":{"line":10,"column":0},"end":{"line":18,"column":1}},"loc":{"start":{"line":10,"column":0},"end":{"line":18,"column":1}},"line":10},"1":{"name":"collectFileFacts","decl":{"start":{"line":20,"column":0},"end":{"line":47,"column":1}},"loc":{"start":{"line":20,"column":0},"end":{"line":47,"column":1}},"line":20}},"f":{"0":53,"1":264}}
,"/Users/USER/bin-me/catseye/packages/core/src/facts/git.ts": {"path":"/Users/USER/bin-me/catseye/packages/core/src/facts/git.ts","all":false,"statementMap":{"0":{"start":{"line":1,"column":0},"end":{"line":1,"column":38}},"8":{"start":{"line":9,"column":0},"end":{"line":9,"column":38}},"9":{"start":{"line":10,"column":0},"end":{"line":10,"column":19}},"10":{"start":{"line":11,"column":0},"end":{"line":11,"column":27}},"11":{"start":{"line":12,"column":0},"end":{"line":12,"column":35}},"12":{"start":{"line":13,"column":0},"end":{"line":13,"column":44}},"14":{"start":{"line":15,"column":0},"end":{"line":15,"column":9}},"15":{"start":{"line":16,"column":0},"end":{"line":16,"column":7}},"16":{"start":{"line":17,"column":0},"end":{"line":17,"column":29}},"17":{"start":{"line":18,"column":0},"end":{"line":18,"column":42}},"18":{"start":{"line":19,"column":0},"end":{"line":19,"column":30}},"19":{"start":{"line":20,"column":0},"end":{"line":20,"column":11}},"20":{"start":{"line":21,"column":0},"end":{"line":21,"column":17}},"21":{"start":{"line":22,"column":0},"end":{"line":22,"column":3}},"24":{"start":{"line":25,"column":0},"end":{"line":25,"column":37}},"25":{"start":{"line":26,"column":0},"end":{"line":26,"column":47}},"26":{"start":{"line":27,"column":0},"end":{"line":27,"column":7}},"27":{"start":{"line":28,"column":0},"end":{"line":28,"column":68}},"28":{"start":{"line":29,"column":0},"end":{"line":29,"column":58}},"29":{"start":{"line":30,"column":0},"end":{"line":30,"column":70}},"30":{"start":{"line":31,"column":0},"end":{"line":31,"column":22}},"31":{"start":{"line":32,"column":0},"end":{"line":32,"column":5}},"32":{"start":{"line":33,"column":0},"end":{"line":33,"column":72}},"33":{"start":{"line":34,"column":0},"end":{"line":34,"column":22}},"34":{"start":{"line":35,"column":0},"end":{"line":35,"column":5}},"37":{"start":{"line":38,"column":0},"end":{"line":38,"column":32}},"38":{"start":{"line":39,"column":0},"end":{"line":39,"column":11}},"39":{"start":{"line":40,"column":0},"end":{"line":40,"column":41}},"40":{"start":{"line":41,"column":0},"end":{"line":41,"column":44}},"41":{"start":{"line":42,"column":0},"end":{"line":42,"column":15}},"43":{"start":{"line":44,"column":0},"end":{"line":44,"column":7}},"44":{"start":{"line":45,"column":0},"end":{"line":45,"column":5}},"45":{"start":{"line":46,"column":0},"end":{"line":46,"column":11}},"47":{"start":{"line":48,"column":0},"end":{"line":48,"column":3}},"50":{"start":{"line":51,"column":0},"end":{"line":51,"column":33}},"51":{"start":{"line":52,"column":0},"end":{"line":52,"column":9}},"52":{"start":{"line":53,"column":0},"end":{"line":53,"column":64}},"53":{"start":{"line":54,"column":0},"end":{"line":54,"column":31}},"54":{"start":{"line":55,"column":0},"end":{"line":55,"column":27}},"56":{"start":{"line":57,"column":0},"end":{"line":57,"column":45}},"57":{"start":{"line":58,"column":0},"end":{"line":58,"column":28}},"58":{"start":{"line":59,"column":0},"end":{"line":59,"column":39}},"59":{"start":{"line":60,"column":0},"end":{"line":60,"column":45}},"60":{"start":{"line":61,"column":0},"end":{"line":61,"column":46}},"61":{"start":{"line":62,"column":0},"end":{"line":62,"column":42}},"62":{"start":{"line":63,"column":0},"end":{"line":63,"column":47}},"63":{"start":{"line":64,"column":0},"end":{"line":64,"column":61}},"64":{"start":{"line":65,"column":0},"end":{"line":65,"column":8}},"65":{"start":{"line":66,"column":0},"end":{"line":66,"column":13}},"67":{"start":{"line":68,"column":0},"end":{"line":68,"column":5}},"68":{"start":{"line":69,"column":0},"end":{"line":69,"column":3}},"70":{"start":{"line":71,"column":0},"end":{"line":71,"column":15}},"71":{"start":{"line":72,"column":0},"end":{"line":72,"column":1}}},"s":{"0":1,"8":11,"9":11,"10":11,"11":11,"12":11,"14":11,"15":11,"16":11,"17":11,"18":11,"19":11,"20":1,"21":1,"24":7,"25":7,"26":7,"27":7,"28":7,"29":9,"30":3,"31":3,"32":7,"33":178,"34":178,"37":9,"38":181,"39":181,"40":7,"41":181,"43":174,"44":181,"45":11,"47":0,"50":9,"51":20,"52":20,"53":20,"54":20,"56":19,"57":19,"58":19,"59":19,"60":19,"61":19,"62":19,"63":20,"64":20,"65":20,"67":0,"68":20,"70":7,"71":7},"branchMap":{"0":{"type":"branch","line":9,"loc":{"start":{"line":9,"column":0},"end":{"line":72,"column":1}},"locations":[{"start":{"line":9,"column":0},"end":{"line":72,"column":1}}]},"1":{"type":"branch","line":18,"loc":{"start":{"line":18,"column":41},"end":{"line":19,"column":24}},"locations":[{"start":{"line":18,"column":41},"end":{"line":19,"column":24}}]},"2":{"type":"branch","line":19,"loc":{"start":{"line":19,"column":17},"end":{"line":19,"column":30}},"locations":[{"start":{"line":19,"column":17},"end":{"line":19,"column":30}}]},"3":{"type":"branch","line":20,"loc":{"start":{"line":20,"column":2},"end":{"line":22,"column":3}},"locations":[{"start":{"line":20,"column":2},"end":{"line":22,"column":3}}]},"4":{"type":"branch","line":22,"loc":{"start":{"line":22,"column":2},"end":{"line":46,"column":10}},"locations":[{"start":{"line":22,"column":2},"end":{"line":46,"column":10}}]},"5":{"type":"branch","line":22,"loc":{"start":{"line":22,"column":2},"end":{"line":30,"column":69}},"locations":[{"start":{"line":22,"column":2},"end":{"line":30,"column":69}}]},"6":{"type":"branch","line":30,"loc":{"start":{"line":30,"column":69},"end":{"line":32,"column":5}},"locations":[{"start":{"line":30,"column":69},"end":{"line":32,"column":5}}]},"7":{"type":"branch","line":32,"loc":{"start":{"line":32,"column":4},"end":{"line":38,"column":31}},"locations":[{"start":{"line":32,"column":4},"end":{"line":38,"column":31}}]},"8":{"type":"branch","line":33,"loc":{"start":{"line":33,"column":71},"end":{"line":35,"column":5}},"locations":[{"start":{"line":33,"column":71},"end":{"line":35,"column":5}}]},"9":{"type":"branch","line":38,"loc":{"start":{"line":38,"column":31},"end":{"line":45,"column":5}},"locations":[{"start":{"line":38,"column":31},"end":{"line":45,"column":5}}]},"10":{"type":"branch","line":40,"loc":{"start":{"line":40,"column":40},"end":{"line":41,"column":44}},"locations":[{"start":{"line":40,"column":40},"end":{"line":41,"column":44}}]},"11":{"type":"branch","line":41,"loc":{"start":{"line":41,"column":19},"end":{"line":41,"column":44}},"locations":[{"start":{"line":41,"column":19},"end":{"line":41,"column":44}}]},"12":{"type":"branch","line":42,"loc":{"start":{"line":42,"column":6},"end":{"line":44,"column":7}},"locations":[{"start":{"line":42,"column":6},"end":{"line":44,"column":7}}]},"13":{"type":"branch","line":45,"loc":{"start":{"line":45,"column":4},"end":{"line":46,"column":10}},"locations":[{"start":{"line":45,"column":4},"end":{"line":46,"column":10}}]},"14":{"type":"branch","line":46,"loc":{"start":{"line":46,"column":2},"end":{"line":48,"column":3}},"locations":[{"start":{"line":46,"column":2},"end":{"line":48,"column":3}}]},"15":{"type":"branch","line":48,"loc":{"start":{"line":48,"column":2},"end":{"line":72,"column":1}},"locations":[{"start":{"line":48,"column":2},"end":{"line":72,"column":1}}]},"16":{"type":"branch","line":48,"loc":{"start":{"line":48,"column":2},"end":{"line":51,"column":32}},"locations":[{"start":{"line":48,"column":2},"end":{"line":51,"column":32}}]},"17":{"type":"branch","line":51,"loc":{"start":{"line":51,"column":32},"end":{"line":69,"column":3}},"locations":[{"start":{"line":51,"column":32},"end":{"line":69,"column":3}}]},"18":{"type":"branch","line":55,"loc":{"start":{"line":55,"column":19},"end":{"line":55,"column":27}},"locations":[{"start":{"line":55,"column":19},"end":{"line":55,"column":27}}]},"19":{"type":"branch","line":55,"loc":{"start":{"line":55,"column":19},"end":{"line":64,"column":34}},"locations":[{"start":{"line":55,"column":19},"end":{"line":64,"column":34}}]},"20":{"type":"branch","line":64,"loc":{"start":{"line":64,"column":22},"end":{"line":64,"column":57}},"locations":[{"start":{"line":64,"column":22},"end":{"line":64,"column":57}}]},"21":{"type":"branch","line":64,"loc":{"start":{"line":64,"column":53},"end":{"line":64,"column":61}},"locations":[{"start":{"line":64,"column":53},"end":{"line":64,"column":61}}]},"22":{"type":"branch","line":66,"loc":{"start":{"line":66,"column":4},"end":{"line":68,"column":5}},"locations":[{"start":{"line":66,"column":4},"end":{"line":68,"column":5}}]},"23":{"type":"branch","line":69,"loc":{"start":{"line":69,"column":2},"end":{"line":72,"column":1}},"locations":[{"start":{"line":69,"column":2},"end":{"line":72,"column":1}}]}},"b":{"0":[11],"1":[10],"2":[3],"3":[1],"4":[9],"5":[7],"6":[3],"7":[7],"8":[178],"9":[181],"10":[7],"11":[4],"12":[174],"13":[7],"14":[0],"15":[9],"16":[7],"17":[20],"18":[1],"19":[19],"20":[4],"21":[15],"22":[0],"23":[7]},"fnMap":{"0":{"name":"collectGitFacts","decl":{"start":{"line":9,"column":0},"end":{"line":72,"column":1}},"loc":{"start":{"line":9,"column":0},"end":{"line":72,"column":1}},"line":9}},"f":{"0":11}}
,"/Users/USER/bin-me/catseye/packages/core/src/lenses/format.ts": {"path":"/Users/USER/bin-me/catseye/packages/core/src/lenses/format.ts","all":false,"statementMap":{"12":{"start":{"line":13,"column":0},"end":{"line":13,"column":51}},"13":{"start":{"line":14,"column":0},"end":{"line":14,"column":31}},"14":{"start":{"line":15,"column":0},"end":{"line":15,"column":52}},"15":{"start":{"line":16,"column":0},"end":{"line":16,"column":20}},"16":{"start":{"line":17,"column":0},"end":{"line":17,"column":81}},"17":{"start":{"line":18,"column":0},"end":{"line":18,"column":44}},"18":{"start":{"line":19,"column":0},"end":{"line":19,"column":44}},"19":{"start":{"line":20,"column":0},"end":{"line":20,"column":22}},"20":{"start":{"line":21,"column":0},"end":{"line":21,"column":3}},"21":{"start":{"line":22,"column":0},"end":{"line":22,"column":37}},"22":{"start":{"line":23,"column":0},"end":{"line":23,"column":1}},"24":{"start":{"line":25,"column":0},"end":{"line":25,"column":53}},"25":{"start":{"line":26,"column":0},"end":{"line":26,"column":19}},"26":{"start":{"line":27,"column":0},"end":{"line":27,"column":7}},"27":{"start":{"line":28,"column":0},"end":{"line":28,"column":27}},"28":{"start":{"line":29,"column":0},"end":{"line":29,"column":11}},"29":{"start":{"line":30,"column":0},"end":{"line":30,"column":48}},"30":{"start":{"line":31,"column":0},"end":{"line":31,"column":3}},"32":{"start":{"line":33,"column":0},"end":{"line":33,"column":50}},"33":{"start":{"line":34,"column":0},"end":{"line":34,"column":54}},"34":{"start":{"line":35,"column":0},"end":{"line":35,"column":3}},"36":{"start":{"line":37,"column":0},"end":{"line":37,"column":43}},"38":{"start":{"line":39,"column":0},"end":{"line":39,"column":80}},"39":{"start":{"line":40,"column":0},"end":{"line":40,"column":90}},"40":{"start":{"line":41,"column":0},"end":{"line":41,"column":90}},"41":{"start":{"line":42,"column":0},"end":{"line":42,"column":105}},"43":{"start":{"line":44,"column":0},"end":{"line":44,"column":10}},"44":{"start":{"line":45,"column":0},"end":{"line":45,"column":20}},"45":{"start":{"line":46,"column":0},"end":{"line":46,"column":87}},"46":{"start":{"line":47,"column":0},"end":{"line":47,"column":40}},"47":{"start":{"line":48,"column":0},"end":{"line":48,"column":40}},"48":{"start":{"line":49,"column":0},"end":{"line":49,"column":31}},"49":{"start":{"line":50,"column":0},"end":{"line":50,"column":3}},"50":{"start":{"line":51,"column":0},"end":{"line":51,"column":1}}},"s":{"12":1,"13":38,"14":38,"15":38,"16":38,"17":38,"18":38,"19":38,"20":38,"21":38,"22":38,"24":1,"25":37,"26":37,"27":37,"28":37,"29":2,"30":2,"32":37,"33":2,"34":2,"36":33,"38":37,"39":37,"40":37,"41":37,"43":29,"44":29,"45":37,"46":37,"47":37,"48":37,"49":37,"50":37},"branchMap":{"0":{"type":"branch","line":13,"loc":{"start":{"line":13,"column":7},"end":{"line":23,"column":1}},"locations":[{"start":{"line":13,"column":7},"end":{"line":23,"column":1}}]},"1":{"type":"branch","line":17,"loc":{"start":{"line":17,"column":29},"end":{"line":17,"column":77}},"locations":[{"start":{"line":17,"column":29},"end":{"line":17,"column":77}}]},"2":{"type":"branch","line":17,"loc":{"start":{"line":17,"column":73},"end":{"line":17,"column":81}},"locations":[{"start":{"line":17,"column":73},"end":{"line":17,"column":81}}]},"3":{"type":"branch","line":25,"loc":{"start":{"line":25,"column":7},"end":{"line":51,"column":1}},"locations":[{"start":{"line":25,"column":7},"end":{"line":51,"column":1}}]},"4":{"type":"branch","line":29,"loc":{"start":{"line":29,"column":2},"end":{"line":31,"column":3}},"locations":[{"start":{"line":29,"column":2},"end":{"line":31,"column":3}}]},"5":{"type":"branch","line":31,"loc":{"start":{"line":31,"column":2},"end":{"line":33,"column":49}},"locations":[{"start":{"line":31,"column":2},"end":{"line":33,"column":49}}]},"6":{"type":"branch","line":31,"loc":{"start":{"line":31,"column":2},"end":{"line":33,"column":34}},"locations":[{"start":{"line":31,"column":2},"end":{"line":33,"column":34}}]},"7":{"type":"branch","line":33,"loc":{"start":{"line":33,"column":22},"end":{"line":33,"column":49}},"locations":[{"start":{"line":33,"column":22},"end":{"line":33,"column":49}}]},"8":{"type":"branch","line":33,"loc":{"start":{"line":33,"column":49},"end":{"line":35,"column":3}},"locations":[{"start":{"line":33,"column":49},"end":{"line":35,"column":3}}]},"9":{"type":"branch","line":35,"loc":{"start":{"line":35,"column":2},"end":{"line":39,"column":43}},"locations":[{"start":{"line":35,"column":2},"end":{"line":39,"column":43}}]},"10":{"type":"branch","line":39,"loc":{"start":{"line":39,"column":37},"end":{"line":39,"column":80}},"locations":[{"start":{"line":39,"column":37},"end":{"line":39,"column":80}}]},"11":{"type":"branch","line":39,"loc":{"start":{"line":39,"column":79},"end":{"line":40,"column":48}},"locations":[{"start":{"line":39,"column":79},"end":{"line":40,"column":48}}]},"12":{"type":"branch","line":40,"loc":{"start":{"line":40,"column":42},"end":{"line":40,"column":90}},"locations":[{"start":{"line":40,"column":42},"end":{"line":40,"column":90}}]},"13":{"type":"branch","line":40,"loc":{"start":{"line":40,"column":89},"end":{"line":41,"column":48}},"locations":[{"start":{"line":40,"column":89},"end":{"line":41,"column":48}}]},"14":{"type":"branch","line":41,"loc":{"start":{"line":41,"column":42},"end":{"line":41,"column":90}},"locations":[{"start":{"line":41,"column":42},"end":{"line":41,"column":90}}]},"15":{"type":"branch","line":41,"loc":{"start":{"line":41,"column":89},"end":{"line":42,"column":61}},"locations":[{"start":{"line":41,"column":89},"end":{"line":42,"column":61}}]},"16":{"type":"branch","line":41,"loc":{"start":{"line":41,"column":89},"end":{"line":42,"column":40}},"locations":[{"start":{"line":41,"column":89},"end":{"line":42,"column":40
[...]
ne":107,"column":0},"end":{"line":107,"column":18}},"107":{"start":{"line":108,"column":0},"end":{"line":108,"column":5}},"108":{"start":{"line":109,"column":0},"end":{"line":109,"column":55}},"109":{"start":{"line":110,"column":0},"end":{"line":110,"column":22}},"110":{"start":{"line":111,"column":0},"end":{"line":111,"column":6}},"111":{"start":{"line":112,"column":0},"end":{"line":112,"column":17}},"112":{"start":{"line":113,"column":0},"end":{"line":113,"column":43}},"113":{"start":{"line":114,"column":0},"end":{"line":114,"column":32}},"114":{"start":{"line":115,"column":0},"end":{"line":115,"column":81}},"115":{"start":{"line":116,"column":0},"end":{"line":116,"column":7}},"116":{"start":{"line":117,"column":0},"end":{"line":117,"column":37}},"117":{"start":{"line":118,"column":0},"end":{"line":118,"column":59}},"118":{"start":{"line":119,"column":0},"end":{"line":119,"column":63}},"119":{"start":{"line":120,"column":0},"end":{"line":120,"column":44}},"120":{"start":{"line":121,"column":0},"end":{"line":121,"column":8}},"121":{"start":{"line":122,"column":0},"end":{"line":122,"column":77}},"122":{"start":{"line":123,"column":0},"end":{"line":123,"column":6}},"123":{"start":{"line":124,"column":0},"end":{"line":124,"column":3}},"126":{"start":{"line":127,"column":0},"end":{"line":127,"column":22}},"127":{"start":{"line":128,"column":0},"end":{"line":128,"column":15}},"128":{"start":{"line":129,"column":0},"end":{"line":129,"column":5}},"129":{"start":{"line":130,"column":0},"end":{"line":130,"column":75}},"130":{"start":{"line":131,"column":0},"end":{"line":131,"column":20}},"131":{"start":{"line":132,"column":0},"end":{"line":132,"column":47}},"132":{"start":{"line":133,"column":0},"end":{"line":133,"column":87}},"133":{"start":{"line":134,"column":0},"end":{"line":134,"column":8}},"134":{"start":{"line":135,"column":0},"end":{"line":135,"column":6}},"135":{"start":{"line":136,"column":0},"end":{"line":136,"column":40}},"136":{"start":{"line":137,"column":0},"end":{"line":137,"column":11}},"137":{"start":{"line":138,"column":0},"end":{"line":138,"column":47}},"138":{"start":{"line":139,"column":0},"end":{"line":139,"column":58}},"139":{"start":{"line":140,"column":0},"end":{"line":140,"column":77}},"140":{"start":{"line":141,"column":0},"end":{"line":141,"column":88}},"141":{"start":{"line":142,"column":0},"end":{"line":142,"column":21}},"142":{"start":{"line":143,"column":0},"end":{"line":143,"column":36}},"143":{"start":{"line":144,"column":0},"end":{"line":144,"column":7}},"144":{"start":{"line":145,"column":0},"end":{"line":145,"column":6}},"145":{"start":{"line":146,"column":0},"end":{"line":146,"column":3}},"148":{"start":{"line":149,"column":0},"end":{"line":149,"column":22}},"149":{"start":{"line":150,"column":0},"end":{"line":150,"column":19}},"150":{"start":{"line":151,"column":0},"end":{"line":151,"column":5}},"151":{"start":{"line":152,"column":0},"end":{"line":152,"column":97}},"152":{"start":{"line":153,"column":0},"end":{"line":153,"column":20}},"153":{"start":{"line":154,"column":0},"end":{"line":154,"column":47}},"154":{"start":{"line":155,"column":0},"end":{"line":155,"column":8}},"155":{"start":{"line":156,"column":0},"end":{"line":156,"column":6}},"156":{"start":{"line":157,"column":0},"end":{"line":157,"column":25}},"157":{"start":{"line":158,"column":0},"end":{"line":158,"column":11}},"158":{"start":{"line":159,"column":0},"end":{"line":159,"column":47}},"159":{"start":{"line":160,"column":0},"end":{"line":160,"column":58}},"160":{"start":{"line":161,"column":0},"end":{"line":161,"column":25}},"161":{"start":{"line":162,"column":0},"end":{"line":162,"column":103}},"162":{"start":{"line":163,"column":0},"end":{"line":163,"column":30}},"163":{"start":{"line":164,"column":0},"end":{"line":164,"column":9}},"164":{"start":{"line":165,"column":0},"end":{"line":165,"column":95}},"165":{"start":{"line":166,"column":0},"end":{"line":166,"column":21}},"166":{"start":{"line":167,"column":0},"end":{"line":167,"column":36}},"167":{"start":{"line":168,"column":0},"end":{"line":168,"column":7}},"168":{"start":{"line":169,"column":0},"end":{"line":169,"column":6}},"169":{"start":{"line":170,"column":0},"end":{"line":170,"column":3}},"172":{"start":{"line":173,"column":0},"end":{"line":173,"column":22}},"173":{"start":{"line":174,"column":0},"end":{"line":174,"column":23}},"174":{"start":{"line":175,"column":0},"end":{"line":175,"column":5}},"175":{"start":{"line":176,"column":0},"end":{"line":176,"column":77}},"176":{"start":{"line":177,"column":0},"end":{"line":177,"column":20}},"177":{"start":{"line":178,"column":0},"end":{"line":178,"column":71}},"178":{"start":{"line":179,"column":0},"end":{"line":179,"column":102}},"179":{"start":{"line":180,"column":0},"end":{"line":180,"column":8}},"180":{"start":{"line":181,"column":0},"end":{"line":181,"column":6}},"181":{"start":{"line":182,"column":0},"end":{"line":182,"column":39}},"182":{"start":{"line":183,"column":0},"end":{"line":183,"column":11}},"183":{"start":{"line":184,"column":0},"end":{"line":184,"column":63}},"184":{"start":{"line":185,"column":0},"end":{"line":185,"column":61}},"185":{"start":{"line":186,"column":0},"end":{"line":186,"column":88}},"186":{"start":{"line":187,"column":0},"end":{"line":187,"column":21}},"187":{"start":{"line":188,"column":0},"end":{"line":188,"column":106}},"188":{"start":{"line":189,"column":0},"end":{"line":189,"column":7}},"189":{"start":{"line":190,"column":0},"end":{"line":190,"column":6}},"190":{"start":{"line":191,"column":0},"end":{"line":191,"column":3}},"193":{"start":{"line":194,"column":0},"end":{"line":194,"column":22}},"194":{"start":{"line":195,"column":0},"end":{"line":195,"column":16}},"195":{"start":{"line":196,"column":0},"end":{"line":196,"column":5}},"196":{"start":{"line":197,"column":0},"end":{"line":197,"column":54}},"197":{"start":{"line":198,"column":0},"end":{"line":198,"column":20}},"198":{"start":{"line":199,"column":0},"end":{"line":199,"column":85}},"199":{"start":{"line":200,"column":0},"end":{"line":200,"column":61}},"200":{"start":{"line":201,"column":0},"end":{"line":201,"column":76}},"201":{"start":{"line":202,"column":0},"end":{"line":202,"column":8}},"202":{"start":{"line":203,"column":0},"end":{"line":203,"column":6}},"203":{"start":{"line":204,"column":0},"end":{"line":204,"column":43}},"204":{"start":{"line":205,"column":0},"end":{"line":205,"column":11}},"205":{"start":{"line":206,"column":0},"end":{"line":206,"column":32}},"206":{"start":{"line":207,"column":0},"end":{"line":207,"column":67}},"207":{"start":{"line":208,"column":0},"end":{"line":208,"column":90}},"208":{"start":{"line":209,"column":0},"end":{"line":209,"column":21}},"209":{"start":{"line":210,"column":0},"end":{"line":210,"column":96}},"210":{"start":{"line":211,"column":0},"end":{"line":211,"column":7}},"211":{"start":{"line":212,"column":0},"end":{"line":212,"column":6}},"212":{"start":{"line":213,"column":0},"end":{"line":213,"column":3}},"214":{"start":{"line":215,"column":0},"end":{"line":215,"column":15}},"215":{"start":{"line":216,"column":0},"end":{"line":216,"column":1}},"217":{"start":{"line":218,"column":0},"end":{"line":218,"column":68}},"218":{"start":{"line":219,"column":0},"end":{"line":219,"column":42}},"219":{"start":{"line":220,"column":0},"end":{"line":220,"column":46}},"220":{"start":{"line":221,"column":0},"end":{"line":221,"column":33}},"221":{"start":{"line":222,"column":0},"end":{"line":222,"column":1}},"225":{"start":{"line":226,"column":0},"end":{"line":226,"column":87}},"226":{"start":{"line":227,"column":0},"end":{"line":227,"column":16}},"227":{"start":{"line":228,"column":0},"end":{"line":228,"column":20}},"228":{"start":{"line":229,"column":0},"end":{"line":229,"column":39}},"229":{"start":{"line":230,"column":0},"end":{"line":230,"column":21}},"230":{"start":{"line":231,"column":0},"end":{"line":231,"column":35}},"231":{"start":{"line":232,"column":0},"end":{"line":232,"column":16}},"232":{"start":{"line":233,"column":0},"end":{"line":233,"column":31}},"233":{"start":{"line":234,"column":0},"end":{"line":234,"column":19}},"234":{"start":{"line":235,"column":0},"end":{"line":235,"column":38}},"235":{"start":{"line":236,"column":0},"end":{"line":236,"column":12}},"236":{"start":{"line":237,"column":0},"end":{"line":237,"column":39}},"237":{"start":{"line":238,"column":0},"end":{"line":238,"column":3}},"238":{"start":{"line":239,"column":0},"end":{"line":239,"column":1}},"240":{"start":{"line":241,"column":0},"end":{"line":241,"column":98}},"241":{"start":{"line":242,"column":0},"end":{"line":242,"column":79}},"242":{"start":{"line":243,"column":0},"end":{"line":243,"column":1}}},"s":{"0":1,"20":1,"21":3,"22":3,"23":3,"24":3,"25":3,"28":3,"29":3,"30":3,"31":3,"32":3,"33":3,"34":3,"35":3,"36":3,"37":4,"38":4,"39":4,"40":4,"41":2,"42":2,"43":4,"44":3,"47":3,"48":3,"49":3,"50":3,"51":3,"52":3,"53":3,"54":3,"55":3,"56":3,"57":3,"58":3,"59":3,"60":1,"61":1,"62":3,"63":3,"66":3,"67":3,"68":3,"69":3,"70":3,"71":3,"72":3,"73":3,"74":3,"75":3,"76":13,"78":13,"79":13,"80":13,"81":13,"82":3,"83":3,"84":1,"85":1,"86":2,"87":13,"88":1,"89":1,"90":13,"91":10,"92":10,"94":10,"95":13,"96":13,"97":13,"98":13,"99":2,"100":2,"101":13,"102":3,"105":3,"106":3,"107":3,"108":3,"109":3,"110":3,"111":3,"112":3,"113":3,"114":1,"115":1,"116":2,"117":2,"118":2,"119":2,"120":2,"121":2,"122":3,"123":3,"126":3,"127":3,"128":3,"129":3,"130":3,"131":3,"132":3,"133":3,"134":3,"135":3,"136":3,"137":3,"138":2,"139":3,"140":3,"141":3,"142":1,"143":1,"144":3,"145":3,"148":3,"149":3,"150":3,"151":3,"152":3,"153":3,"154":3,"155":3,"156":3,"157":2,"158":2,"159":1,"160":1,"161":1,"162":1,"163":1,"164":1,"165":1,"166":1,"167":1,"168":2,"169":3,"172":3,"173":3,"174":3,"175":3,"176":3,"177":3,"178":3,"179":3,"180":3,"181":3,"182":2,"183":2,"184":2,"185":2,"186":2,"187":1,"188":1,"189":2,"190":3,"193":3,"194":3,"195":3,"196":3,"197":3,"198":3,"199":3,"200":3,"201":3,"202":3,"203":3,"204":5,"205":5,"206":5,"207":4,"208":5,"209":1,"210":1,"211":5,"212":3,"214":3,"215":3,"217":1,"218":1,"219":1,"220":1,"221":1,"225":13,"226":13,"227":13,"228":3,"229":13,"230":3,"231":13,"232":6,"233":13,"234":1,"235":13,"236":0,"237":13,"238":13,"240":10,"241":10,"242":10},"branchMap":{"0":{"type":"branch","line":21,"loc":{"start":{"line":21,"column":7},"end":{"line":216,"column":1}},"locations":[{"start":{"line":21,"column":7},"end":{"line":216,"column":1}}]},"1":{"type":"branch","line":37,"loc":{"start":{"line":37,"column":4},"end":{"line":44,"column":6}},"locations":[{"start":{"line":37,"column":4},"end":{"line":44,"column":6}}]},"2":{"type":"branch","line":41,"loc":{"start":{"line":41,"column":6},"end":{"line":43,"column":7}},"locations":[{"start":{"line":41,"column":6},"end":{"line":43,"column":7}}]},"3":{"type":"branch","line":42,"loc":{"start":{"line":42,"column":79},"end":{"line":42,"column":95}},"locations":[{"start":{"line":42,"column":79},"end":{"line":42,"column":95}}]},"4":{"type":"branch","line":56,"loc":{"start":{"line":56,"column":4},"end":{"line":63,"column":6}},"locations":[{"start":{"line":56,"column":4},"end":{"line":63,"column":6}}]},"5":{"type":"branch","line":60,"loc":{"start":{"line":60,"column":6},"end":{"line":62,"column":7}},"locations":[{"start":{"line":60,"column":6},"end":{"line":62,"column":7}}]},"6":{"type":"branch","line":61,"loc":{"start":{"line":61,"column":79},"end":{"line":61,"column":95}},"locations":[{"start":{"line":61,"column":79},"end":{"line":61,"column":95}}]},"7":{"type":"branch","line":76,"loc":{"start":{"line":76,"column":4},"end":{"line":102,"column":6}},"locations":[{"start":{"line":76,"column":4},"end":{"line":102,"column":6}}]},"8":{"type":"branch","line":82,"loc":{"start":{"line":82,"column":32},"end":{"line":82,"column":63}},"locations":[{"start":{"line":82,"column":32},"end":{"line":82,"column":63}}]},"9":{"type":"branch","line":82,"loc":{"start":{"line":82,"column":55},"end":{"line":82,"column":86}},"locations":[{"start":{"line":82,"column":55},"end":{"line":82,"column":86}}]},"10":{"type":"branch","line":82,"loc":{"start":{"line":82,"column":86},"end":{"line":88,"column":17}},"locations":[{"start":{"line":82,"column":86},"end":{"line":88,"column":17}}]},"11":{"type":"branch","line":84,"loc":{"start":{"line":84,"column":27},"end":{"line":88,"column":17}},"locations":[{"start":{"line":84,"column":27},"end":{"line":88,"column":17}}]},"12":{"type":"branch","line":84,"loc":{"start":{"line":84,"column":27},"end":{"line":86,"column":13}},"locations":[{"start":{"line":84,"column":27},"end":{"line":86,"column":13}}]},"13":{"type":"branch","line":88,"loc":{"start":{"line":88,"column":10},"end":{"line":90,"column":11}},"locations":[{"start":{"line":88,"column":10},"end":{"line":90,"column":11}}]},"14":{"type":"branch","line":91,"loc":{"start":{"line":91,"column":8},"end":{"line":96,"column":38}},"locations":[{"start":{"line":91,"column":8},"end":{"line":96,"column":38}}]},"15":{"type":"branch","line":96,"loc":{"start":{"line":96,"column":21},"end":{"line":96,"column":77}},"locations":[{"start":{"line":96,"column":21},"end":{"line":96,"column":77}}]},"16":{"type":"branch","line":99,"loc":{"start":{"line":99,"column":6},"end":{"line":101,"column":7}},"locations":[{"start":{"line":99,"column":6},"end":{"line":101,"column":7}}]},"17":{"type":"branch","line":100,"loc":{"start":{"line":100,"column":79},"end":{"line":100,"column":95}},"locations":[{"start":{"line":100,"column":79},"end":{"line":100,"column":95}}]},"18":{"type":"branch","line":85,"loc":{"start":{"line":85,"column":66},"end":{"line":85,"column":80}},"locations":[{"start":{"line":85,"column":66},"end":{"line":85,"column":80}}]},"19":{"type":"branch","line":112,"loc":{"start":{"line":112,"column":4},"end":{"line":123,"column":6}},"locations":[{"start":{"line":112,"column":4},"end":{"line":123,"column":6}}]},"20":{"type":"branch","line":114,"loc":{"start":{"line":114,"column":31},"end":{"line":122,"column":77}},"locations":[{"start":{"line":114,"column":31},"end":{"line":122,"column":77}}]},"21":{"type":"branch","line":114,"loc":{"start":{"line":114,"column":31},"end":{"line":116,"column":7}},"locations":[{"start":{"line":114,"column":31},"end":{"line":116,"column":7}}]},"22":{"type":"branch","line":117,"loc":{"start":{"line":117,"column":31},"end":{"line":121,"column":7}},"locations":[{"start":{"line":117,"column":31},"end":{"line":121,"column":7}}]},"23":{"type":"branch","line":119,"loc":{"start":{"line":119,"column":23},"end":{"line":119,"column":61}},"locations":[{"start":{"line":119,"column":23},"end":{"line":119,"column":61}}]},"24":{"type":"branch","line":119,"loc":{"start":{"line":119,"column":56},"end":{"line":119,"column":63}},"locations":[{"start":{"line":119,"column":56},"end":{"line":119,"column":63}}]},"25":{"type":"branch","line":136,"loc":{"start":{"line":136,"column":4},"end":{"line":145,"column":6}},"locations":[{"start":{"line":136,"column":4},"end":{"line":145,"column":6}}]},"26":{"type":"branch","line":138,"loc":{"start":{"line":138,"column":46},"end":{"line":140,"column":38}},"locations":[{"start":{"line":138,"column":46},"end":{"line":140,"column":38}}]},"27":{"type":"branch","line":140,"loc":{"start":{"line":140,"column":21},"end":{"line":140,"column":77}},"locations":[{"start":{"line":140,"column":21},"end":{"line":140,"column":77}}]},"28":{"type":"branch","line":142,"loc":{"start":{"line":142,"column":6},"end":{"line":144,"column":7}},"locations":[{"start":{"line":142,"column":6},"end":{"line":144,"column":7}}]},"29":{"type":"branch","line":157,"loc":{"start":{"line":157,"column":4},"end":{"line":169,"column":6}},"locations":[{"start":{"line":157,"column":4},"end":{"line":169,"column":6}}]},"30":{"type":"branch","line":159,"loc":{"start":{"line":159,"column":46},"end":{"line":168,"column":7}},"locations":[{"start":{"line":159,"column":46},"end":{"line":168,"column":7}}]},"31":{"type":"branch","line":162,"loc":{"start":{"line":162,"column":34},"end":{"line":162,"column":101}},"locations":[{"start":{"line":162,"column":34},"end":{"line":162,"column":101}}]},"32":{"type":"branch","line":182,"loc":{"start":{"line":182,"column":4},"end":{"line":190,"column":6}},"locations":[{"start":{"line":182,"column":4},"end":{"line":190,"column":6}}]},"33":{"type":"branch","line":187,"loc":{"start":{"line":187,"column":6},"end":{"line":189,"column":7}},"locations":[{"start":{"line":187,"column":6},"end":{"line":189,"column":7}}]},"34":{"type":"branch","line":188,"loc":{"start":{"line":188,"column":82},"end":{"line":188,"column":103}},"locations":[{"start":{"line":188,"column":82},"end":{"line":188,"column":103}}]},"35":{"type":"branch","line":204,"loc":{"start":{"line":204,"column":4},"end":{"line":212,"column":6}},"locations":[{"start":{"line":204,"column":4},"end":{"line":212,"column":6}}]},"36":{"type":"branch","line":207,"loc":{"start":{"line":207,"column":66},"end":{"line":209,"column":15}},"locations":[{"start":{"line":207,"column":66},"end":{"line":209,"column":15}}]},"37":{"type":"branch","line":209,"loc":{"start":{"line":209,"column":6},"end":{"line":211,"column":7}},"locations":[{"start":{"line":209,"column":6},"end":{"line":211,"column":7}}]},"38":{"type":"branch","line":210,"loc":{"start":{"line":210,"column":79},"end":{"line":210,"column":95}},"locations":[{"start":{"line":210,"column":79},"end":{"line":210,"column":95}}]},"39":{"type":"branch","line":218,"loc":{"start":{"line":218,"column":0},"end":{"line":222,"column":1}},"locations":[{"start":{"line":218,"column":0},"end":{"line":222,"column":1}}]},"40":{"type":"branch","line":226,"loc":{"start":{"line":226,"column":0},"end":{"line":239,"column":1}},"locations":[{"start":{"line":226,"column":0},"end":{"line":239,"column":1}}]},"41":{"type":"branch","line":228,"loc":{"start":{"line":228,"column":4},"end":{"line":229,"column":39}},"locations":[{"start":{"line":228,"column":4},"end":{"line":229,"column":39}}]},"42":{"type":"branch","line":230,"loc":{"start":{"line":230,"column":4},"end":{"line":231,"column":35}},"locations":[{"start":{"line":230,"column":4},"end":{"line":231,"column":35}}]},"43":{"type":"branch","line":232,"loc":{"start":{"line":232,"column":4},"end":{"line":233,"column":31}},"locations":[{"start":{"line":232,"column":4},"end":{"line":233,"column":31}}]},"44":{"type":"branch","line":234,"loc":{"start":{"line":234,"column":4},"end":{"line":235,"column":38}},"locations":[{"start":{"line":234,"column":4},"end":{"line":235,"column":38}}]},"45":{"type":"branch","line":236,"loc":{"start":{"line":236,"column":4},"end":{"line":237,"column":39}},"locations":[{"start":{"line":236,"column":4},"end":{"line":237,"column":39}}]},"46":{"type":"branch","line":241,"loc":{"start":{"line":241,"column":0},"end":{"line":243,"column":1}},"locations":[{"start":{"line":241,"column":0},"end":{"line":243,"column":1}}]}},"b":{"0":[3],"1":[4],"2":[2],"3":[0],"4":[3],"5":[1],"6":[0],"7":[13],"8":[4],"9":[4],"10":[3],"11":[2],"12":[1],"13":[1],"14":[10],"15":[2],"16":[2],"17":[0],"18":[1],"19":[3],"20":[2],"21":[1],"22":[2],"23":[1],"24":[1],"25":[3],"26":[2],"27":[0],"28":[1],"29":[2],"30":[1],"31":[2],"32":[2],"33":[1],"34":[0],"35":[5],"36":[4],"37":[1],"38":[0],"39":[1],"40":[13],"41":[3],"42":[3],"43":[6],"44":[1],"45":[0],"46":[10]},"fnMap":{"0":{"name":"createMcpServer","decl":{"start":{"line":21,"column":7},"end":{"line":216,"column":1}},"loc":{"start":{"line":21,"column":7},"end":{"line":216,"column":1}},"line":21},"1":{"name":"startServer","decl":{"start":{"line":218,"column":0},"end":{"line":222,"column":1}},"loc":{"start":{"line":218,"column":0},"end":{"line":222,"column":1}},"line":218},"2":{"name":"renderResult","decl":{"start":{"line":226,"column":0},"end":{"line":239,"column":1}},"loc":{"start":{"line":226,"column":0},"end":{"line":239,"column":1}},"line":226},"3":{"name":"mcpError","decl":{"start":{"line":241,"column":0},"end":{"line":243,"column":1}},"loc":{"start":{"line":241,"column":0},"end":{"line":243,"column":1}},"line":241}},"f":{"0":3,"1":1,"2":13,"3":10}}
}
